0.0000	-0.307784	-0.135752	173.308395
0.0100	-0.304579	-0.138628	173.289978
0.0200	-0.301349	-0.136340	173.296844
0.0300	-0.289363	-0.147696	173.299088
0.0400	-0.289700	-0.151262	173.300903
0.0500	-0.286308	-0.154955	173.300964
0.0600	-0.277543	-0.153972	173.301224
0.0700	-0.281549	-0.153328	173.299820
0.0800	-0.280198	-0.156979	173.295624
0.0900	-0.278313	-0.155471	173.276367
0.1000	-0.280390	-0.155629	173.280106
0.1100	-0.274619	-0.152127	173.276810
0.1200	-0.272175	-0.154798	173.271530
0.1300	-0.274075	-0.152462	173.270050
0.1400	-0.273889	-0.153893	173.266190
0.1500	-0.270905	-0.157240	173.271591
0.1600	-0.269810	-0.155681	173.262833
0.1700	-0.275573	-0.155769	173.248550
0.1800	-0.272510	-0.156313	173.247482
0.1900	-0.277210	-0.151980	173.250381
0.2000	-0.273207	-0.148485	173.235855
0.2100	-0.274673	-0.148661	173.234039
0.2200	-0.273249	-0.145403	173.235352
0.2300	-0.269833	-0.150864	173.246689
0.2400	-0.265343	-0.150161	173.247849
0.2500	-0.268525	-0.147421	173.243423
0.2600	-0.265654	-0.145291	173.246552
0.2700	-0.265492	-0.143867	173.252319
0.2800	-0.267022	-0.140788	173.253540
0.2900	-0.275665	-0.138525	173.252823
0.3000	-0.273434	-0.142395	173.243439
0.3100	-0.277106	-0.143059	173.247650
0.3200	-0.277793	-0.144441	173.244354
0.3300	-0.271475	-0.146117	173.244278
0.3400	-0.271821	-0.146328	173.239426
0.3500	-0.276728	-0.142476	173.247986
0.3600	-0.274520	-0.150787	173.244080
0.3700	-0.281550	-0.157922	173.250549
0.3800	-0.289198	-0.150567	173.245621
0.3900	-0.286199	-0.155833	173.240616
0.4000	-0.286661	-0.159019	173.232178
0.4100	-0.287152	-0.147272	173.222504
0.4200	-0.289818	-0.148525	173.213760
0.4300	-0.287803	-0.153559	173.207367
0.4400	-0.291056	-0.144538	173.203827
0.4500	-0.296276	-0.141100	173.205215
0.4600	-0.293783	-0.148383	173.208054
0.4700	-0.291358	-0.147343	173.213669
0.4800	-0.285589	-0.153992	173.221100
0.4900	-0.293381	-0.146984	173.216858
0.5000	-0.296322	-0.151238	173.212967
0.5100	-0.306026	-0.161945	173.217545
0.5200	-0.293699	-0.165543	173.205612
0.5300	-0.292354	-0.164876	173.206253
0.5400	-0.296829	-0.169405	173.204987
0.5500	-0.290180	-0.174146	173.204575
0.5600	-0.292571	-0.174895	173.201218
0.5700	-0.293489	-0.170115	173.198654
0.5800	-0.297175	-0.171999	173.193787
0.5900	-0.300333	-0.180938	173.191345
0.6000	-0.297701	-0.184699	173.184906
0.6100	-0.303000	-0.180809	173.178513
0.6200	-0.303961	-0.172857	173.191727
0.6300	-0.309898	-0.175208	173.198502
0.6400	-0.316642	-0.173384	173.188843
0.6500	-0.315181	-0.172252	173.184372
0.6600	-0.314212	-0.180322	173.161575
0.6700	-0.308137	-0.187620	173.153336
0.6800	-0.306178	-0.190930	173.145569
0.6900	-0.307144	-0.182525	173.154434
0.7000	-0.314198	-0.187139	173.132782
0.7100	-0.328879	-0.188351	173.123535
0.7200	-0.333808	-0.191122	173.119766
0.7300	-0.337420	-0.188465	173.116623
0.7400	-0.332674	-0.196309	173.105362
0.7500	-0.331977	-0.198126	173.102295
0.7600	-0.334065	-0.195831	173.100311
0.7700	-0.328418	-0.190059	173.100998
0.7800	-0.328947	-0.179817	173.108871
0.7900	-0.320742	-0.182566	173.118591
0.8000	-0.316712	-0.177473	173.118896
0.8100	-0.315019	-0.177228	173.115891
0.8200	-0.313577	-0.175217	173.117172
0.8300	-0.310982	-0.173034	173.122604
0.8400	-0.303192	-0.172125	173.121796
0.8500	-0.293796	-0.170765	173.122498
0.8600	-0.291468	-0.168545	173.126251
0.8700	-0.288811	-0.172881	173.126480
0.8800	-0.292104	-0.178288	173.134079
0.8900	-0.290767	-0.185289	173.137634
0.9000	-0.284456	-0.185211	173.139252
0.9100	-0.283307	-0.189583	173.139450
0.9200	-0.277147	-0.192577	173.146637
0.9300	-0.271649	-0.180707	173.151154
0.9400	-0.272818	-0.173195	173.141266
0.9500	-0.280348	-0.177082	173.141006
0.9600	-0.283354	-0.178518	173.140671
0.9700	-0.285625	-0.178878	173.140121
0.9800	-0.282330	-0.181797	173.136887
0.9900	-0.279949	-0.174320	173.132141
1.0000	-0.280348	-0.180378	173.131348
1.0100	-0.281565	-0.183425	173.130905
1.0200	-0.274413	-0.184518	173.123642
1.0300	-0.269977	-0.183124	173.122009
1.0400	-0.263953	-0.186076	173.129242
1.0500	-0.263491	-0.187333	173.129410
1.0600	-0.266242	-0.186483	173.126755
1.0700	-0.261723	-0.183617	173.118408
1.0800	-0.266975	-0.177971	173.115570
1.0900	-0.269394	-0.174799	173.111816
1.1000	-0.271060	-0.176992	173.112335
1.1100	-0.266279	-0.177662	173.121964
1.1200	-0.266039	-0.176044	173.127182
1.1300	-0.264372	-0.172912	173.149628
1.1400	-0.266073	-0.176318	173.142090
1.1500	-0.261998	-0.178497	173.132126
1.1600	-0.265968	-0.177493	173.117752
1.1700	-0.273830	-0.182391	173.117233
1.1800	-0.280107	-0.179420	173.131088
1.1900	-0.267042	-0.180681	173.128845
1.2000	-0.270440	-0.179544	173.121155
1.2100	-0.268432	-0.174938	173.119339
1.2200	-0.272083	-0.179338	173.121124
1.2300	-0.272280	-0.183610	173.120834
1.2400	-0.268581	-0.179795	173.130829
1.2500	-0.264616	-0.183981	173.123810
1.2600	-0.266563	-0.193068	173.121964
1.2700	-0.266424	-0.194142	173.129608
1.2800	-0.268125	-0.182581	173.130981
1.2900	-0.266474	-0.194485	173.128433
1.3000	-0.267387	-0.184579	173.124298
1.3100	-0.273101	-0.185542	173.117752
1.3200	-0.274635	-0.181000	173.102676
1.3300	-0.276871	-0.186387	173.099304
1.3400	-0.267848	-0.181939	173.095108
1.3500	-0.260616	-0.181547	173.093155
1.3600	-0.263450	-0.174745	173.096130
1.3700	-0.263340	-0.171545	173.093323
1.3800	-0.261540	-0.167067	173.100189
1.3900	-0.262695	-0.163769	173.110611
1.4000	-0.259736	-0.153557	173.110992
1.4100	-0.260766	-0.144586	173.108124
1.4200	-0.263154	-0.137138	173.098999
1.4300	-0.262573	-0.133482	173.102951
1.4400	-0.257756	-0.136663	173.100296
1.4500	-0.254073	-0.136030	173.096756
1.4600	-0.252070	-0.139381	173.092255
1.4700	-0.254430	-0.142301	173.089859
1.4800	-0.257104	-0.136838	173.080551
1.4900	-0.259184	-0.131318	173.080978
1.5000	-0.256840	-0.128686	173.076050
1.5100	-0.256502	-0.125316	173.073029
1.5200	-0.257285	-0.118403	173.073318
1.5300	-0.258631	-0.117570	173.079895
1.5400	-0.262698	-0.125972	173.070541
1.5500	-0.263303	-0.130308	173.071182
1.5600	-0.268810	-0.125732	173.063797
1.5700	-0.264810	-0.123414	173.065094
1.5800	-0.258982	-0.124646	173.070190
1.5900	-0.255727	-0.127169	173.075668
1.6000	-0.258467	-0.121235	173.070404
1.6100	-0.255738	-0.115270	173.057571
1.6200	-0.259124	-0.114153	173.061172
1.6300	-0.253542	-0.118583	173.059006
1.6400	-0.255106	-0.119612	173.058578
1.6500	-0.262900	-0.126872	173.056183
1.6600	-0.259971	-0.122393	173.059280
1.6700	-0.261132	-0.118927	173.046967
1.6800	-0.255347	-0.111937	173.044724
1.6900	-0.259229	-0.118164	173.043060
1.7000	-0.264545	-0.118082	173.033966
1.7100	-0.260281	-0.125317	173.023132
1.7200	-0.255427	-0.125627	173.019623
1.7300	-0.264996	-0.132441	173.022797
1.7400	-0.262621	-0.130203	173.017456
1.7500	-0.266711	-0.140480	173.020035
1.7600	-0.266112	-0.143134	173.034317
1.7700	-0.277596	-0.143390	173.034531
1.7800	-0.281951	-0.149809	173.043777
1.7900	-0.283383	-0.156494	173.051819
1.8000	-0.291333	-0.152907	173.055817
1.8100	-0.292508	-0.154289	173.048187
1.8200	-0.290212	-0.156405	173.034454
1.8300	-0.288904	-0.161096	173.044022
1.8400	-0.288589	-0.161280	173.048965
1.8500	-0.289808	-0.170043	173.050156
1.8600	-0.291339	-0.175422	173.048279
1.8700	-0.295806	-0.174959	173.049545
1.8800	-0.291548	-0.169037	173.044250
1.8900	-0.291121	-0.172783	173.040756
1.9000	-0.294365	-0.172173	173.028442
1.9100	-0.298287	-0.171410	173.027908
1.9200	-0.298081	-0.167452	173.037613
1.9300	-0.301128	-0.166561	173.054718
1.9400	-0.298176	-0.167933	173.051727
1.9500	-0.304433	-0.167554	173.050735
1.9600	-0.298499	-0.168796	173.052734
1.9700	-0.292760	-0.165242	173.056885
1.9800	-0.292299	-0.169093	173.058472
1.9900	-0.290757	-0.162078	173.042282
2.0000	-0.287235	-0.164089	173.060074
2.0100	-0.299783	-0.157580	173.058868
2.0200	-0.286706	-0.153443	173.072342
2.0300	-0.284934	-0.148655	173.064957
2.0400	-0.281056	-0.148306	173.050613
2.0500	-0.275685	-0.142091	173.060654
2.0600	-0.275452	-0.133600	173.067764
2.0700	-0.273204	-0.135285	173.056656
2.0800	-0.265563	-0.128517	173.060928
2.0900	-0.273515	-0.127766	173.069824
2.1000	-0.275615	-0.134812	173.075851
2.1100	-0.283034	-0.145632	173.073715
2.1200	-0.283943	-0.147697	173.064087
2.1300	-0.279883	-0.136364	173.057816
2.1400	-0.278578	-0.139006	173.050369
2.1500	-0.273657	-0.142787	173.047653
2.1600	-0.281059	-0.145527	173.048325
2.1700	-0.287380	-0.147113	173.053314
2.1800	-0.282040	-0.143696	173.058472
2.1900	-0.281209	-0.152475	173.067612
2.2000	-0.277054	-0.156188	173.074921
2.2100	-0.272371	-0.159832	173.079208
2.2200	-0.271456	-0.151662	173.077087
2.2300	-0.269913	-0.159706	173.079834
2.2400	-0.267898	-0.162264	173.080841
2.2500	-0.261423	-0.170630	173.091064
2.2600	-0.256298	-0.168454	173.085190
2.2700	-0.255918	-0.179721	173.078217
2.2800	-0.258611	-0.176509	173.065811
2.2900	-0.257511	-0.173401	173.062759
2.3000	-0.256875	-0.174917	173.058502
2.3100	-0.257728	-0.176876	173.065048
2.3200	-0.249451	-0.182001	173.062668
2.3300	-0.249552	-0.181814	173.061111
2.3400	-0.253381	-0.184297	173.071396
2.3500	-0.252351	-0.183235	173.068619
2.3600	-0.252327	-0.178810	173.064819
2.3700	-0.256628	-0.179777	173.063797
2.3800	-0.265593	-0.192253	173.062988
2.3900	-0.273818	-0.192764	173.062042
2.4000	-0.274230	-0.191843	173.069016
2.4100	-0.274147	-0.196105	173.074356
2.4200	-0.270045	-0.186975	173.071304
2.4300	-0.278647	-0.190634	173.075760
2.4400	-0.278293	-0.192280	173.081146
2.4500	-0.279601	-0.190428	173.079254
2.4600	-0.280978	-0.188121	173.068634
2.4700	-0.281312	-0.188736	173.075165
2.4800	-0.289471	-0.193833	173.076447
2.4900	-0.282671	-0.191804	173.078156
2.5000	-0.285105	-0.191594	173.085922
2.5100	-0.289167	-0.187484	173.086197
2.5200	-0.292121	-0.188925	173.086288
2.5300	-0.293609	-0.187929	173.098450
2.5400	-0.294605	-0.186754	173.095123
2.5500	-0.295479	-0.192355	173.089188
2.5600	-0.300239	-0.185705	173.087433
2.5700	-0.306302	-0.179745	173.095459
2.5800	-0.299990	-0.175042	173.097733
2.5900	-0.296348	-0.178942	173.102280
2.6000	-0.309052	-0.177800	173.094193
2.6100	-0.312737	-0.168789	173.085968
2.6200	-0.307823	-0.159883	173.083466
2.6300	-0.304736	-0.158676	173.077484
2.6400	-0.298684	-0.164814	173.072327
2.6500	-0.296338	-0.167309	173.061508
2.6600	-0.296955	-0.170551	173.064346
2.6700	-0.297048	-0.165798	173.057114
2.6800	-0.290069	-0.164027	173.066803
2.6900	-0.280675	-0.172849	173.068726
2.7000	-0.278981	-0.177120	173.064606
2.7100	-0.286346	-0.182742	173.061310
2.7200	-0.282678	-0.186335	173.057693
2.7300	-0.280175	-0.192332	173.054230
2.7400	-0.285462	-0.189620	173.065933
2.7500	-0.289140	-0.193276	173.066269
2.7600	-0.293493	-0.193454	173.050034
2.7700	-0.293486	-0.181607	173.045227
2.7800	-0.285778	-0.180444	173.057663
2.7900	-0.281429	-0.184752	173.054672
2.8000	-0.279775	-0.182691	173.051270
2.8100	-0.273807	-0.177066	173.045197
2.8200	-0.279373	-0.174299	173.045685
2.8300	-0.279875	-0.182655	173.054672
2.8400	-0.276852	-0.184329	173.049759
2.8500	-0.277958	-0.184303	173.051773
2.8600	-0.278320	-0.192173	173.062683
2.8700	-0.271200	-0.195758	173.067352
2.8800	-0.267677	-0.191748	173.060089
2.8900	-0.268241	-0.190316	173.069992
2.9000	-0.268094	-0.192536	173.056931
2.9100	-0.265695	-0.195985	173.058197
2.9200	-0.271202	-0.190761	173.053436
2.9300	-0.284111	-0.197993	173.052063
2.9400	-0.281726	-0.203605	173.052460
2.9500	-0.275455	-0.211476	173.050201
2.9600	-0.277881	-0.206187	173.058716
2.9700	-0.275372	-0.203149	173.056961
2.9800	-0.272389	-0.206462	173.064758
2.9900	-0.275289	-0.206374	173.064117
3.0000	-0.282221	-0.207692	173.061935
3.0100	-0.279735	-0.214313	173.067505
3.0200	-0.277549	-0.214551	173.059952
3.0300	-0.271795	-0.215114	173.057129
3.0400	-0.277540	-0.211145	173.048004
3.0500	-0.271691	-0.216072	173.054321
3.0600	-0.260502	-0.229259	173.060760
3.0700	-0.256939	-0.220713	173.073166
3.0800	-0.257741	-0.225871	173.079941
3.0900	-0.255306	-0.230878	173.071259
3.1000	-0.251926	-0.228730	173.077225
3.1100	-0.253338	-0.228076	173.071335
3.1200	-0.256934	-0.228130	173.070541
3.1300	-0.257247	-0.222544	173.064972
3.1400	-0.264786	-0.217170	173.054733
3.1500	-0.269714	-0.218628	173.059128
3.1600	-0.274151	-0.214712	173.045609
3.1700	-0.268890	-0.212637	173.039383
3.1800	-0.266216	-0.204999	173.049118
3.1900	-0.263942	-0.205100	173.059326
3.2000	-0.266845	-0.202157	173.055908
3.2100	-0.272966	-0.199291	173.055740
3.2200	-0.277525	-0.199682	173.056152
3.2300	-0.273400	-0.194141	173.061829
3.2400	-0.261028	-0.191068	173.065369
3.2500	-0.268329	-0.193121	173.061172
3.2600	-0.261885	-0.182991	173.056808
3.2700	-0.257451	-0.184729	173.058960
3.2800	-0.255966	-0.178347	173.074142
3.2900	-0.255379	-0.177755	173.079590
3.3000	-0.250314	-0.171750	173.081421
3.3100	-0.248948	-0.172222	173.077759
3.3200	-0.244831	-0.165817	173.076431
3.3300	-0.240348	-0.165739	173.077576
3.3400	-0.244642	-0.162642	173.057022
3.3500	-0.253849	-0.166409	173.035629
3.3600	-0.262250	-0.165149	173.029007
3.3700	-0.262801	-0.162033	173.037277
3.3800	-0.263490	-0.153570	173.044510
3.3900	-0.265699	-0.152095	173.054489
3.4000	-0.264668	-0.147346	173.052963
3.4100	-0.265223	-0.148674	173.054169
3.4200	-0.274945	-0.154838	173.062622
3.4300	-0.275756	-0.164475	173.058975
3.4400	-0.274263	-0.163225	173.051819
3.4500	-0.271917	-0.158419	173.052124
3.4600	-0.264895	-0.154842	173.057938
3.4700	-0.257989	-0.151801	173.054367
3.4800	-0.255347	-0.148966	173.061844
3.4900	-0.255402	-0.149707	173.057922
3.5000	-0.252985	-0.149994	173.054916
3.5100	-0.250965	-0.152853	173.060501
3.5200	-0.251351	-0.154759	173.053421
3.5300	-0.247994	-0.151169	173.060974
3.5400	-0.245257	-0.139636	173.064255
3.5500	-0.248554	-0.134191	173.070038
3.5600	-0.253431	-0.139783	173.058060
3.5700	-0.246744	-0.148297	173.052429
3.5800	-0.246786	-0.143931	173.053467
3.5900	-0.245084	-0.138218	173.054413
3.6000	-0.241585	-0.132980	173.046890
3.6100	-0.241791	-0.131854	173.051971
3.6200	-0.255701	-0.130295	173.049591
3.6300	-0.263139	-0.127921	173.049072
3.6400	-0.268357	-0.127935	173.047150
3.6500	-0.270626	-0.123679	173.040070
3.6600	-0.270998	-0.121157	173.044556
3.6700	-0.272642	-0.123013	173.050369
3.6800	-0.271606	-0.123555	173.055099
3.6900	-0.281251	-0.129328	173.060669
3.7000	-0.284394	-0.126005	173.065170
3.7100	-0.280797	-0.120601	173.060928
3.7200	-0.283446	-0.122162	173.045624
3.7300	-0.282803	-0.119544	173.040680
3.7400	-0.286053	-0.123200	173.036636
3.7500	-0.286573	-0.127781	173.041428
3.7600	-0.285136	-0.128529	173.035828
3.7700	-0.282839	-0.133489	173.031677
3.7800	-0.280755	-0.137179	173.037506
3.7900	-0.289242	-0.139464	173.036636
3.8000	-0.293439	-0.138477	173.037308
3.8100	-0.296719	-0.140714	173.044327
3.8200	-0.295610	-0.143224	173.053070
3.8300	-0.301174	-0.137409	173.060165
3.8400	-0.300104	-0.148746	173.049591
3.8500	-0.297432	-0.144112	173.032639
3.8600	-0.292678	-0.138037	173.035980
3.8700	-0.292050	-0.135452	173.045609
3.8800	-0.293228	-0.138082	173.057327
3.8900	-0.291090	-0.133243	173.060837
3.9000	-0.287581	-0.131103	173.047012
3.9100	-0.285870	-0.135675	173.047607
3.9200	-0.282453	-0.136991	173.038696
3.9300	-0.280491	-0.133796	173.046707
3.9400	-0.275193	-0.140159	173.048752
3.9500	-0.274806	-0.137602	173.047989
3.9600	-0.273826	-0.132484	173.051117
3.9700	-0.263761	-0.126309	173.059906
3.9800	-0.260073	-0.127027	173.061951
3.9900	-0.251859	-0.124227	173.076843
4.0000	-0.254730	-0.120117	173.067703
4.0100	-0.252081	-0.130855	173.061783
4.0200	-0.244247	-0.132470	173.057419
4.0300	-0.244712	-0.134833	173.053253
4.0400	-0.240567	-0.133598	173.051804
4.0500	-0.234759	-0.143393	173.056671
4.0600	-0.239723	-0.153318	173.057465
4.0700	-0.246979	-0.158784	173.046722
4.0800	-0.241071	-0.171384	173.048538
4.0900	-0.239011	-0.171671	173.049316
4.1000	-0.244311	-0.176033	173.046844
4.1100	-0.245258	-0.175137	173.050888
4.1200	-0.244291	-0.168976	173.053787
4.1300	-0.250269	-0.173293	173.056396
4.1400	-0.251963	-0.162124	173.056900
4.1500	-0.249076	-0.159737	173.058243
4.1600	-0.243180	-0.160143	173.061157
4.1700	-0.238792	-0.150248	173.058777
4.1800	-0.230641	-0.153698	173.065735
4.1900	-0.235684	-0.145241	173.072021
4.2000	-0.229312	-0.144442	173.060608
4.2100	-0.234451	-0.144490	173.065857
4.2200	-0.234885	-0.135960	173.061813
4.2300	-0.229100	-0.141525	173.059814
4.2400	-0.232242	-0.144311	173.055054
4.2500	-0.236958	-0.143502	173.044907
4.2600	-0.243515	-0.141399	173.043045
4.2700	-0.235624	-0.138529	173.041641
4.2800	-0.227267	-0.143183	173.048798
4.2900	-0.222255	-0.147386	173.057999
4.3000	-0.216429	-0.149873	173.056122
4.3100	-0.207958	-0.148874	173.059631
4.3200	-0.201563	-0.154520	173.060181
4.3300	-0.204884	-0.148793	173.064453
4.3400	-0.197329	-0.151395	173.065430
4.3500	-0.200987	-0.152077	173.060059
4.3600	-0.207285	-0.154437	173.053009
4.3700	-0.206964	-0.157910	173.048035
4.3800	-0.201384	-0.154829	173.059006
4.3900	-0.191210	-0.152809	173.060532
4.4000	-0.190566	-0.151618	173.053558
4.4100	-0.192854	-0.159700	173.051727
4.4200	-0.192942	-0.165311	173.041855
4.4300	-0.204783	-0.158474	173.044083
4.4400	-0.202358	-0.152356	173.039352
4.4500	-0.196644	-0.159416	173.029861
4.4600	-0.195023	-0.159808	173.026398
4.4700	-0.203015	-0.163257	173.036087
4.4800	-0.199834	-0.156545	173.045303
4.4900	-0.203042	-0.154479	173.054535
4.5000	-0.205445	-0.157358	173.067581
4.5100	-0.207611	-0.160658	173.068314
4.5200	-0.217312	-0.166890	173.072403
4.5300	-0.223115	-0.161610	173.070969
4.5400	-0.231000	-0.165296	173.079102
4.5500	-0.231032	-0.168189	173.076843
4.5600	-0.236638	-0.168252	173.075745
4.5700	-0.243750	-0.172421	173.075546
4.5800	-0.248171	-0.161559	173.076096
4.5900	-0.244849	-0.163226	173.083633
4.6000	-0.240068	-0.169811	173.082703
4.6100	-0.241397	-0.176685	173.069916
4.6200	-0.243554	-0.178318	173.073486
4.6300	-0.251411	-0.178341	173.077530
4.6400	-0.250462	-0.181290	173.083298
4.6500	-0.254801	-0.179343	173.087799
4.6600	-0.253163	-0.181570	173.092621
4.6700	-0.251258	-0.181973	173.090729
4.6800	-0.243719	-0.182608	173.092697
4.6900	-0.251004	-0.180816	173.085999
4.7000	-0.259115	-0.183818	173.084305
4.7100	-0.259996	-0.181958	173.086365
4.7200	-0.259263	-0.181270	173.101898
4.7300	-0.264506	-0.173037	173.109787
4.7400	-0.269771	-0.175148	173.126648
4.7500	-0.278720	-0.175194	173.126877
4.7600	-0.289177	-0.181161	173.111725
4.7700	-0.287862	-0.170465	173.111633
4.7800	-0.288494	-0.164861	173.123535
4.7900	-0.291158	-0.165216	173.136597
4.8000	-0.288831	-0.167992	173.139740
4.8100	-0.294614	-0.169887	173.134811
4.8200	-0.287081	-0.181035	173.121094
4.8300	-0.294201	-0.179243	173.124603
4.8400	-0.295677	-0.173347	173.128220
4.8500	-0.293830	-0.172598	173.134125
4.8600	-0.292987	-0.166541	173.129166
4.8700	-0.297007	-0.172528	173.136612
4.8800	-0.295325	-0.168529	173.139603
4.8900	-0.297555	-0.165278	173.137970
4.9000	-0.301574	-0.173806	173.135544
4.9100	-0.298766	-0.180484	173.143448
4.9200	-0.302804	-0.190064	173.141357
4.9300	-0.302570	-0.198905	173.145172
4.9400	-0.304891	-0.195525	173.137924
4.9500	-0.306141	-0.198824	173.136948
4.9600	-0.311750	-0.190528	173.141144
4.9700	-0.306720	-0.192345	173.138443
4.9800	-0.308645	-0.194586	173.134735
4.9900	-0.316727	-0.194883	173.141190
5.0000	-0.315752	-0.188837	173.143829
5.0100	-0.315792	-0.187352	173.139435
5.0200	-0.309890	-0.195433	173.138153
5.0300	-0.302614	-0.199193	173.139648
5.0400	-0.302671	-0.194771	173.135529
5.0500	-0.295964	-0.205125	173.141556
5.0600	-0.296702	-0.214890	173.142532
5.0700	-0.291968	-0.217837	173.142044
5.0800	-0.294619	-0.214917	173.136322
5.0900	-0.302060	-0.210315	173.141541
5.1000	-0.306627	-0.205154	173.147263
5.1100	-0.311146	-0.206130	173.149246
5.1200	-0.313687	-0.202239	173.141312
5.1300	-0.318763	-0.199080	173.140793
5.1400	-0.322298	-0.198201	173.132507
5.1500	-0.324029	-0.195971	173.126266
5.1600	-0.328026	-0.197612	173.120132
5.1700	-0.327819	-0.195472	173.119125
5.1800	-0.332459	-0.194748	173.116150
5.1900	-0.329861	-0.198558	173.112595
5.2000	-0.329210	-0.197541	173.101959
5.2100	-0.326065	-0.201578	173.099945
5.2200	-0.323950	-0.192245	173.106247
5.2300	-0.330937	-0.190489	173.112228
5.2400	-0.335005	-0.191057	173.102737
5.2500	-0.336304	-0.196023	173.105453
5.2600	-0.337965	-0.198486	173.102005
5.2700	-0.336065	-0.195915	173.099915
5.2800	-0.336124	-0.201920	173.106155
5.2900	-0.332763	-0.198029	173.114517
5.3000	-0.336351	-0.195622	173.114136
5.3100	-0.332349	-0.196308	173.113510
5.3200	-0.325753	-0.190092	173.124100
5.3300	-0.314595	-0.196788	173.126740
5.3400	-0.315947	-0.192378	173.132813
5.3500	-0.319458	-0.182640	173.142502
5.3600	-0.326020	-0.180221	173.136765
5.3700	-0.326001	-0.173960	173.132187
5.3800	-0.325564	-0.170599	173.143219
5.3900	-0.324353	-0.171426	173.144028
5.4000	-0.314817	-0.163103	173.151276
5.4100	-0.319046	-0.156459	173.155045
5.4200	-0.320150	-0.147537	173.151352
5.4300	-0.321288	-0.141720	173.155289
5.4400	-0.329228	-0.145260	173.157425
5.4500	-0.325618	-0.152152	173.141907
5.4600	-0.320104	-0.152765	173.137115
5.4700	-0.319237	-0.149163	173.138123
5.4800	-0.326903	-0.141090	173.137390
5.4900	-0.321337	-0.142182	173.128754
5.5000	-0.319442	-0.146009	173.152634
5.5100	-0.315794	-0.145996	173.157333
5.5200	-0.316132	-0.149624	173.155243
5.5300	-0.312283	-0.144410	173.154968
5.5400	-0.308316	-0.143592	173.145874
5.5500	-0.303402	-0.140017	173.143555
5.5600	-0.298991	-0.149331	173.159958
5.5700	-0.300496	-0.138337	173.162125
5.5800	-0.296091	-0.134498	173.166290
5.5900	-0.292383	-0.125863	173.172943
5.6000	-0.294830	-0.130576	173.163467
5.6100	-0.299073	-0.134315	173.160477
5.6200	-0.299496	-0.137027	173.167358
5.6300	-0.298596	-0.140693	173.169952
5.6400	-0.297071	-0.146466	173.165451
5.6500	-0.294971	-0.141393	173.169174
5.6600	-0.301584	-0.139904	173.160980
5.6700	-0.296391	-0.122887	173.155334
5.6800	-0.297564	-0.125046	173.148163
5.6900	-0.300827	-0.120348	173.152054
5.7000	-0.302139	-0.124205	173.140747
5.7100	-0.295730	-0.128092	173.123154
5.7200	-0.290508	-0.128421	173.110046
5.7300	-0.294301	-0.131115	173.117081
5.7400	-0.287183	-0.131447	173.129211
5.7500	-0.283242	-0.121203	173.131531
5.7600	-0.283170	-0.114311	173.142059
5.7700	-0.285897	-0.114498	173.142197
5.7800	-0.281315	-0.116615	173.159546
5.7900	-0.272087	-0.135401	173.160751
5.8000	-0.273099	-0.130376	173.162933
5.8100	-0.262733	-0.132807	173.165573
5.8200	-0.267265	-0.141934	173.166901
5.8300	-0.275525	-0.142478	173.179474
5.8400	-0.277352	-0.150137	173.176453
5.8500	-0.276562	-0.149583	173.186310
5.8600	-0.281538	-0.144512	173.194000
5.8700	-0.283459	-0.144230	173.177917
5.8800	-0.284831	-0.147832	173.175964
5.8900	-0.288133	-0.145049	173.180542
5.9000	-0.287120	-0.150940	173.184265
5.9100	-0.283955	-0.145126	173.181473
5.9200	-0.286488	-0.146527	173.177872
5.9300	-0.288237	-0.151766	173.174515
5.9400	-0.297770	-0.161402	173.169846
5.9500	-0.299209	-0.165188	173.179688
5.9600	-0.290741	-0.175688	173.176071
5.9700	-0.292058	-0.171266	173.174622
5.9800	-0.290917	-0.170392	173.168625
5.9900	-0.292881	-0.168467	173.172623
6.0000	-0.291464	-0.174498	173.161606
6.0100	-0.291110	-0.175149	173.151093
6.0200	-0.288995	-0.176584	173.154907
6.0300	-0.290694	-0.175690	173.157822
6.0400	-0.296958	-0.182305	173.145172
6.0500	-0.307021	-0.185007	173.142136
6.0600	-0.303120	-0.182508	173.145660
6.0700	-0.301370	-0.178506	173.135880
6.0800	-0.304259	-0.179958	173.143463
6.0900	-0.305363	-0.180828	173.141525
6.1000	-0.302987	-0.189216	173.138901
6.1100	-0.296148	-0.193193	173.134705
6.1200	-0.299666	-0.200427	173.136276
6.1300	-0.305021	-0.199121	173.136612
6.1400	-0.306621	-0.204020	173.126648
6.1500	-0.297599	-0.201646	173.130630
6.1600	-0.294732	-0.196167	173.134445
6.1700	-0.287836	-0.190379	173.136810
6.1800	-0.294544	-0.200171	173.133636
6.1900	-0.290513	-0.196894	173.134552
6.2000	-0.291119	-0.199860	173.130753
6.2100	-0.288414	-0.197231	173.123306
6.2200	-0.284660	-0.182968	173.113724
6.2300	-0.291606	-0.184412	173.119293
6.2400	-0.290026	-0.182971	173.110229
6.2500	-0.286757	-0.183450	173.097061
6.2600	-0.285507	-0.180573	173.098099
6.2700	-0.288548	-0.179630	173.083023
6.2800	-0.290915	-0.182517	173.091919
6.2900	-0.289766	-0.187589	173.094315
6.3000	-0.283649	-0.180514	173.094345
6.3100	-0.285864	-0.182683	173.097946
6.3200	-0.283626	-0.177959	173.106918
6.3300	-0.283219	-0.188486	173.109634
6.3400	-0.284138	-0.178637	173.104614
6.3500	-0.279052	-0.176711	173.124710
6.3600	-0.278190	-0.180682	173.135513
6.3700	-0.268731	-0.175614	173.132462
6.3800	-0.275213	-0.176438	173.127151
6.3900	-0.269144	-0.178833	173.134415
6.4000	-0.270386	-0.185257	173.136765
6.4100	-0.268306	-0.186601	173.139496
6.4200	-0.266976	-0.191651	173.160568
6.4300	-0.269392	-0.199112	173.159470
6.4400	-0.272314	-0.195945	173.169662
6.4500	-0.271823	-0.194387	173.165482
6.4600	-0.268871	-0.188162	173.161896
6.4700	-0.266492	-0.187308	173.152237
6.4800	-0.263873	-0.187258	173.150177
6.4900	-0.269752	-0.192240	173.153610
6.5000	-0.274102	-0.185113	173.153412
6.5100	-0.267704	-0.187317	173.148041
6.5200	-0.271321	-0.189553	173.161957
6.5300	-0.274206	-0.189412	173.180466
6.5400	-0.274107	-0.189656	173.184372
6.5500	-0.272882	-0.187158	173.183090
6.5600	-0.272642	-0.192702	173.182251
6.5700	-0.275533	-0.186252	173.164795
6.5800	-0.275512	-0.172217	173.168839
6.5900	-0.265870	-0.162552	173.175552
6.6000	-0.266015	-0.163823	173.171295
6.6100	-0.266192	-0.168098	173.178665
6.6200	-0.279923	-0.173718	173.179520
6.6300	-0.270877	-0.167538	173.179947
6.6400	-0.262780	-0.173467	173.192963
6.6500	-0.266424	-0.168956	173.197433
6.6600	-0.269604	-0.166999	173.191635
6.6700	-0.273192	-0.165587	173.192749
6.6800	-0.273517	-0.166521	173.182877
6.6900	-0.271935	-0.171434	173.177017
6.7000	-0.269543	-0.177152	173.175018
6.7100	-0.264871	-0.183103	173.179337
6.7200	-0.262802	-0.179146	173.169022
6.7300	-0.260562	-0.173161	173.181412
6.7400	-0.249629	-0.165248	173.175751
6.7500	-0.251424	-0.159040	173.177261
6.7600	-0.260696	-0.151653	173.182465
6.7700	-0.265752	-0.144517	173.187195
6.7800	-0.266120	-0.139020	173.182663
6.7900	-0.269925	-0.136835	173.193420
6.8000	-0.267777	-0.135095	173.194229
6.8100	-0.268798	-0.131572	173.193970
6.8200	-0.268196	-0.122381	173.195709
6.8300	-0.273497	-0.117888	173.196884
6.8400	-0.275840	-0.111641	173.197250
6.8500	-0.275193	-0.118875	173.209518
6.8600	-0.280764	-0.122851	173.199341
6.8700	-0.273167	-0.115456	173.191254
6.8800	-0.274161	-0.120228	173.195221
6.8900	-0.283741	-0.123172	173.185776
6.9000	-0.284874	-0.127815	173.189255
6.9100	-0.285301	-0.131376	173.185226
6.9200	-0.290014	-0.136008	173.168121
6.9300	-0.298739	-0.125681	173.166794
6.9400	-0.303086	-0.117686	173.182465
6.9500	-0.297958	-0.108734	173.182343
6.9600	-0.297984	-0.114867	173.187622
6.9700	-0.297958	-0.125752	173.190033
6.9800	-0.293955	-0.133203	173.205154
6.9900	-0.291549	-0.138108	173.201279
7.0000	-0.293058	-0.139423	173.199646
7.0100	-0.292593	-0.136152	173.202545
7.0200	-0.288841	-0.134046	173.207108
7.0300	-0.284494	-0.134690	173.209106
7.0400	-0.296512	-0.132515	173.207535
7.0500	-0.302803	-0.134328	173.197723
7.0600	-0.312298	-0.134669	173.190994
7.0700	-0.312234	-0.136373	173.182587
7.0800	-0.319902	-0.128439	173.183502
7.0900	-0.320840	-0.121017	173.182968
7.1000	-0.326541	-0.119957	173.184555
7.1100	-0.329645	-0.119035	173.186462
7.1200	-0.320921	-0.129594	173.187180
7.1300	-0.318204	-0.123523	173.201828
7.1400	-0.324210	-0.125520	173.194763
7.1500	-0.326826	-0.125765	173.198303
7.1600	-0.327452	-0.127269	173.196198
7.1700	-0.326830	-0.119783	173.198822
7.1800	-0.320057	-0.119951	173.199173
7.1900	-0.314470	-0.125989	173.194778
7.2000	-0.320128	-0.136575	173.200897
7.2100	-0.325575	-0.135894	173.197830
7.2200	-0.325987	-0.125808	173.206131
7.2300	-0.323044	-0.125994	173.209259
7.2400	-0.329783	-0.119960	173.212448
7.2500	-0.326974	-0.107417	173.203201
7.2600	-0.327611	-0.094153	173.196381
7.2700	-0.324771	-0.095016	173.196655
7.2800	-0.313670	-0.101577	173.207977
7.2900	-0.313345	-0.104735	173.208679
7.3000	-0.321538	-0.107181	173.200836
7.3100	-0.319167	-0.113782	173.207886
7.3200	-0.316516	-0.120258	173.210754
7.3300	-0.310668	-0.121282	173.212296
7.3400	-0.310073	-0.117697	173.214783
7.3500	-0.312248	-0.113311	173.213379
7.3600	-0.308635	-0.107708	173.224640
7.3700	-0.309362	-0.106454	173.224869
7.3800	-0.316452	-0.104421	173.229462
7.3900	-0.322669	-0.104578	173.230713
7.4000	-0.322686	-0.109230	173.236023
7.4100	-0.324420	-0.108887	173.232407
7.4200	-0.327817	-0.114608	173.230942
7.4300	-0.326233	-0.119416	173.229828
7.4400	-0.329965	-0.121936	173.220261
7.4500	-0.330377	-0.130804	173.208374
7.4600	-0.320854	-0.128723	173.200134
7.4700	-0.323907	-0.133680	173.193985
7.4800	-0.328052	-0.121068	173.192596
7.4900	-0.335178	-0.122451	173.200394
7.5000	-0.332902	-0.127723	173.205719
7.5100	-0.334626	-0.127467	173.190964
7.5200	-0.332708	-0.123358	173.191940
7.5300	-0.326206	-0.124333	173.195496
7.5400	-0.328260	-0.122295	173.194046
7.5500	-0.326831	-0.123231	173.199448
7.5600	-0.324992	-0.131865	173.205185
7.5700	-0.327636	-0.130767	173.196075
7.5800	-0.316962	-0.124589	173.199127
7.5900	-0.319700	-0.130208	173.187271
7.6000	-0.320031	-0.136948	173.184814
7.6100	-0.317476	-0.138739	173.169159
7.6200	-0.310216	-0.137373	173.167297
7.6300	-0.310676	-0.136034	173.157867
7.6400	-0.315058	-0.130990	173.151413
7.6500	-0.323412	-0.117558	173.146317
7.6600	-0.328111	-0.115284	173.142166
7.6700	-0.327524	-0.113277	173.125702
7.6800	-0.323404	-0.104733	173.121613
7.6900	-0.323391	-0.107953	173.120911
7.7000	-0.331317	-0.100999	173.107452
7.7100	-0.335258	-0.097119	173.099564
7.7200	-0.339882	-0.093923	173.101242
7.7300	-0.346326	-0.087462	173.112198
7.7400	-0.355364	-0.087092	173.109283
7.7500	-0.355750	-0.084333	173.119583
7.7600	-0.356667	-0.093712	173.124573
7.7700	-0.352248	-0.088984	173.129196
7.7800	-0.353129	-0.098534	173.136444
7.7900	-0.353216	-0.101761	173.143738
7.8000	-0.343746	-0.113188	173.135269
7.8100	-0.348674	-0.121871	173.141068
7.8200	-0.339343	-0.124430	173.144287
7.8300	-0.345869	-0.116600	173.141052
7.8400	-0.346162	-0.117025	173.145294
7.8500	-0.346626	-0.117002	173.142502
7.8600	-0.347297	-0.115807	173.154800
7.8700	-0.350859	-0.108952	173.147812
7.8800	-0.353877	-0.106557	173.147964
7.8900	-0.348344	-0.113229	173.143860
7.9000	-0.342860	-0.121737	173.142303
7.9100	-0.344485	-0.125161	173.150055
7.9200	-0.342085	-0.127916	173.154724
7.9300	-0.334983	-0.129445	173.149261
7.9400	-0.340281	-0.125282	173.144211
7.9500	-0.338861	-0.121622	173.140549
7.9600	-0.341954	-0.126862	173.140198
7.9700	-0.339563	-0.124145	173.127670
7.9800	-0.344369	-0.130228	173.135223
7.9900	-0.342272	-0.132968	173.126801
8.0000	-0.341377	-0.143479	173.117783
8.0100	-0.339079	-0.139718	173.120621
8.0200	-0.338211	-0.137005	173.125351
8.0300	-0.337397	-0.140621	173.128448
8.0400	-0.336567	-0.141246	173.136551
8.0500	-0.338674	-0.141910	173.134262
8.0600	-0.349103	-0.144936	173.130203
8.0700	-0.352285	-0.145223	173.118393
8.0800	-0.350109	-0.135608	173.108551
8.0900	-0.357400	-0.137806	173.103073
8.1000	-0.361502	-0.146269	173.112350
8.1100	-0.365685	-0.129650	173.106705
8.1200	-0.369349	-0.132922	173.107880
8.1300	-0.372403	-0.129944	173.114517
8.1400	-0.367541	-0.132391	173.111023
8.1500	-0.368313	-0.126261	173.106079
8.1600	-0.368002	-0.121511	173.097839
8.1700	-0.365460	-0.121456	173.102402
8.1800	-0.368843	-0.124282	173.104111
8.1900	-0.367900	-0.125838	173.098526
8.2000	-0.361379	-0.130530	173.097977
8.2100	-0.355021	-0.130313	173.105301
8.2200	-0.355478	-0.139460	173.116394
8.2300	-0.354182	-0.134830	173.117554
8.2400	-0.354876	-0.123806	173.124313
8.2500	-0.358383	-0.115387	173.123657
8.2600	-0.356741	-0.125298	173.125336
8.2700	-0.353054	-0.125523	173.104736
8.2800	-0.355637	-0.132995	173.104874
8.2900	-0.351276	-0.127720	173.092484
8.3000	-0.353750	-0.133243	173.097260
8.3100	-0.350169	-0.130548	173.095718
8.3200	-0.361842	-0.133492	173.081436
8.3300	-0.360936	-0.130166	173.089066
8.3400	-0.360204	-0.127133	173.087936
8.3500	-0.359800	-0.134700	173.086365
8.3600	-0.357622	-0.133808	173.095703
8.3700	-0.360443	-0.135263	173.097839
8.3800	-0.358741	-0.135667	173.105606
8.3900	-0.357379	-0.138974	173.109146
8.4000	-0.361496	-0.135143	173.110474
8.4100	-0.355605	-0.136156	173.101654
8.4200	-0.356288	-0.132080	173.095367
8.4300	-0.357539	-0.140340	173.099045
8.4400	-0.356684	-0.139634	173.104919
8.4500	-0.350629	-0.140027	173.098572
8.4600	-0.344287	-0.134088	173.091476
8.4700	-0.346999	-0.127597	173.093048
8.4800	-0.350224	-0.132428	173.093094
8.4900	-0.353183	-0.131149	173.080154
8.5000	-0.346649	-0.130890	173.081253
8.5100	-0.346812	-0.132437	173.079361
8.5200	-0.353244	-0.133828	173.081802
8.5300	-0.353455	-0.134076	173.095169
8.5400	-0.362634	-0.130776	173.097992
8.5500	-0.360107	-0.125308	173.097290
8.5600	-0.358515	-0.115872	173.100220
8.5700	-0.362155	-0.108235	173.105591
8.5800	-0.368467	-0.104489	173.110031
8.5900	-0.367720	-0.100542	173.110062
8.6000	-0.358394	-0.091450	173.104340
8.6100	-0.350120	-0.095531	173.104294
8.6200	-0.352852	-0.108141	173.094788
8.6300	-0.361789	-0.103610	173.088303
8.6400	-0.360547	-0.102447	173.087570
8.6500	-0.367649	-0.103661	173.087509
8.6600	-0.367320	-0.112209	173.099335
8.6700	-0.360427	-0.111573	173.116241
8.6800	-0.356157	-0.117790	173.131531
8.6900	-0.357031	-0.121614	173.131241
8.7000	-0.356525	-0.123413	173.138977
8.7100	-0.353708	-0.113551	173.133163
8.7200	-0.362469	-0.113154	173.136963
8.7300	-0.368677	-0.105554	173.130569
8.7400	-0.371115	-0.104369	173.121613
8.7500	-0.370849	-0.096922	173.120453
8.7600	-0.364391	-0.101373	173.116089
8.7700	-0.368064	-0.096402	173.125351
8.7800	-0.378869	-0.097570	173.135971
8.7900	-0.382853	-0.087060	173.138214
8.8000	-0.381755	-0.081265	173.135880
8.8100	-0.379652	-0.084348	173.132843
8.8200	-0.381455	-0.087496	173.136642
8.8300	-0.379438	-0.089984	173.134109
8.8400	-0.384476	-0.096367	173.129654
8.8500	-0.378211	-0.097571	173.135452
8.8600	-0.377253	-0.100047	173.130310
8.8700	-0.383030	-0.100172	173.127823
8.8800	-0.378370	-0.099371	173.143600
8.8900	-0.377448	-0.093408	173.145996
8.9000	-0.378476	-0.091363	173.148346
8.9100	-0.374526	-0.095296	173.140106
8.9200	-0.373664	-0.095170	173.131714
8.9300	-0.372440	-0.092136	173.128204
8.9400	-0.373520	-0.089708	173.136444
8.9500	-0.368025	-0.092875	173.131836
8.9600	-0.368116	-0.084170	173.132645
8.9700	-0.372101	-0.075942	173.131729
8.9800	-0.368855	-0.071708	173.138443
8.9900	-0.369199	-0.065487	173.137451
9.0000	-0.367772	-0.065685	173.132446
9.0100	-0.367341	-0.070391	173.139008
9.0200	-0.374009	-0.073397	173.146210
9.0300	-0.379055	-0.069183	173.151535
9.0400	-0.384148	-0.064785	173.158340
9.0500	-0.382705	-0.064452	173.160645
9.0600	-0.378926	-0.065304	173.160461
9.0700	-0.371220	-0.061191	173.155884
9.0800	-0.363851	-0.062723	173.163040
9.0900	-0.356078	-0.061866	173.157913
9.1000	-0.346012	-0.064862	173.168594
9.1100	-0.352493	-0.067721	173.176559
9.1200	-0.364436	-0.067777	173.174561
9.1300	-0.361793	-0.066765	173.173676
9.1400	-0.362560	-0.077046	173.167679
9.1500	-0.364226	-0.077579	173.163223
9.1600	-0.357419	-0.073898	173.155151
9.1700	-0.358327	-0.076944	173.151886
9.1800	-0.359171	-0.083344	173.160461
9.1900	-0.355174	-0.084374	173.152603
9.2000	-0.363435	-0.083323	173.149765
9.2100	-0.364769	-0.086954	173.141876
9.2200	-0.366046	-0.082859	173.135620
9.2300	-0.361290	-0.086712	173.134155
9.2400	-0.364639	-0.087470	173.130600
9.2500	-0.364737	-0.088437	173.136322
9.2600	-0.361514	-0.090598	173.134171
9.2700	-0.360064	-0.092027	173.137283
9.2800	-0.363038	-0.100181	173.150345
9.2900	-0.358112	-0.109374	173.153763
9.3000	-0.362830	-0.104894	173.149734
9.3100	-0.367280	-0.099440	173.147629
9.3200	-0.364155	-0.098666	173.141098
9.3300	-0.362217	-0.095429	173.138947
9.3400	-0.362550	-0.086131	173.144836
9.3500	-0.361801	-0.087844	173.140320
9.3600	-0.362415	-0.088604	173.137039
9.3700	-0.360400	-0.088437	173.135529
9.3800	-0.365279	-0.093123	173.134415
9.3900	-0.362351	-0.103254	173.133011
9.4000	-0.357499	-0.109012	173.141235
9.4100	-0.355005	-0.104489	173.149338
9.4200	-0.354333	-0.098495	173.139847
9.4300	-0.354660	-0.092665	173.142548
9.4400	-0.358725	-0.098070	173.137070
9.4500	-0.366247	-0.105256	173.138397
9.4600	-0.377066	-0.107365	173.142990
9.4700	-0.373520	-0.111685	173.142166
9.4800	-0.372083	-0.106964	173.146545
9.4900	-0.373345	-0.102440	173.140427
9.5000	-0.364592	-0.108623	173.136703
9.5100	-0.370313	-0.113191	173.134048
9.5200	-0.372680	-0.118062	173.132294
9.5300	-0.366808	-0.111919	173.133057
9.5400	-0.363298	-0.102490	173.137863
9.5500	-0.363708	-0.100320	173.123169
9.5600	-0.357592	-0.097146	173.123260
9.5700	-0.346822	-0.087313	173.134735
9.5800	-0.338544	-0.084061	173.135849
9.5900	-0.332206	-0.089917	173.129761
9.6000	-0.334012	-0.084116	173.130524
9.6100	-0.333183	-0.087447	173.123795
9.6200	-0.334206	-0.083770	173.124420
9.6300	-0.338114	-0.083884	173.122223
9.6400	-0.338772	-0.089487	173.112076
9.6500	-0.340431	-0.096542	173.112183
9.6600	-0.349337	-0.097310	173.104218
9.6700	-0.342236	-0.091925	173.103394
9.6800	-0.345130	-0.106509	173.105469
9.6900	-0.346591	-0.117001	173.104904
9.7000	-0.347029	-0.116907	173.104874
9.7100	-0.340767	-0.111923	173.097366
9.7200	-0.337298	-0.115301	173.089996
9.7300	-0.334655	-0.109831	173.088669
9.7400	-0.341437	-0.107348	173.086395
9.7500	-0.341054	-0.110754	173.096863
9.7600	-0.345935	-0.114283	173.090668
9.7700	-0.348536	-0.116077	173.096451
9.7800	-0.349730	-0.108083	173.102921
9.7900	-0.347832	-0.099563	173.092590
9.8000	-0.344127	-0.096716	173.086761
9.8100	-0.350296	-0.095656	173.078522
9.8200	-0.348243	-0.101805	173.080048
9.8300	-0.339508	-0.095569	173.070465
9.8400	-0.343521	-0.100890	173.072067
9.8500	-0.341539	-0.111103	173.076050
9.8600	-0.340521	-0.105477	173.076981
9.8700	-0.340415	-0.108707	173.085052
9.8800	-0.343699	-0.113509	173.077820
9.8900	-0.338823	-0.114842	173.077362
9.9000	-0.331843	-0.117101	173.081650
9.9100	-0.327932	-0.113301	173.087326
9.9200	-0.329242	-0.110636	173.078796
9.9300	-0.330292	-0.105653	173.081085
9.9400	-0.326198	-0.102901	173.077560
9.9500	-0.325865	-0.111313	173.075134
9.9600	-0.323064	-0.109872	173.070053
9.9700	-0.318881	-0.108966	173.077499
9.9800	-0.314014	-0.106345	173.078461
9.9900	-0.308038	-0.109691	173.077759
10.0000	-0.311628	-0.109802	173.072540
10.0100	-0.302857	-0.100902	173.068115
10.0200	-0.296080	-0.101206	173.068573
10.0300	-0.287393	-0.101191	173.077103
10.0400	-0.289784	-0.098756	173.079651
10.0500	-0.301692	-0.104390	173.080231
10.0600	-0.306769	-0.100436	173.080231
10.0700	-0.315078	-0.098680	173.088242
10.0800	-0.317951	-0.101620	173.083954
10.0900	-0.320499	-0.102930	173.091049
10.1000	-0.327419	-0.114354	173.089706
10.1100	-0.323815	-0.113920	173.101044
10.1200	-0.321890	-0.116896	173.098145
10.1300	-0.311514	-0.114786	173.109665
10.1400	-0.313067	-0.118759	173.121490
10.1500	-0.307468	-0.121306	173.110855
10.1600	-0.311330	-0.117251	173.110718
10.1700	-0.320029	-0.107405	173.118332
10.1800	-0.325470	-0.106475	173.125839
10.1900	-0.329564	-0.098245	173.129395
10.2000	-0.321781	-0.094434	173.129196
10.2100	-0.320697	-0.092057	173.127792
10.2200	-0.331457	-0.092174	173.127182
10.2300	-0.332352	-0.096789	173.134430
10.2400	-0.334940	-0.099430	173.144302
10.2500	-0.342530	-0.100163	173.142456
10.2600	-0.347056	-0.093029	173.145065
10.2700	-0.352054	-0.099122	173.144196
10.2800	-0.349722	-0.091774	173.145233
10.2900	-0.342414	-0.087788	173.158005
10.3000	-0.331731	-0.102070	173.163132
10.3100	-0.334250	-0.111003	173.144470
10.3200	-0.321493	-0.115548	173.149399
10.3300	-0.317144	-0.112644	173.151642
10.3400	-0.317228	-0.118676	173.138550
10.3500	-0.317481	-0.117604	173.141602
10.3600	-0.317622	-0.121379	173.135620
10.3700	-0.313487	-0.119269	173.129074
10.3800	-0.320327	-0.117380	173.131149
10.3900	-0.326661	-0.114966	173.133881
10.4000	-0.326071	-0.124247	173.139603
10.4100	-0.329725	-0.125437	173.131760
10.4200	-0.336383	-0.123963	173.131119
10.4300	-0.336411	-0.123595	173.141205
10.4400	-0.332282	-0.118867	173.134918
10.4500	-0.334654	-0.118244	173.140335
10.4600	-0.340773	-0.114950	173.146210
10.4700	-0.341153	-0.108134	173.148224
10.4800	-0.338722	-0.115810	173.164993
10.4900	-0.339880	-0.116058	173.155029
10.5000	-0.339322	-0.116583	173.144150
10.5100	-0.336528	-0.123810	173.133820
10.5200	-0.336405	-0.132033	173.134079
10.5300	-0.333204	-0.140319	173.145416
10.5400	-0.333518	-0.142446	173.146652
10.5500	-0.339924	-0.128282	173.144073
10.5600	-0.331648	-0.129754	173.160172
10.5700	-0.320228	-0.124425	173.161133
10.5800	-0.318202	-0.119017	173.160767
10.5900	-0.324580	-0.118259	173.150681
10.6000	-0.331213	-0.115804	173.154251
10.6100	-0.326795	-0.120936	173.146576
10.6200	-0.331579	-0.121747	173.144775
10.6300	-0.326401	-0.120119	173.149857
10.6400	-0.325258	-0.116879	173.142563
10.6500	-0.329229	-0.119503	173.128571
10.6600	-0.331555	-0.111724	173.127686
10.6700	-0.337164	-0.110410	173.125610
10.6800	-0.336152	-0.107860	173.115646
10.6900	-0.334752	-0.109405	173.120621
10.7000	-0.333811	-0.106875	173.124451
10.7100	-0.329012	-0.110087	173.126617
10.7200	-0.315582	-0.109106	173.121796
10.7300	-0.313684	-0.102506	173.122482
10.7400	-0.308121	-0.099272	173.123062
10.7500	-0.306023	-0.100524	173.127701
10.7600	-0.303774	-0.105851	173.134613
10.7700	-0.301280	-0.095744	173.126862
10.7800	-0.298431	-0.086963	173.135406
10.7900	-0.296717	-0.084252	173.130508
10.8000	-0.303640	-0.081662	173.128311
10.8100	-0.308484	-0.081525	173.121857
10.8200	-0.301160	-0.076746	173.124954
10.8300	-0.300989	-0.066786	173.129288
10.8400	-0.295798	-0.063409	173.139099
10.8500	-0.292036	-0.069109	173.135590
10.8600	-0.288059	-0.077607	173.138992
10.8700	-0.284916	-0.083471	173.139282
10.8800	-0.286638	-0.086895	173.141724
10.8900	-0.289590	-0.089045	173.149200
10.9000	-0.283226	-0.087157	173.144516
10.9100	-0.288636	-0.083421	173.140320
10.9200	-0.295532	-0.083677	173.139755
10.9300	-0.303518	-0.082012	173.142685
10.9400	-0.304796	-0.078222	173.141205
10.9500	-0.299602	-0.075527	173.135101
10.9600	-0.298384	-0.076531	173.133438
10.9700	-0.294944	-0.075464	173.128479
10.9800	-0.290127	-0.071791	173.126770
10.9900	-0.293773	-0.073611	173.135513
11.0000	-0.295329	-0.083099	173.127319
11.0100	-0.289555	-0.089647	173.124390
11.0200	-0.284943	-0.089348	173.131348
11.0300	-0.282748	-0.085023	173.138123
11.0400	-0.289474	-0.087039	173.126266
11.0500	-0.284567	-0.096202	173.123260
11.0600	-0.281524	-0.087511	173.125198
11.0700	-0.282173	-0.089994	173.135361
11.0800	-0.279093	-0.090108	173.136795
11.0900	-0.281663	-0.087998	173.150497
11.1000	-0.287666	-0.089909	173.155716
11.1100	-0.279790	-0.085277	173.138397
11.1200	-0.278770	-0.083922	173.133820
11.1300	-0.278048	-0.086603	173.134872
11.1400	-0.281361	-0.085849	173.139725
11.1500	-0.283975	-0.093073	173.132736
11.1600	-0.275526	-0.088659	173.133301
11.1700	-0.274286	-0.089641	173.140305
11.1800	-0.272702	-0.085281	173.153732
11.1900	-0.277929	-0.095319	173.147751
11.2000	-0.282153	-0.101359	173.163589
11.2100	-0.279189	-0.112676	173.151581
11.2200	-0.278763	-0.111145	173.154907
11.2300	-0.278342	-0.118615	173.153549
11.2400	-0.283017	-0.117492	173.154953
11.2500	-0.290738	-0.120188	173.154907
11.2600	-0.289170	-0.109539	173.142334
11.2700	-0.293462	-0.119895	173.143387
11.2800	-0.305272	-0.117593	173.150101
11.2900	-0.312906	-0.107322	173.148911
11.3000	-0.313679	-0.103003	173.150101
11.3100	-0.307803	-0.093535	173.154678
11.3200	-0.314810	-0.090299	173.161118
11.3300	-0.312881	-0.091341	173.156860
11.3400	-0.314846	-0.091910	173.171539
11.3500	-0.320440	-0.094662	173.162186
11.3600	-0.329210	-0.101792	173.147751
11.3700	-0.328559	-0.105561	173.137192
11.3800	-0.328847	-0.102605	173.135971
11.3900	-0.337224	-0.107753	173.132126
11.4000	-0.342753	-0.106497	173.117310
11.4100	-0.337049	-0.097771	173.118042
11.4200	-0.340186	-0.107259	173.115387
11.4300	-0.341208	-0.104757	173.108566
11.4400	-0.335297	-0.100222	173.103531
11.4500	-0.332137	-0.099461	173.109268
11.4600	-0.328422	-0.106881	173.110184
11.4700	-0.330051	-0.109214	173.104568
11.4800	-0.328001	-0.104728	173.106781
11.4900	-0.330452	-0.106104	173.103455
11.5000	-0.323677	-0.101243	173.097122
11.5100	-0.324010	-0.095056	173.091629
11.5200	-0.322541	-0.092884	173.096649
11.5300	-0.321579	-0.102837	173.104782
11.5400	-0.318501	-0.096855	173.101700
11.5500	-0.320256	-0.109180	173.094620
11.5600	-0.321437	-0.120751	173.097519
11.5700	-0.324428	-0.122905	173.102600
11.5800	-0.325344	-0.121463	173.111298
11.5900	-0.322421	-0.115811	173.112808
11.6000	-0.317641	-0.116050	173.113495
11.6100	-0.316515	-0.112150	173.120804
11.6200	-0.319247	-0.111245	173.115479
11.6300	-0.330383	-0.108428	173.120346
11.6400	-0.332759	-0.106847	173.117477
11.6500	-0.336422	-0.101015	173.106583
11.6600	-0.333407	-0.096416	173.107681
11.6700	-0.328570	-0.106785	173.120117
11.6800	-0.328205	-0.116380	173.113144
11.6900	-0.317678	-0.124166	173.106964
11.7000	-0.317715	-0.125072	173.106827
11.7100	-0.314098	-0.135163	173.115921
11.7200	-0.311089	-0.140913	173.123474
11.7300	-0.314228	-0.147858	173.124069
11.7400	-0.310993	-0.147303	173.125107
11.7500	-0.306960	-0.152444	173.119095
11.7600	-0.311548	-0.160394	173.115250
11.7700	-0.306161	-0.160295	173.127106
11.7800	-0.297257	-0.166087	173.126343
11.7900	-0.301249	-0.164126	173.112762
11.8000	-0.309651	-0.161510	173.109848
11.8100	-0.314391	-0.163775	173.112137
11.8200	-0.320304	-0.161827	173.113342
11.8300	-0.320594	-0.170796	173.107193
11.8400	-0.320450	-0.174910	173.112427
11.8500	-0.330445	-0.172548	173.105927
11.8600	-0.330354	-0.167962	173.102921
11.8700	-0.333152	-0.169325	173.099258
11.8800	-0.326635	-0.171055	173.093414
11.8900	-0.316762	-0.169010	173.090134
11.9000	-0.311427	-0.163132	173.092606
11.9100	-0.314347	-0.162523	173.090820
11.9200	-0.317189	-0.161699	173.096130
11.9300	-0.308847	-0.156388	173.095001
11.9400	-0.308416	-0.154435	173.088623
11.9500	-0.300392	-0.165952	173.090973
11.9600	-0.291225	-0.169862	173.086777
11.9700	-0.290899	-0.172783	173.091354
11.9800	-0.295133	-0.170689	173.096375
11.9900	-0.293076	-0.172228	173.090103
12.0000	-0.293562	-0.173546	173.083466
12.0100	-0.289707	-0.163941	173.087189
12.0200	-0.296566	-0.154351	173.103470
12.0300	-0.293097	-0.165737	173.104263
12.0400	-0.294918	-0.162227	173.103577
12.0500	-0.300329	-0.162966	173.095581
12.0600	-0.295555	-0.158592	173.103348
12.0700	-0.292556	-0.153119	173.092682
12.0800	-0.298372	-0.149460	173.097656
12.0900	-0.297689	-0.150662	173.089661
12.1000	-0.296916	-0.156668	173.094009
12.1100	-0.293665	-0.147404	173.092300
12.1200	-0.293101	-0.141943	173.100464
12.1300	-0.292041	-0.142033	173.105347
12.1400	-0.299489	-0.144424	173.088242
12.1500	-0.309022	-0.143243	173.089310
12.1600	-0.311063	-0.143102	173.089569
12.1700	-0.320825	-0.140396	173.083527
12.1800	-0.321809	-0.149291	173.088074
12.1900	-0.324626	-0.153211	173.089600
12.2000	-0.330806	-0.154452	173.100266
12.2100	-0.325936	-0.152322	173.103607
12.2200	-0.328896	-0.148695	173.098557
12.2300	-0.327058	-0.142774	173.094727
12.2400	-0.332415	-0.141446	173.086334
12.2500	-0.331165	-0.141221	173.087982
12.2600	-0.333243	-0.145737	173.083786
12.2700	-0.337590	-0.148053	173.087723
12.2800	-0.334305	-0.145860	173.084229
12.2900	-0.336476	-0.139552	173.084229
12.3000	-0.343491	-0.143154	173.076660
12.3100	-0.336299	-0.150202	173.076324
12.3200	-0.338589	-0.152870	173.078842
12.3300	-0.337348	-0.155966	173.078278
12.3400	-0.334587	-0.158314	173.073410
12.3500	-0.331644	-0.161696	173.087891
12.3600	-0.329162	-0.165211	173.092209
12.3700	-0.331713	-0.176382	173.097900
12.3800	-0.331793	-0.182720	173.093338
12.3900	-0.329106	-0.169091	173.102554
12.4000	-0.325733	-0.172567	173.101913
12.4100	-0.318495	-0.175481	173.095871
12.4200	-0.324009	-0.178739	173.103287
12.4300	-0.332680	-0.174350	173.093384
12.4400	-0.333106	-0.169653	173.088150
12.4500	-0.338683	-0.170740	173.082794
12.4600	-0.343493	-0.172899	173.086197
12.4700	-0.341907	-0.177741	173.093353
12.4800	-0.341237	-0.182297	173.096313
12.4900	-0.329432	-0.176206	173.101196
12.5000	-0.330753	-0.179149	173.106232
12.5100	-0.331437	-0.171716	173.104477
12.5200	-0.329758	-0.175621	173.093246
12.5300	-0.324579	-0.179542	173.094177
12.5400	-0.325276	-0.177031	173.097534
12.5500	-0.316299	-0.171922	173.099426
12.5600	-0.319110	-0.171968	173.100830
12.5700	-0.315451	-0.165072	173.105850
12.5800	-0.308584	-0.164974	173.113724
12.5900	-0.305393	-0.165362	173.118469
12.6000	-0.314266	-0.168518	173.132645
12.6100	-0.319017	-0.161728	173.130096
12.6200	-0.310383	-0.150896	173.130325
12.6300	-0.311335	-0.149164	173.126160
12.6400	-0.306014	-0.153710	173.130524
12.6500	-0.309991	-0.163218	173.125122
12.6600	-0.311615	-0.157241	173.126221
12.6700	-0.312997	-0.153079	173.118271
12.6800	-0.309798	-0.154488	173.117661
12.6900	-0.310576	-0.153493	173.116806
12.7000	-0.313576	-0.153633	173.116989
12.7100	-0.314512	-0.157610	173.104507
12.7200	-0.317175	-0.149624	173.100723
12.7300	-0.316322	-0.146099	173.113586
12.7400	-0.310883	-0.144076	173.112320
12.7500	-0.302867	-0.153336	173.099548
12.7600	-0.307079	-0.147473	173.082794
12.7700	-0.301248	-0.152338	173.080292
12.7800	-0.309065	-0.151300	173.084457
12.7900	-0.306047	-0.152356	173.080734
12.8000	-0.306708	-0.157047	173.089752
12.8100	-0.314770	-0.166129	173.083359
12.8200	-0.315570	-0.159062	173.086823
12.8300	-0.314067	-0.161261	173.087326
12.8400	-0.314145	-0.163104	173.087982
12.8500	-0.314128	-0.159885	173.098083
12.8600	-0.313705	-0.162459	173.098618
12.8700	-0.313690	-0.163132	173.098984
12.8800	-0.318383	-0.165798	173.103989
12.8900	-0.319324	-0.172006	173.100967
12.9000	-0.322834	-0.180371	173.103867
12.9100	-0.322999	-0.189545	173.110703
12.9200	-0.322826	-0.197189	173.116852
12.9300	-0.326718	-0.198079	173.097549
12.9400	-0.323930	-0.192797	173.088196
12.9500	-0.322504	-0.187299	173.073196
12.9600	-0.320100	-0.180013	173.078537
12.9700	-0.323972	-0.183583	173.074738
12.9800	-0.330394	-0.171196	173.074310
12.9900	-0.327941	-0.165843	173.078796
13.0000	-0.338345	-0.166464	173.087326
13.0100	-0.335731	-0.165386	173.087250
13.0200	-0.332259	-0.171262	173.085846
13.0300	-0.329389	-0.173404	173.085312
13.0400	-0.326989	-0.182069	173.076401
13.0500	-0.322102	-0.180524	173.075806
13.0600	-0.321399	-0.176720	173.073578
13.0700	-0.324404	-0.173499	173.068619
13.0800	-0.324322	-0.168325	173.070786
13.0900	-0.330973	-0.152684	173.059723
13.1000	-0.326032	-0.149848	173.059631
13.1100	-0.329795	-0.142851	173.063690
13.1200	-0.329168	-0.148728	173.072311
13.1300	-0.327806	-0.150373	173.072052
13.1400	-0.321128	-0.151964	173.063492
13.1500	-0.311516	-0.148036	173.056503
13.1600	-0.308352	-0.143167	173.055054
13.1700	-0.307166	-0.150090	173.049240
13.1800	-0.310375	-0.146656	173.048828
13.1900	-0.309249	-0.153551	173.033295
13.2000	-0.314558	-0.154740	173.037018
13.2100	-0.319025	-0.152324	173.036438
13.2200	-0.312324	-0.146876	173.045303
13.2300	-0.308882	-0.154490	173.050323
13.2400	-0.310261	-0.155677	173.045776
13.2500	-0.313095	-0.156331	173.048553
13.2600	-0.319253	-0.165951	173.052902
13.2700	-0.328899	-0.168829	173.055176
13.2800	-0.328174	-0.168169	173.056107
13.2900	-0.329550	-0.166699	173.050446
13.3000	-0.334639	-0.162485	173.054871
13.3100	-0.332086	-0.169536	173.060440
13.3200	-0.326160	-0.162398	173.062439
13.3300	-0.327119	-0.157691	173.055450
13.3400	-0.323809	-0.155705	173.059845
13.3500	-0.322774	-0.153255	173.066803
13.3600	-0.317342	-0.156351	173.070847
13.3700	-0.317719	-0.163442	173.078674
13.3800	-0.322435	-0.162588	173.086395
13.3900	-0.322534	-0.169348	173.085190
13.4000	-0.317218	-0.167811	173.090393
13.4100	-0.314420	-0.165993	173.091660
13.4200	-0.316457	-0.162498	173.089172
13.4300	-0.316829	-0.161779	173.089951
13.4400	-0.319405	-0.166298	173.087265
13.4500	-0.319208	-0.168177	173.100143
13.4600	-0.318824	-0.173234	173.106781
13.4700	-0.322739	-0.177752	173.109818
13.4800	-0.334721	-0.174008	173.103195
13.4900	-0.331198	-0.168941	173.098068
13.5000	-0.322795	-0.167734	173.096222
13.5100	-0.320631	-0.163827	173.086258
13.5200	-0.322671	-0.159971	173.085480
13.5300	-0.328929	-0.159824	173.086700
13.5400	-0.321442	-0.158693	173.083221
13.5500	-0.311679	-0.145695	173.079178
13.5600	-0.304399	-0.141028	173.076706
13.5700	-0.305069	-0.137464	173.080627
13.5800	-0.305725	-0.125289	173.079025
13.5900	-0.315014	-0.127030	173.072922
13.6000	-0.315831	-0.131606	173.087265
13.6100	-0.311470	-0.129874	173.091965
13.6200	-0.311724	-0.126663	173.095337
13.6300	-0.308960	-0.123176	173.097092
13.6400	-0.305147	-0.124232	173.093414
13.6500	-0.306183	-0.126819	173.092407
13.6600	-0.308129	-0.130231	173.090836
13.6700	-0.316984	-0.124146	173.084396
13.6800	-0.318576	-0.108275	173.069885
13.6900	-0.312535	-0.103225	173.075699
13.7000	-0.317325	-0.109769	173.086136
13.7100	-0.310746	-0.107480	173.087921
13.7200	-0.311608	-0.097523	173.092880
13.7300	-0.306411	-0.091468	173.089355
13.7400	-0.305809	-0.085291	173.088623
13.7500	-0.310103	-0.082440	173.095398
13.7600	-0.307333	-0.082224	173.106400
13.7700	-0.305095	-0.073772	173.106552
13.7800	-0.302575	-0.085932	173.110428
13.7900	-0.298074	-0.088948	173.107941
13.8000	-0.297079	-0.092136	173.104736
13.8100	-0.297942	-0.095444	173.116318
13.8200	-0.292105	-0.089263	173.121185
13.8300	-0.288428	-0.093528	173.132584
13.8400	-0.285851	-0.089869	173.133209
13.8500	-0.289023	-0.089919	173.126648
13.8600	-0.297683	-0.079007	173.115662
13.8700	-0.303038	-0.074769	173.108734
13.8800	-0.305992	-0.079779	173.113998
13.8900	-0.305804	-0.078801	173.119217
13.9000	-0.307442	-0.087903	173.126328
13.9100	-0.313824	-0.093162	173.126816
13.9200	-0.325433	-0.101963	173.133728
13.9300	-0.331713	-0.096082	173.139618
13.9400	-0.337638	-0.093230	173.145706
13.9500	-0.337376	-0.089095	173.151291
13.9600	-0.339038	-0.091294	173.141495
13.9700	-0.340996	-0.089722	173.134293
13.9800	-0.332343	-0.090269	173.131302
13.9900	-0.338685	-0.086825	173.140106
14.0000	-0.337510	-0.081980	173.136703
14.0100	-0.333525	-0.084604	173.138931
14.0200	-0.336763	-0.078233	173.147552
14.0300	-0.332457	-0.072236	173.149963
14.0400	-0.338506	-0.067173	173.141418
14.0500	-0.341860	-0.061236	173.135757
14.0600	-0.338530	-0.060787	173.135162
14.0700	-0.341897	-0.056524	173.141327
14.0800	-0.337666	-0.059919	173.136093
14.0900	-0.335368	-0.060634	173.138702
14.1000	-0.339191	-0.069931	173.138702
14.1100	-0.340954	-0.064613	173.136032
14.1200	-0.339532	-0.065643	173.145691
14.1300	-0.340166	-0.070446	173.149826
14.1400	-0.347546	-0.064362	173.154984
14.1500	-0.347440	-0.066377	173.160736
14.1600	-0.351596	-0.059423	173.166290
14.1700	-0.352614	-0.059808	173.164215
14.1800	-0.356463	-0.062883	173.175949
14.1900	-0.352659	-0.064331	173.164063
14.2000	-0.344504	-0.055842	173.170212
14.2100	-0.350020	-0.041521	173.169418
14.2200	-0.350997	-0.043511	173.161575
14.2300	-0.354232	-0.042095	173.145401
14.2400	-0.358538	-0.045846	173.148560
14.2500	-0.358465	-0.046189	173.158173
14.2600	-0.351305	-0.042337	173.145966
14.2700	-0.341289	-0.040818	173.147400
14.2800	-0.338964	-0.041806	173.136536
14.2900	-0.343142	-0.038371	173.125732
14.3000	-0.345324	-0.041133	173.130493
14.3100	-0.354782	-0.049874	173.120926
14.3200	-0.357471	-0.052527	173.108887
14.3300	-0.357041	-0.045871	173.105225
14.3400	-0.359992	-0.042777	173.108597
14.3500	-0.364514	-0.033547	173.115173
14.3600	-0.358151	-0.036025	173.124969
14.3700	-0.356996	-0.037845	173.124756
14.3800	-0.359117	-0.036088	173.131912
14.3900	-0.357416	-0.041418	173.138474
14.4000	-0.357957	-0.050926	173.142059
14.4100	-0.355124	-0.052888	173.134583
14.4200	-0.350288	-0.053606	173.117386
14.4300	-0.340403	-0.048937	173.115967
14.4400	-0.334255	-0.045730	173.114502
14.4500	-0.336385	-0.047443	173.116913
14.4600	-0.331436	-0.057596	173.118027
14.4700	-0.330756	-0.056624	173.130386
14.4800	-0.341995	-0.054513	173.122299
14.4900	-0.345008	-0.070634	173.119263
14.5000	-0.349708	-0.072141	173.118011
14.5100	-0.349186	-0.076828	173.115723
14.5200	-0.345324	-0.083603	173.118805
14.5300	-0.342527	-0.076972	173.112198
14.5400	-0.344589	-0.078859	173.114914
14.5500	-0.345486	-0.074121	173.119324
14.5600	-0.347955	-0.080559	173.104477
14.5700	-0.349895	-0.074876	173.101074
14.5800	-0.353068	-0.077537	173.103577
14.5900	-0.353011	-0.072846	173.098328
14.6000	-0.343127	-0.078925	173.100082
14.6100	-0.337496	-0.072851	173.099564
14.6200	-0.335408	-0.062048	173.095581
14.6300	-0.339013	-0.055600	173.100861
14.6400	-0.335601	-0.048051	173.098938
14.6500	-0.331797	-0.041552	173.089066
14.6600	-0.334359	-0.037467	173.090073
14.6700	-0.328398	-0.039298	173.099014
14.6800	-0.331978	-0.039979	173.117676
14.6900	-0.331447	-0.042952	173.121078
14.7000	-0.328798	-0.041512	173.117752
14.7100	-0.333940	-0.039272	173.107513
14.7200	-0.340121	-0.044442	173.110153
14.7300	-0.338210	-0.049425	173.108109
14.7400	-0.327589	-0.053549	173.112686
14.7500	-0.322326	-0.050052	173.113129
14.7600	-0.319128	-0.055868	173.111923
14.7700	-0.317979	-0.061174	173.121201
14.7800	-0.318616	-0.066135	173.123657
14.7900	-0.319518	-0.060818	173.131134
14.8000	-0.320552	-0.055896	173.126251
14.8100	-0.314552	-0.051014	173.132782
14.8200	-0.315504	-0.046724	173.127884
14.8300	-0.317589	-0.045764	173.131470
14.8400	-0.311072	-0.041692	173.129700
14.8500	-0.300050	-0.036956	173.136566
14.8600	-0.294372	-0.032154	173.135529
14.8700	-0.293425	-0.029417	173.133850
14.8800	-0.294682	-0.030412	173.129395
14.8900	-0.299408	-0.036658	173.128052
14.9000	-0.294389	-0.048966	173.138535
14.9100	-0.288826	-0.049130	173.133606
14.9200	-0.288953	-0.054150	173.134277
14.9300	-0.291894	-0.063861	173.142334
14.9400	-0.302790	-0.060650	173.150131
14.9500	-0.304873	-0.066031	173.160049
14.9600	-0.302806	-0.064810	173.160172
14.9700	-0.306466	-0.073141	173.158905
14.9800	-0.305139	-0.078918	173.162918
14.9900	-0.304815	-0.080689	173.169907
15.0000	-0.305881	-0.082416	173.174271
15.0100	-0.310630	-0.081089	173.169861
15.0200	-0.309237	-0.085661	173.173492
15.0300	-0.313769	-0.089106	173.175858
15.0400	-0.312750	-0.089225	173.174118
15.0500	-0.305934	-0.095190	173.161057
15.0600	-0.311239	-0.089413	173.155258
15.0700	-0.316856	-0.096411	173.153198
15.0800	-0.307391	-0.100375	173.149429
15.0900	-0.302823	-0.093574	173.148895
15.1000	-0.296446	-0.088439	173.150223
15.1100	-0.294906	-0.091412	173.147949
15.1200	-0.292871	-0.092631	173.143784
15.1300	-0.288685	-0.097440	173.140015
15.1400	-0.293768	-0.101375	173.143494
15.1500	-0.284582	-0.098984	173.142776
15.1600	-0.286146	-0.099744	173.143082
15.1700	-0.284032	-0.101390	173.145599
15.1800	-0.279206	-0.094176	173.146118
15.1900	-0.279722	-0.090100	173.142410
15.2000	-0.281825	-0.089891	173.133194
15.2100	-0.283477	-0.092357	173.124146
15.2200	-0.288495	-0.090296	173.133255
15.2300	-0.288032	-0.093346	173.140137
15.2400	-0.294580	-0.098302	173.128128
15.2500	-0.298592	-0.091475	173.127914
15.2600	-0.304178	-0.090826	173.125519
15.2700	-0.297124	-0.091534	173.139450
15.2800	-0.301020	-0.091061	173.138687
15.2900	-0.296086	-0.086790	173.146164
15.3000	-0.294091	-0.093106	173.150070
15.3100	-0.287127	-0.098770	173.153519
15.3200	-0.286470	-0.101507	173.146652
15.3300	-0.291359	-0.105523	173.164444
15.3400	-0.287906	-0.104378	173.167542
15.3500	-0.294558	-0.101879	173.162781
15.3600	-0.295670	-0.108527	173.152603
15.3700	-0.298778	-0.120172	173.153412
15.3800	-0.303065	-0.121838	173.156036
15.3900	-0.303421	-0.121019	173.153625
15.4000	-0.304887	-0.122716	173.152267
15.4100	-0.303590	-0.125633	173.163315
15.4200	-0.299622	-0.124766	173.173553
15.4300	-0.301590	-0.134210	173.179123
15.4400	-0.308068	-0.130048	173.176804
15.4500	-0.315574	-0.131750	173.177231
15.4600	-0.314734	-0.133301	173.173904
15.4700	-0.308605	-0.125496	173.175751
15.4800	-0.315132	-0.131472	173.170288
15.4900	-0.313815	-0.132881	173.171906
15.5000	-0.308599	-0.132127	173.173737
15.5100	-0.306603	-0.133039	173.175720
15.5200	-0.300523	-0.136540	173.176437
15.5300	-0.299785	-0.129024	173.178513
15.5400	-0.294114	-0.129480	173.179214
15.5500	-0.299051	-0.127952	173.178192
15.5600	-0.300220	-0.121935	173.172775
15.5700	-0.294567	-0.116447	173.168304
15.5800	-0.293991	-0.118345	173.174149
15.5900	-0.294513	-0.112508	173.177505
15.6000	-0.291028	-0.110176	173.181183
15.6100	-0.289286	-0.107877	173.170731
15.6200	-0.288472	-0.113688	173.170013
15.6300	-0.293143	-0.115603	173.168182
15.6400	-0.299216	-0.119605	173.158127
15.6500	-0.312778	-0.116194	173.155884
15.6600	-0.327833	-0.118993	173.166397
15.6700	-0.325625	-0.122269	173.159653
15.6800	-0.323958	-0.120931	173.167297
15.6900	-0.326679	-0.119548	173.169495
15.7000	-0.330499	-0.121182	173.163239
15.7100	-0.330980	-0.119188	173.154999
15.7200	-0.335774	-0.113253	173.157822
15.7300	-0.336813	-0.112162	173.159698
15.7400	-0.333224	-0.116571	173.158173
15.7500	-0.334273	-0.109031	173.159195
15.7600	-0.340197	-0.104604	173.166214
15.7700	-0.339465	-0.106902	173.156097
15.7800	-0.340258	-0.110613	173.145920
15.7900	-0.338656	-0.119560	173.152039
15.8000	-0.339872	-0.117196	173.150558
15.8100	-0.341217	-0.130602	173.140869
15.8200	-0.340508	-0.135555	173.139420
15.8300	-0.338833	-0.136833	173.132416
15.8400	-0.338794	-0.138554	173.142883
15.8500	-0.332301	-0.143185	173.145935
15.8600	-0.334885	-0.142173	173.147552
15.8700	-0.333307	-0.142562	173.153549
15.8800	-0.335745	-0.149038	173.159454
15.8900	-0.344264	-0.145898	173.168732
15.9000	-0.342216	-0.143509	173.166428
15.9100	-0.350133	-0.143169	173.167923
15.9200	-0.355471	-0.132962	173.161514
15.9300	-0.353821	-0.135053	173.158142
15.9400	-0.348476	-0.139269	173.159180
15.9500	-0.350748	-0.136118	173.166733
15.9600	-0.353454	-0.129212	173.157120
15.9700	-0.356992	-0.117126	173.165024
15.9800	-0.348407	-0.115912	173.158691
15.9900	-0.342913	-0.121165	173.159149
16.0000	-0.346771	-0.121550	173.156616
16.0100	-0.346199	-0.114823	173.153778
16.0200	-0.350180	-0.106570	173.152344
16.0300	-0.341397	-0.109930	173.156906
16.0400	-0.340819	-0.110993	173.161102
16.0500	-0.335217	-0.110917	173.160278
16.0600	-0.331657	-0.113244	173.156555
16.0700	-0.322877	-0.113355	173.147446
16.0800	-0.325074	-0.112311	173.140640
16.0900	-0.329196	-0.116971	173.138474
16.1000	-0.326678	-0.122627	173.127365
16.1100	-0.325454	-0.124637	173.123749
16.1200	-0.332330	-0.126344	173.121277
16.1300	-0.338450	-0.126767	173.125717
16.1400	-0.330239	-0.126827	173.123886
16.1500	-0.327631	-0.125150	173.130142
16.1600	-0.324239	-0.136385	173.140045
16.1700	-0.320659	-0.123237	173.138397
16.1800	-0.312475	-0.125189	173.141098
16.1900	-0.300624	-0.128412	173.132782
16.2000	-0.294733	-0.116526	173.127853
16.2100	-0.291395	-0.113323	173.121490
16.2200	-0.294805	-0.115730	173.117767
16.2300	-0.289216	-0.100645	173.120651
16.2400	-0.291153	-0.094718	173.133270
16.2500	-0.293687	-0.097301	173.132584
16.2600	-0.292194	-0.089601	173.135025
16.2700	-0.287443	-0.089801	173.139694
16.2800	-0.287286	-0.084130	173.145432
16.2900	-0.292631	-0.079860	173.147537
16.3000	-0.296291	-0.081421	173.143967
16.3100	-0.297482	-0.074518	173.143295
16.3200	-0.300831	-0.080837	173.139877
16.3300	-0.303889	-0.085254	173.134415
16.3400	-0.306560	-0.090199	173.128220
16.3500	-0.293943	-0.089354	173.128326
16.3600	-0.288253	-0.095672	173.134842
16.3700	-0.294899	-0.097190	173.124054
16.3800	-0.288026	-0.095502	173.125366
16.3900	-0.288727	-0.088284	173.121552
16.4000	-0.279386	-0.084826	173.122299
16.4100	-0.271020	-0.086190	173.117294
16.4200	-0.267654	-0.094480	173.108002
16.4300	-0.276348	-0.102675	173.110687
16.4400	-0.275967	-0.093189	173.109406
16.4500	-0.275099	-0.081445	173.118729
16.4600	-0.281611	-0.077227	173.122375
16.4700	-0.280979	-0.076640	173.121841
16.4800	-0.286883	-0.072259	173.120651
16.4900	-0.290499	-0.073229	173.129822
16.5000	-0.294584	-0.074950	173.142899
16.5100	-0.290064	-0.068178	173.138016
16.5200	-0.280344	-0.071659	173.134995
16.5300	-0.280623	-0.064677	173.141846
16.5400	-0.284593	-0.070026	173.142563
16.5500	-0.290714	-0.070418	173.154160
16.5600	-0.287295	-0.075864	173.149078
16.5700	-0.286295	-0.082812	173.147293
16.5800	-0.289229	-0.076262	173.154541
16.5900	-0.292110	-0.070974	173.155762
16.6000	-0.284553	-0.063575	173.147583
16.6100	-0.291507	-0.059575	173.137253
16.6200	-0.296471	-0.058920	173.138290
16.6300	-0.302118	-0.064868	173.150116
16.6400	-0.313217	-0.061362	173.167282
16.6500	-0.316801	-0.058852	173.166031
16.6600	-0.319985	-0.054710	173.165176
16.6700	-0.317768	-0.058475	173.167160
16.6800	-0.316610	-0.068549	173.164734
16.6900	-0.309486	-0.070782	173.168396
16.7000	-0.308431	-0.069849	173.179825
16.7100	-0.308788	-0.074230	173.173248
16.7200	-0.317426	-0.078556	173.176010
16.7300	-0.318169	-0.078791	173.177612
16.7400	-0.323670	-0.076684	173.172180
16.7500	-0.324294	-0.073540	173.173523
16.7600	-0.324638	-0.077261	173.154984
16.7700	-0.324802	-0.070882	173.154175
16.7800	-0.326948	-0.074404	173.150284
16.7900	-0.325613	-0.075116	173.152557
16.8000	-0.331320	-0.076940	173.159241
16.8100	-0.332519	-0.073790	173.163864
16.8200	-0.340150	-0.076509	173.162445
16.8300	-0.337619	-0.079843	173.154175
16.8400	-0.330619	-0.079959	173.150558
16.8500	-0.333872	-0.069276	173.147522
16.8600	-0.339797	-0.073423	173.143692
16.8700	-0.342106	-0.071748	173.144104
16.8800	-0.348208	-0.069242	173.143082
16.8900	-0.346583	-0.065337	173.142303
16.9000	-0.343166	-0.066327	173.144241
16.9100	-0.339442	-0.084523	173.138077
16.9200	-0.347359	-0.074619	173.132156
16.9300	-0.355464	-0.077839	173.138519
16.9400	-0.351074	-0.068310	173.122818
16.9500	-0.352077	-0.061569	173.129486
16.9600	-0.346470	-0.058352	173.128952
16.9700	-0.358019	-0.061365	173.137939
16.9800	-0.366134	-0.069837	173.132523
16.9900	-0.379349	-0.075341	173.134354
17.0000	-0.378674	-0.073358	173.126083
17.0100	-0.371704	-0.070924	173.124588
17.0200	-0.371693	-0.077823	173.124741
17.0300	-0.372292	-0.089560	173.132126
17.0400	-0.369314	-0.085471	173.147125
17.0500	-0.367420	-0.083441	173.141357
17.0600	-0.366344	-0.084145	173.144180
17.0700	-0.366290	-0.076752	173.152496
17.0800	-0.365312	-0.074130	173.147522
17.0900	-0.363776	-0.072765	173.147324
17.1000	-0.366898	-0.078553	173.160370
17.1100	-0.371619	-0.077621	173.160614
17.1200	-0.366776	-0.072649	173.154236
17.1300	-0.364016	-0.072636	173.158020
17.1400	-0.366692	-0.068406	173.165359
17.1500	-0.366230	-0.076946	173.168579
17.1600	-0.367210	-0.080791	173.162094
17.1700	-0.361254	-0.080432	173.162781
17.1800	-0.365319	-0.081041	173.161453
17.1900	-0.376690	-0.085009	173.155319
17.2000	-0.374838	-0.086421	173.148270
17.2100	-0.375896	-0.086371	173.136871
17.2200	-0.375051	-0.090405	173.145187
17.2300	-0.372794	-0.099214	173.143021
17.2400	-0.374450	-0.105596	173.137466
17.2500	-0.376933	-0.107938	173.133423
17.2600	-0.380398	-0.112083	173.132126
17.2700	-0.371099	-0.106265	173.136032
17.2800	-0.359529	-0.111635	173.130981
17.2900	-0.352790	-0.110005	173.126587
17.3000	-0.347472	-0.107499	173.121384
17.3100	-0.344113	-0.113662	173.117157
17.3200	-0.340753	-0.114027	173.111771
17.3300	-0.338978	-0.112328	173.106293
17.3400	-0.332857	-0.119597	173.120636
17.3500	-0.336263	-0.123066	173.124619
17.3600	-0.337379	-0.126645	173.130447
17.3700	-0.336871	-0.125114	173.118301
17.3800	-0.337288	-0.117821	173.094177
17.3900	-0.339967	-0.124109	173.087708
17.4000	-0.336379	-0.118335	173.083038
17.4100	-0.337150	-0.121911	173.086655
17.4200	-0.346143	-0.114147	173.081451
17.4300	-0.345537	-0.116040	173.095779
17.4400	-0.357142	-0.119645	173.095352
17.4500	-0.357144	-0.118681	173.097183
17.4600	-0.361524	-0.115921	173.090851
17.4700	-0.364018	-0.110235	173.079300
17.4800	-0.354117	-0.110868	173.070480
17.4900	-0.352342	-0.104184	173.065231
17.5000	-0.354386	-0.102704	173.063721
17.5100	-0.348893	-0.100094	173.065933
17.5200	-0.348398	-0.104736	173.062592
17.5300	-0.346020	-0.108620	173.056900
17.5400	-0.343538	-0.104679	173.068954
17.5500	-0.336924	-0.106813	173.066269
17.5600	-0.337209	-0.115774	173.061050
17.5700	-0.333385	-0.114725	173.069534
17.5800	-0.331277	-0.113410	173.073303
17.5900	-0.332056	-0.113224	173.070572
17.6000	-0.330055	-0.117780	173.060654
17.6100	-0.332951	-0.121264	173.071228
17.6200	-0.330350	-0.113160	173.077332
17.6300	-0.321880	-0.116663	173.075516
17.6400	-0.317229	-0.117513	173.069443
17.6500	-0.329052	-0.124570	173.063080
17.6600	-0.327227	-0.131638	173.058029
17.6700	-0.328265	-0.132882	173.056671
17.6800	-0.320682	-0.127501	173.071289
17.6900	-0.321286	-0.119004	173.076889
17.7000	-0.319629	-0.125962	173.073853
17.7100	-0.316444	-0.127446	173.073593
17.7200	-0.313838	-0.128250	173.080627
17.7300	-0.316219	-0.125702	173.085480
17.7400	-0.314630	-0.125481	173.079193
17.7500	-0.312071	-0.130185	173.088089
17.7600	-0.304609	-0.133298	173.090805
17.7700	-0.299737	-0.139576	173.089844
17.7800	-0.296285	-0.140355	173.087952
17.7900	-0.296827	-0.139502	173.077164
17.8000	-0.296844	-0.136283	173.081680
17.8100	-0.291622	-0.138535	173.087296
17.8200	-0.284956	-0.140837	173.095871
17.8300	-0.282506	-0.136847	173.089767
17.8400	-0.287962	-0.136379	173.076096
17.8500	-0.290879	-0.125657	173.069305
17.8600	-0.295543	-0.128519	173.062790
17.8700	-0.293001	-0.123473	173.069458
17.8800	-0.292691	-0.117622	173.068665
17.8900	-0.296512	-0.115597	173.071716
17.9000	-0.297045	-0.111899	173.078857
17.9100	-0.294114	-0.111308	173.069443
17.9200	-0.285427	-0.107175	173.066803
17.9300	-0.285014	-0.105788	173.077164
17.9400	-0.285532	-0.108829	173.078064
17.9500	-0.275997	-0.110211	173.081848
17.9600	-0.283245	-0.110276	173.084305
17.9700	-0.290177	-0.106337	173.081345
17.9800	-0.296579	-0.109705	173.079742
17.9900	-0.300008	-0.110511	173.080719
18.0000	-0.296667	-0.103328	173.081497
18.0100	-0.302031	-0.099764	173.072800
18.0200	-0.302677	-0.092469	173.085312
18.0300	-0.303799	-0.096540	173.091202
18.0400	-0.301246	-0.094881	173.092529
18.0500	-0.304635	-0.094697	173.095581
18.0600	-0.310114	-0.096383	173.101349
18.0700	-0.307384	-0.091580	173.097137
18.0800	-0.314797	-0.086839	173.097855
18.0900	-0.309727	-0.085225	173.110748
18.1000	-0.312832	-0.082446	173.112366
18.1100	-0.310436	-0.089778	173.112991
18.1200	-0.309486	-0.089977	173.104538
18.1300	-0.313003	-0.088645	173.102768
18.1400	-0.311833	-0.089671	173.118240
18.1500	-0.300707	-0.096131	173.121979
18.1600	-0.301146	-0.091341	173.120361
18.1700	-0.295514	-0.094865	173.132599
18.1800	-0.296261	-0.093151	173.127380
18.1900	-0.300004	-0.088641	173.141907
18.2000	-0.307210	-0.088149	173.149612
18.2100	-0.310159	-0.092684	173.143097
18.2200	-0.310769	-0.088991	173.147675
18.2300	-0.306765	-0.092560	173.149094
18.2400	-0.307638	-0.098103	173.143921
18.2500	-0.307883	-0.103159	173.147018
18.2600	-0.309281	-0.105843	173.147919
18.2700	-0.303748	-0.108515	173.142700
18.2800	-0.306110	-0.113260	173.139740
18.2900	-0.303861	-0.108984	173.135574
18.3000	-0.308708	-0.116088	173.121094
18.3100	-0.305258	-0.124525	173.115372
18.3200	-0.309689	-0.120520	173.116241
18.3300	-0.312378	-0.117346	173.100220
18.3400	-0.305274	-0.118885	173.099762
18.3500	-0.305243	-0.120025	173.104416
18.3600	-0.301996	-0.107199	173.100800
18.3700	-0.306764	-0.109928	173.104614
18.3800	-0.308256	-0.113805	173.107025
18.3900	-0.308380	-0.117239	173.108597
18.4000	-0.309485	-0.120831	173.108246
18.4100	-0.304120	-0.130929	173.106125
18.4200	-0.305135	-0.136260	173.118118
18.4300	-0.308789	-0.139244	173.117783
18.4400	-0.318412	-0.139649	173.115143
18.4500	-0.320569	-0.143099	173.116684
18.4600	-0.319866	-0.141660	173.109055
18.4700	-0.319125	-0.143650	173.110962
18.4800	-0.321798	-0.143762	173.102585
18.4900	-0.322823	-0.142340	173.099289
18.5000	-0.322373	-0.138651	173.092575
18.5100	-0.325108	-0.134636	173.093430
18.5200	-0.330824	-0.134704	173.094437
18.5300	-0.336870	-0.135727	173.086670
18.5400	-0.336040	-0.136850	173.090927
18.5500	-0.331281	-0.137549	173.090820
18.5600	-0.324888	-0.134175	173.084641
18.5700	-0.328981	-0.136236	173.087143
18.5800	-0.326125	-0.141886	173.082565
18.5900	-0.330180	-0.144283	173.080643
18.6000	-0.330936	-0.145670	173.064774
18.6100	-0.319755	-0.141009	173.069366
18.6200	-0.312820	-0.137557	173.071396
18.6300	-0.303946	-0.133476	173.066940
18.6400	-0.303037	-0.139552	173.064713
18.6500	-0.303909	-0.141128	173.063614
18.6600	-0.312265	-0.139399	173.056839
18.6700	-0.319325	-0.142076	173.061935
18.6800	-0.321121	-0.145351	173.057953
18.6900	-0.319361	-0.145095	173.063004
18.7000	-0.317044	-0.145978	173.067200
18.7100	-0.318855	-0.132705	173.058456
18.7200	-0.318006	-0.129507	173.071304
18.7300	-0.324111	-0.128729	173.085022
18.7400	-0.320460	-0.127766	173.079636
18.7500	-0.314189	-0.122099	173.072327
18.7600	-0.318433	-0.113955	173.076431
18.7700	-0.310195	-0.113695	173.085999
18.7800	-0.309844	-0.113720	173.090134
18.7900	-0.311123	-0.117401	173.089203
18.8000	-0.313722	-0.120461	173.078156
18.8100	-0.311132	-0.115488	173.083099
18.8200	-0.316007	-0.118834	173.094742
18.8300	-0.318258	-0.120253	173.085602
18.8400	-0.315142	-0.105743	173.080856
18.8500	-0.309020	-0.110628	173.089096
18.8600	-0.307550	-0.120700	173.102493
18.8700	-0.315771	-0.123987	173.101578
18.8800	-0.316280	-0.120026	173.092224
18.8900	-0.315373	-0.117886	173.090118
18.9000	-0.319942	-0.121085	173.087494
18.9100	-0.324823	-0.119382	173.088577
18.9200	-0.321295	-0.123538	173.086761
18.9300	-0.332827	-0.121082	173.087296
18.9400	-0.338286	-0.127441	173.086792
18.9500	-0.344425	-0.139807	173.091827
18.9600	-0.347589	-0.139526	173.080032
18.9700	-0.343556	-0.137705	173.089554
18.9800	-0.342024	-0.127347	173.083038
18.9900	-0.340487	-0.129819	173.082275
19.0000	-0.348215	-0.126393	173.079498
19.0100	-0.352856	-0.126811	173.079193
19.0200	-0.354521	-0.126415	173.074707
19.0300	-0.349626	-0.123782	173.065292
19.0400	-0.344162	-0.130509	173.072571
19.0500	-0.342523	-0.139378	173.084259
19.0600	-0.339178	-0.146838	173.082413
19.0700	-0.341133	-0.145166	173.075623
19.0800	-0.343300	-0.153876	173.067139
19.0900	-0.353173	-0.156233	173.072006
19.1000	-0.350792	-0.156116	173.080887
19.1100	-0.344309	-0.159132	173.086395
19.1200	-0.336845	-0.158080	173.088211
19.1300	-0.340708	-0.159707	173.075928
19.1400	-0.349574	-0.153076	173.074524
19.1500	-0.348739	-0.150760	173.083099
19.1600	-0.342875	-0.146416	173.081818
19.1700	-0.346264	-0.135694	173.079086
19.1800	-0.346451	-0.144841	173.076416
19.1900	-0.338995	-0.140973	173.076492
19.2000	-0.341619	-0.134959	173.071808
19.2100	-0.339576	-0.134932	173.070633
19.2200	-0.336363	-0.133847	173.069458
19.2300	-0.331828	-0.138184	173.066193
19.2400	-0.330440	-0.143536	173.074097
19.2500	-0.341399	-0.154946	173.070618
19.2600	-0.344013	-0.153091	173.059631
19.2700	-0.342711	-0.152047	173.060425
19.2800	-0.351046	-0.160869	173.059418
19.2900	-0.354789	-0.162290	173.061081
19.3000	-0.354003	-0.161932	173.068024
19.3100	-0.363852	-0.159137	173.071228
19.3200	-0.366809	-0.154673	173.072983
19.3300	-0.362606	-0.146473	173.072189
19.3400	-0.367106	-0.153330	173.072693
19.3500	-0.371137	-0.144795	173.070374
19.3600	-0.369086	-0.140720	173.073212
19.3700	-0.369146	-0.137494	173.078125
19.3800	-0.378681	-0.124062	173.072021
19.3900	-0.375447	-0.118860	173.063828
19.4000	-0.372686	-0.119617	173.053497
19.4100	-0.364863	-0.125140	173.059052
19.4200	-0.365326	-0.130001	173.067627
19.4300	-0.358513	-0.131536	173.074829
19.4400	-0.352919	-0.130145	173.079910
19.4500	-0.347656	-0.138735	173.079346
19.4600	-0.334984	-0.138634	173.077805
19.4700	-0.329474	-0.131014	173.075760
19.4800	-0.335009	-0.132306	173.068192
19.4900	-0.331659	-0.131325	173.064041
19.5000	-0.329420	-0.127361	173.073380
19.5100	-0.329345	-0.141452	173.078796
19.5200	-0.332626	-0.134383	173.081985
19.5300	-0.332395	-0.132609	173.074005
