0.0000	0.051040	0.221289	17.929474
0.0100	0.042948	0.211446	17.930693
0.0200	0.044394	0.205649	17.937475
0.0300	0.048350	0.202003	17.936085
0.0400	0.048914	0.200748	17.936209
0.0500	0.049124	0.198119	17.940479
0.0600	0.054542	0.192722	17.934750
0.0700	0.058960	0.187881	17.927080
0.0800	0.063947	0.193389	17.931465
0.0900	0.067039	0.199503	17.924520
0.1000	0.067982	0.197022	17.926188
0.1100	0.075259	0.191737	17.932951
0.1200	0.070251	0.193636	17.925501
0.1300	0.065792	0.192728	17.921886
0.1400	0.066950	0.200374	17.912310
0.1500	0.072964	0.210418	17.897493
0.1600	0.075597	0.215351	17.904373
0.1700	0.073359	0.210467	17.902031
0.1800	0.070948	0.212983	17.905550
0.1900	0.060277	0.210660	17.911530
0.2000	0.052368	0.213351	17.916105
0.2100	0.043841	0.213828	17.908976
0.2200	0.043619	0.219684	17.910284
0.2300	0.040634	0.217335	17.910444
0.2400	0.042116	0.210854	17.911461
0.2500	0.041861	0.210185	17.911400
0.2600	0.042349	0.217807	17.910145
0.2700	0.038453	0.225899	17.910149
0.2800	0.041653	0.226122	17.918570
0.2900	0.035752	0.223300	17.914120
0.3000	0.033044	0.221870	17.915808
0.3100	0.024447	0.206062	17.927927
0.3200	0.020493	0.201493	17.935484
0.3300	0.013962	0.196799	17.935450
0.3400	0.019484	0.200755	17.948427
0.3500	0.020483	0.193894	17.954081
0.3600	0.027470	0.197252	17.964642
0.3700	0.016282	0.200666	17.955076
0.3800	0.019495	0.186831	17.952017
0.3900	0.026142	0.187736	17.934008
0.4000	0.027129	0.189373	17.930361
0.4100	0.033539	0.194424	17.930315
0.4200	0.032111	0.196568	17.928057
0.4300	0.036758	0.199541	17.928211
0.4400	0.040361	0.196226	17.911997
0.4500	0.035373	0.193768	17.909077
0.4600	0.035153	0.194959	17.907442
0.4700	0.037589	0.195626	17.912573
0.4800	0.035780	0.190772	17.913502
0.4900	0.033832	0.186387	17.917070
0.5000	0.042627	0.178490	17.918026
0.5100	0.042798	0.172619	17.920818
0.5200	0.038703	0.170709	17.926363
0.5300	0.036567	0.160736	17.935047
0.5400	0.039743	0.159785	17.941137
0.5500	0.034284	0.166007	17.940466
0.5600	0.030887	0.163390	17.940239
0.5700	0.024191	0.166045	17.942205
0.5800	0.022690	0.169804	17.940863
0.5900	0.024423	0.179271	17.937160
0.6000	0.029083	0.182582	17.926092
0.6100	0.036988	0.181074	17.922609
0.6200	0.037762	0.176657	17.919006
0.6300	0.039485	0.173564	17.915461
0.6400	0.041976	0.172432	17.912577
0.6500	0.031994	0.166580	17.911341
0.6600	0.043022	0.166420	17.913414
0.6700	0.050131	0.173260	17.926218
0.6800	0.055073	0.175423	17.927347
0.6900	0.064692	0.174773	17.926895
0.7000	0.066030	0.169861	17.937084
0.7100	0.064624	0.167951	17.932564
0.7200	0.061119	0.169082	17.936964
0.7300	0.059460	0.170336	17.939337
0.7400	0.056212	0.171201	17.933907
0.7500	0.046272	0.172801	17.933453
0.7600	0.043960	0.178040	17.939177
0.7700	0.048408	0.185825	17.943499
0.7800	0.049436	0.185473	17.945663
0.7900	0.050637	0.185079	17.948811
0.8000	0.048952	0.180543	17.948004
0.8100	0.044089	0.177561	17.958139
0.8200	0.043474	0.181460	17.947592
0.8300	0.045935	0.180989	17.946526
0.8400	0.043279	0.181085	17.937208
0.8500	0.047592	0.178457	17.931578
0.8600	0.049310	0.177936	17.933992
0.8700	0.040476	0.180930	17.916090
0.8800	0.046534	0.171141	17.913418
0.8900	0.054733	0.172500	17.921217
0.9000	0.045624	0.173788	17.926586
0.9100	0.040836	0.170190	17.931116
0.9200	0.039975	0.176831	17.933662
0.9300	0.049295	0.178850	17.939207
0.9400	0.057907	0.173413	17.936659
0.9500	0.062158	0.176063	17.934656
0.9600	0.055231	0.174340	17.930248
0.9700	0.051270	0.169747	17.929396
0.9800	0.047695	0.176130	17.935005
0.9900	0.044348	0.177035	17.935106
1.0000	0.043125	0.176864	17.947117
1.0100	0.045347	0.180310	17.957714
1.0200	0.042471	0.176197	17.956438
1.0300	0.034533	0.180422	17.969732
1.0400	0.039016	0.179207	17.967001
1.0500	0.043365	0.179865	17.959305
1.0600	0.047694	0.183927	17.963305
1.0700	0.044252	0.180847	17.968391
1.0800	0.043499	0.180496	17.972887
1.0900	0.041753	0.181758	17.982334
1.1000	0.046159	0.186412	17.985754
1.1100	0.050094	0.184451	17.994175
1.1200	0.052424	0.180372	17.997953
1.1300	0.046633	0.171523	17.986650
1.1400	0.043624	0.171429	17.991140
1.1500	0.051721	0.174912	17.990953
1.1600	0.055353	0.168594	17.978596
1.1700	0.047606	0.156086	17.967552
1.1800	0.047094	0.148566	17.965899
1.1900	0.048442	0.155355	17.964375
1.2000	0.051061	0.157126	17.961262
1.2100	0.046296	0.152498	17.963455
1.2200	0.051556	0.153385	17.970724
1.2300	0.052555	0.154727	17.962858
1.2400	0.051562	0.151901	17.961582
1.2500	0.054054	0.146703	17.960997
1.2600	0.052419	0.148637	17.961342
1.2700	0.053079	0.145216	17.964231
1.2800	0.056972	0.148843	17.973299
1.2900	0.058244	0.143692	17.978632
1.3000	0.056065	0.137931	17.981283
1.3100	0.052170	0.131659	17.977823
1.3200	0.053436	0.138429	17.981707
1.3300	0.051557	0.144165	17.984350
1.3400	0.053435	0.143100	17.990911
1.3500	0.056973	0.147682	18.005714
1.3600	0.054632	0.153013	18.003910
1.3700	0.053489	0.154369	18.001572
1.3800	0.063547	0.159244	18.006691
1.3900	0.063312	0.164733	18.002924
1.4000	0.067361	0.154091	17.999752
1.4100	0.071980	0.150747	17.994429
1.4200	0.073335	0.156004	18.007524
1.4300	0.065087	0.146615	17.998009
1.4400	0.065897	0.152696	17.997969
1.4500	0.065957	0.161433	17.998148
1.4600	0.064409	0.170733	17.990776
1.4700	0.068439	0.179317	17.987352
1.4800	0.079410	0.178698	17.980392
1.4900	0.079546	0.182962	17.993465
1.5000	0.079182	0.186961	17.983521
1.5100	0.090172	0.189463	17.980801
1.5200	0.091342	0.191525	17.976589
1.5300	0.099638	0.183443	17.970390
1.5400	0.102903	0.184582	17.973886
1.5500	0.102228	0.184344	17.967684
1.5600	0.100781	0.188841	17.974306
1.5700	0.102196	0.191452	17.982952
1.5800	0.096021	0.193940	17.975441
1.5900	0.091900	0.193417	17.985077
1.6000	0.092190	0.186789	17.993553
1.6100	0.097606	0.186208	17.991646
1.6200	0.099364	0.182388	17.985760
1.6300	0.101791	0.191565	17.978060
1.6400	0.102394	0.194235	17.970997
1.6500	0.093986	0.187342	17.973127
1.6600	0.093358	0.189271	17.986095
1.6700	0.087865	0.202634	17.983873
1.6800	0.083750	0.200517	17.978361
1.6900	0.077741	0.195399	17.978018
1.7000	0.075977	0.198751	17.976990
1.7100	0.077673	0.199121	17.971874
1.7200	0.076413	0.196152	17.975489
1.7300	0.072582	0.201223	17.977901
1.7400	0.066290	0.203285	17.980000
1.7500	0.061073	0.203237	17.971254
1.7600	0.059683	0.201315	17.968782
1.7700	0.055825	0.210062	17.964314
1.7800	0.054570	0.211391	17.968716
1.7900	0.053768	0.204264	17.963942
1.8000	0.055222	0.203549	17.965712
1.8100	0.060536	0.206869	17.971767
1.8200	0.055121	0.205458	17.983644
1.8300	0.051737	0.201361	17.982847
1.8400	0.053018	0.197765	17.985968
1.8500	0.057389	0.196738	17.996145
1.8600	0.053084	0.197179	17.998371
1.8700	0.052882	0.196772	18.001772
1.8800	0.057067	0.205402	18.007662
1.8900	0.064300	0.190624	18.013000
1.9000	0.063742	0.178246	18.004541
1.9100	0.068242	0.188673	18.008579
1.9200	0.062190	0.187189	18.001577
1.9300	0.058893	0.189434	18.001722
1.9400	0.068186	0.191563	17.991232
1.9500	0.066985	0.190357	17.989079
1.9600	0.070348	0.185546	17.985317
1.9700	0.070469	0.191607	17.984041
1.9800	0.065838	0.196656	17.992704
1.9900	0.063293	0.196503	17.990011
2.0000	0.067592	0.199831	18.001997
2.0100	0.064553	0.195816	18.009558
2.0200	0.058975	0.195211	18.013935
2.0300	0.060144	0.192563	18.017347
2.0400	0.058999	0.186329	18.026274
2.0500	0.064442	0.191866	18.033937
2.0600	0.060651	0.198752	18.029171
2.0700	0.061069	0.205345	18.033985
2.0800	0.054249	0.207092	18.032429
2.0900	0.058501	0.193818	18.024448
2.1000	0.063093	0.193421	18.023193
2.1100	0.065512	0.186303	18.034277
2.1200	0.063596	0.191393	18.034201
2.1300	0.059116	0.193299	18.039516
2.1400	0.057808	0.190316	18.045845
2.1500	0.052890	0.178744	18.050644
2.1600	0.053752	0.177844	18.048914
2.1700	0.056644	0.174391	18.044065
2.1800	0.050673	0.179361	18.043859
2.1900	0.046940	0.175773	18.041290
2.2000	0.042815	0.169876	18.036182
2.2100	0.040643	0.171527	18.044767
2.2200	0.038435	0.177305	18.042356
2.2300	0.036310	0.177019	18.031927
2.2400	0.034103	0.170992	18.032768
2.2500	0.037997	0.165065	18.037924
2.2600	0.037163	0.158717	18.034615
2.2700	0.033330	0.156002	18.036701
2.2800	0.036843	0.152011	18.024050
2.2900	0.032740	0.146019	18.021540
2.3000	0.031234	0.142319	18.005413
2.3100	0.029674	0.135086	18.004084
2.3200	0.029620	0.134503	18.006550
2.3300	0.026899	0.130935	18.009842
2.3400	0.027590	0.122740	18.010101
2.3500	0.021323	0.127264	17.996378
2.3600	0.019418	0.124005	17.989330
2.3700	0.019192	0.139418	17.997458
2.3800	0.027816	0.133660	18.005585
2.3900	0.027495	0.134915	18.007870
2.4000	0.022550	0.140648	17.998941
2.4100	0.018274	0.147894	17.998619
2.4200	0.021081	0.148949	18.000532
2.4300	0.021690	0.154624	17.992912
2.4400	0.018772	0.150717	17.990561
2.4500	0.015908	0.156887	18.002129
2.4600	0.015494	0.159992	18.010284
2.4700	0.022369	0.159489	17.995649
2.4800	0.022162	0.164125	17.998262
2.4900	0.025298	0.168597	17.998196
2.5000	0.023507	0.173362	17.996254
2.5100	0.029209	0.168178	17.993233
2.5200	0.037787	0.166367	18.000927
2.5300	0.043119	0.164565	17.995077
2.5400	0.040067	0.158767	18.002144
2.5500	0.041025	0.160238	18.004614
2.5600	0.039887	0.167061	18.010950
2.5700	0.041525	0.169788	18.017969
2.5800	0.036501	0.169780	18.016119
2.5900	0.032274	0.172039	18.023138
2.6000	0.031156	0.175042	18.019184
2.6100	0.028677	0.170395	18.020548
2.6200	0.027863	0.168796	18.016636
2.6300	0.024706	0.161083	18.024342
2.6400	0.021072	0.154832	18.022970
2.6500	0.026437	0.153347	18.026196
2.6600	0.032075	0.157844	18.022894
2.6700	0.029717	0.159448	18.019867
2.6800	0.030847	0.159901	18.023861
2.6900	0.034198	0.160279	18.021893
2.7000	0.023042	0.165004	18.015314
2.7100	0.022666	0.169008	18.021439
2.7200	0.027795	0.172921	18.021597
2.7300	0.030864	0.166166	18.031805
2.7400	0.032595	0.157237	18.032072
2.7500	0.028750	0.160655	18.038374
2.7600	0.023870	0.158953	18.036388
2.7700	0.019097	0.160470	18.035128
2.7800	0.023124	0.157934	18.035561
2.7900	0.026579	0.160531	18.034410
2.8000	0.022465	0.167225	18.034027
2.8100	0.020445	0.170206	18.024235
2.8200	0.026681	0.179690	18.031460
2.8300	0.022730	0.165962	18.029680
2.8400	0.020971	0.178721	18.036407
2.8500	0.013079	0.177393	18.033073
2.8600	0.018474	0.183111	18.038097
2.8700	0.012298	0.183284	18.038036
2.8800	0.003013	0.176306	18.046585
2.8900	-0.000349	0.167013	18.055559
2.9000	0.006177	0.154831	18.050865
2.9100	-0.000105	0.156069	18.052723
2.9200	0.002266	0.156852	18.049385
2.9300	0.007779	0.159921	18.046370
2.9400	0.019042	0.165555	18.043156
2.9500	0.020431	0.171782	18.044655
2.9600	0.025144	0.165148	18.047855
2.9700	0.032494	0.170976	18.052765
2.9800	0.035692	0.170535	18.045822
2.9900	0.044297	0.177895	18.043505
3.0000	0.036519	0.176804	18.037567
3.0100	0.035238	0.176484	18.030136
3.0200	0.031079	0.175297	18.036919
3.0300	0.023856	0.177324	18.042219
3.0400	0.021124	0.179612	18.037121
3.0500	0.014884	0.182735	18.047112
3.0600	0.018514	0.180946	18.057705
3.0700	0.003252	0.178373	18.062235
3.0800	-0.003263	0.183779	18.058084
3.0900	0.010830	0.187000	18.048077
3.1000	0.017656	0.183926	18.038784
3.1100	0.020724	0.183147	18.028692
3.1200	0.024230	0.182096	18.029377
3.1300	0.017405	0.184823	18.026480
3.1400	0.011839	0.196545	18.020914
3.1500	0.012794	0.187177	18.011223
3.1600	0.008055	0.186179	18.005827
3.1700	0.004820	0.187805	18.012852
3.1800	-0.001907	0.185024	18.011259
3.1900	-0.000810	0.184041	18.002695
3.2000	0.000968	0.181557	18.000107
3.2100	-0.002514	0.176624	18.001102
3.2200	-0.005447	0.174355	18.002203
3.2300	0.004893	0.183365	17.998096
3.2400	0.006466	0.191101	17.987772
3.2500	0.003774	0.193332	17.991716
3.2600	0.000919	0.193856	17.999290
3.2700	0.005528	0.196055	18.003344
3.2800	0.004909	0.208936	17.998156
3.2900	-0.002582	0.205801	17.990597
3.3000	-0.004908	0.202571	17.986814
3.3100	-0.008666	0.194042	17.983915
3.3200	0.000687	0.192468	17.979307
3.3300	-0.003018	0.190255	17.975626
3.3400	-0.002199	0.184979	17.974945
3.3500	0.009057	0.184737	17.979351
3.3600	0.012070	0.190834	17.965956
3.3700	0.018569	0.195227	17.970306
3.3800	0.017151	0.193438	17.982590
3.3900	0.008449	0.193045	17.986258
3.4000	0.016239	0.193889	17.985077
3.4100	0.006256	0.190536	17.982681
3.4200	-0.002598	0.176469	17.980326
3.4300	-0.011161	0.175300	17.985567
3.4400	-0.009396	0.177601	17.985916
3.4500	-0.014672	0.185905	17.969404
3.4600	-0.020201	0.185400	17.966700
3.4700	-0.019063	0.179356	17.971794
3.4800	-0.025762	0.183774	17.973125
3.4900	-0.025816	0.183024	17.962681
3.5000	-0.030368	0.182924	17.956419
3.5100	-0.030402	0.182473	17.959293
3.5200	-0.038666	0.190298	17.969913
3.5300	-0.040009	0.198082	17.971071
3.5400	-0.038494	0.191358	17.966654
3.5500	-0.044210	0.198608	17.957396
3.5600	-0.048047	0.198263	17.955505
3.5700	-0.049278	0.203391	17.962234
3.5800	-0.043345	0.194727	17.962387
3.5900	-0.038501	0.191045	17.965403
3.6000	-0.032808	0.188672	17.964575
3.6100	-0.036975	0.199629	17.972912
3.6200	-0.029889	0.210914	17.973528
3.6300	-0.026890	0.219924	17.966883
3.6400	-0.021258	0.224864	17.958323
3.6500	-0.024695	0.224180	17.960114
3.6600	-0.020988	0.229547	17.961584
3.6700	-0.021944	0.233659	17.963448
3.6800	-0.016259	0.231032	17.958862
3.6900	-0.015712	0.226076	17.958479
3.7000	-0.015292	0.230588	17.961393
3.7100	-0.013928	0.228393	17.960552
3.7200	-0.007010	0.225878	17.961443
3.7300	-0.012518	0.222461	17.954708
3.7400	-0.003681	0.223208	17.955078
3.7500	0.000996	0.225143	17.954517
3.7600	0.000608	0.222503	17.950516
3.7700	-0.002966	0.225419	17.940647
3.7800	-0.009255	0.231034	17.934423
3.7900	-0.008177	0.238506	17.930790
3.8000	-0.012167	0.239801	17.920183
3.8100	-0.012197	0.241915	17.919031
3.8200	-0.008759	0.239341	17.925728
3.8300	-0.000973	0.237129	17.931087
3.8400	0.005464	0.238138	17.938789
3.8500	0.010892	0.231522	17.931192
3.8600	0.011393	0.232659	17.933125
3.8700	0.015258	0.234188	17.936037
3.8800	0.016030	0.241071	17.937195
3.8900	0.020697	0.242067	17.935833
3.9000	0.030469	0.245428	17.926931
3.9100	0.030209	0.245489	17.926939
3.9200	0.028154	0.245655	17.931124
3.9300	0.032506	0.241207	17.925184
3.9400	0.037295	0.242897	17.931307
3.9500	0.033185	0.245177	17.932510
3.9600	0.032208	0.242190	17.934740
3.9700	0.036426	0.247863	17.935446
3.9800	0.039422	0.255324	17.939602
3.9900	0.035573	0.253311	17.953737
4.0000	0.039444	0.249849	17.951155
4.0100	0.042903	0.249173	17.951191
4.0200	0.040362	0.251839	17.946386
4.0300	0.042711	0.260099	17.950165
4.0400	0.032073	0.270214	17.954861
4.0500	0.034408	0.272692	17.951616
4.0600	0.039103	0.261828	17.947453
4.0700	0.038539	0.252532	17.953722
4.0800	0.038151	0.254642	17.950659
4.0900	0.038053	0.249832	17.952724
4.1000	0.039761	0.239704	17.949663
4.1100	0.040857	0.237596	17.944130
4.1200	0.043209	0.239802	17.938854
4.1300	0.043781	0.230232	17.936989
4.1400	0.044969	0.232392	17.939083
4.1500	0.057185	0.230569	17.945883
4.1600	0.060350	0.231142	17.946316
4.1700	0.052563	0.224143	17.952831
4.1800	0.046874	0.222828	17.955622
4.1900	0.047717	0.217010	17.948980
4.2000	0.047907	0.207955	17.956245
4.2100	0.046040	0.214553	17.965380
4.2200	0.041576	0.227355	17.977663
4.2300	0.036934	0.222307	17.978214
4.2400	0.036809	0.220115	17.969591
4.2500	0.042652	0.215323	17.957361
4.2600	0.042092	0.226624	17.954851
4.2700	0.050964	0.220660	17.957726
4.2800	0.054401	0.214250	17.966011
4.2900	0.049813	0.221381	17.974855
4.3000	0.053468	0.215787	17.983707
4.3100	0.048871	0.221837	17.982630
4.3200	0.049964	0.221822	17.986088
4.3300	0.058189	0.224284	17.978239
4.3400	0.061530	0.222733	17.977034
4.3500	0.064116	0.220201	17.980947
4.3600	0.065265	0.225688	17.990568
4.3700	0.064514	0.227418	17.990660
4.3800	0.059791	0.226032	17.994347
4.3900	0.059302	0.222695	18.007761
4.4000	0.052020	0.216033	18.010643
4.4100	0.056228	0.219580	18.016661
4.4200	0.063723	0.221321	18.020672
4.4300	0.054093	0.224759	18.023392
4.4400	0.044901	0.219048	18.023460
4.4500	0.047559	0.222931	18.023890
4.4600	0.054955	0.225426	18.022121
4.4700	0.057171	0.222688	18.031008
4.4800	0.056106	0.220525	18.040873
4.4900	0.050868	0.220157	18.031250
4.5000	0.057438	0.220479	18.033129
4.5100	0.055675	0.218766	18.034285
4.5200	0.058906	0.215486	18.043877
4.5300	0.070643	0.201499	18.047989
4.5400	0.074917	0.198887	18.058170
4.5500	0.076599	0.204319	18.056259
4.5600	0.076876	0.207876	18.048988
4.5700	0.078434	0.212713	18.041109
4.5800	0.081575	0.215701	18.036980
4.5900	0.094460	0.222531	18.033705
4.6000	0.101114	0.219635	18.027214
4.6100	0.103121	0.211668	18.040821
4.6200	0.098579	0.206874	18.050482
4.6300	0.097608	0.204523	18.044498
4.6400	0.097860	0.211612	18.050714
4.6500	0.090597	0.204666	18.055887
4.6600	0.091518	0.202113	18.060976
4.6700	0.083302	0.195261	18.071060
4.6800	0.080392	0.190291	18.076662
4.6900	0.081638	0.190077	18.070313
4.7000	0.083524	0.187817	18.061598
4.7100	0.085724	0.182820	18.060856
4.7200	0.082803	0.186913	18.063744
4.7300	0.086177	0.189760	18.071074
4.7400	0.088454	0.182440	18.082897
4.7500	0.086388	0.184575	18.071758
4.7600	0.082527	0.183538	18.067579
4.7700	0.083610	0.184595	18.062040
4.7800	0.073389	0.194357	18.049473
4.7900	0.074844	0.202094	18.053839
4.8000	0.066008	0.198484	18.058685
4.8100	0.058584	0.191857	18.063448
4.8200	0.060163	0.183216	18.061398
4.8300	0.060752	0.181187	18.066847
4.8400	0.059954	0.188279	18.055664
4.8500	0.061130	0.195940	18.063059
4.8600	0.060579	0.196103	18.063190
4.8700	0.057647	0.203963	18.061424
4.8800	0.061487	0.200030	18.066074
4.8900	0.068887	0.204084	18.061415
4.9000	0.071012	0.204146	18.060207
4.9100	0.077963	0.199580	18.059330
4.9200	0.075910	0.202635	18.060999
4.9300	0.065669	0.208352	18.060940
4.9400	0.056897	0.194633	18.068977
4.9500	0.050962	0.186575	18.071985
4.9600	0.049595	0.183056	18.079107
4.9700	0.045386	0.179844	18.075510
4.9800	0.042044	0.180028	18.073256
4.9900	0.047804	0.185087	18.065996
5.0000	0.052742	0.181097	18.060534
5.0100	0.050552	0.182019	18.063286
5.0200	0.044298	0.178574	18.059359
5.0300	0.044023	0.185271	18.063148
5.0400	0.035822	0.175971	18.072578
5.0500	0.029583	0.173936	18.074192
5.0600	0.030576	0.186205	18.068027
5.0700	0.026336	0.189146	18.064844
5.0800	0.024443	0.187479	18.065798
5.0900	0.014721	0.176453	18.063339
5.1000	0.013249	0.184220	18.067688
5.1100	0.023729	0.175694	18.069183
5.1200	0.024622	0.170548	18.070221
5.1300	0.030612	0.180605	18.066101
5.1400	0.030636	0.186580	18.062073
5.1500	0.034155	0.186036	18.066572
5.1600	0.026489	0.184512	18.061466
5.1700	0.028157	0.184108	18.063925
5.1800	0.027137	0.186180	18.066801
5.1900	0.020813	0.192968	18.061951
5.2000	0.014795	0.191248	18.060806
5.2100	0.013031	0.188725	18.062016
5.2200	0.007784	0.199057	18.056067
5.2300	0.008672	0.206976	18.058502
5.2400	0.011161	0.211777	18.058109
5.2500	0.011068	0.213999	18.065678
5.2600	0.016263	0.207373	18.064243
5.2700	0.023530	0.203059	18.076839
5.2800	0.024951	0.199896	18.086124
5.2900	0.028173	0.200856	18.077169
5.3000	0.026256	0.212396	18.068594
5.3100	0.031674	0.202776	18.069580
5.3200	0.036660	0.202814	18.072453
5.3300	0.036625	0.207599	18.069433
5.3400	0.039086	0.221088	18.069181
5.3500	0.036177	0.218638	18.067627
5.3600	0.032536	0.220614	18.071396
5.3700	0.032514	0.221673	18.073141
5.3800	0.034306	0.219238	18.073868
5.3900	0.035760	0.226964	18.077745
5.4000	0.033466	0.227654	18.078661
5.4100	0.041417	0.223361	18.078541
5.4200	0.048512	0.216645	18.076361
5.4300	0.052371	0.208566	18.083012
5.4400	0.054967	0.195087	18.077187
5.4500	0.051265	0.192350	18.074492
5.4600	0.048672	0.191125	18.068146
5.4700	0.049586	0.187232	18.068689
5.4800	0.047267	0.182394	18.075893
5.4900	0.043613	0.193944	18.075407
5.5000	0.026196	0.197257	18.080082
5.5100	-0.005424	0.213439	18.079023
5.5200	-0.024815	0.222696	18.082272
5.5300	-0.042387	0.236159	18.081259
5.5400	-0.067261	0.250244	18.072128
5.5500	-0.080326	0.221817	18.040195
5.5600	-0.093561	0.184443	17.979757
5.5700	-0.105833	0.153300	17.915415
5.5800	-0.105682	0.153816	17.838367
5.5900	-0.098279	0.140088	17.764692
5.6000	-0.085512	0.106205	17.697969
5.6100	-0.105072	0.057561	17.623371
5.6200	-0.122768	-0.014426	17.502153
5.6300	-0.139168	-0.112046	17.340330
5.6400	-0.154079	-0.235043	17.132191
5.6500	-0.172339	-0.410589	16.892200
5.6600	-0.167020	-0.603315	16.706490
5.6700	-0.169632	-0.800267	16.664619
5.6800	-0.193516	-1.037324	16.640829
5.6900	-0.229919	-1.283934	16.560110
5.7000	-0.264838	-1.550783	16.318918
5.7100	-0.295036	-1.865058	16.095020
5.7200	-0.349154	-2.192386	15.915761
5.7300	-0.416674	-2.538683	15.710994
5.7400	-0.486665	-2.893103	15.526793
5.7500	-0.536913	-3.283715	15.383925
5.7600	-0.586762	-3.603071	15.242846
5.7700	-0.625271	-3.933294	15.126977
5.7800	-0.611401	-4.214232	14.844362
5.7900	-0.611219	-4.468741	14.547460
5.8000	-0.617215	-4.721573	14.128671
5.8100	-0.671337	-4.866389	13.323437
5.8200	-0.723835	-5.022694	12.461337
5.8300	-0.740226	-5.151379	11.991610
5.8400	-0.719996	-5.212276	11.225708
5.8500	-0.667597	-5.210464	10.095585
5.8600	-0.665297	-5.179327	9.186228
5.8700	-0.708113	-5.128434	8.378732
5.8800	-0.689341	-4.999337	7.308598
5.8900	-0.557460	-4.794707	6.370746
5.9000	-0.442747	-4.611197	5.812573
5.9100	-0.340671	-4.399621	5.405378
5.9200	-0.242205	-4.185455	5.049119
5.9300	-0.148325	-3.969650	4.448014
5.9400	0.000181	-3.677271	3.668582
5.9500	0.111942	-3.396861	3.011825
5.9600	0.270221	-3.083475	2.485384
5.9700	0.347526	-2.772057	2.374456
5.9800	0.368158	-2.457779	2.263643
5.9900	0.306639	-2.151946	2.133643
6.0000	0.266555	-1.878532	1.925318
6.0100	0.199525	-1.604051	1.943209
6.0200	0.056954	-1.340345	2.323590
6.0300	-0.026670	-1.071890	2.864047
6.0400	-0.136248	-0.843638	3.563826
6.0500	-0.249939	-0.668493	4.114283
6.0600	-0.359899	-0.510009	4.381402
6.0700	-0.451253	-0.303634	4.499213
6.0800	-0.498510	-0.107507	4.491542
6.0900	-0.495003	0.088926	4.351508
6.1000	-0.467330	0.302527	4.252975
6.1100	-0.489207	0.476978	4.267323
6.1200	-0.527485	0.604708	4.225329
6.1300	-0.578321	0.710545	4.101532
6.1400	-0.638142	0.809593	3.924331
6.1500	-0.677227	0.897046	3.724088
6.1600	-0.692004	1.000396	3.582594
6.1700	-0.700052	1.076964	3.513188
6.1800	-0.709569	1.123032	3.473550
6.1900	-0.713832	1.134013	3.449059
6.2000	-0.704305	1.123113	3.434328
6.2100	-0.695019	1.107294	3.419410
6.2200	-0.703967	1.103987	3.415255
6.2300	-0.706834	1.089423	3.328863
6.2400	-0.696944	1.076842	3.232847
6.2500	-0.692265	1.074894	3.122325
6.2600	-0.678839	1.060388	3.016430
6.2700	-0.653441	1.038331	2.940748
6.2800	-0.633692	1.011034	2.903345
6.2900	-0.626617	0.994012	2.893822
6.3000	-0.630782	0.984747	2.881566
6.3100	-0.626065	0.974546	2.872443
6.3200	-0.626346	0.965768	2.859143
6.3300	-0.620368	0.952168	2.855800
6.3400	-0.614867	0.944393	2.855258
6.3500	-0.599231	0.932478	2.850948
6.3600	-0.586882	0.924383	2.855070
6.3700	-0.575302	0.920915	2.847666
6.3800	-0.575709	0.914510	2.844993
6.3900	-0.572755	0.904987	2.845776
6.4000	-0.570530	0.886690	2.831911
6.4100	-0.564154	0.875506	2.831497
6.4200	-0.560726	0.869474	2.826409
6.4300	-0.554567	0.859878	2.822127
6.4400	-0.550543	0.858929	2.819901
6.4500	-0.547939	0.845159	2.810351
6.4600	-0.542717	0.828550	2.809128
6.4700	-0.539078	0.808073	2.810343
6.4800	-0.528158	0.798160	2.811617
6.4900	-0.521082	0.789106	2.809036
6.5000	-0.518501	0.777238	2.796501
6.5100	-0.506089	0.771956	2.790337
6.5200	-0.504844	0.764075	2.810361
6.5300	-0.501473	0.754769	2.844652
6.5400	-0.490325	0.743696	2.873018
6.5500	-0.475266	0.729937	2.937235
6.5600	-0.471209	0.728855	3.027211
6.5700	-0.469150	0.723729	3.121456
6.5800	-0.470963	0.720547	3.222097
6.5900	-0.462943	0.726029	3.342247
6.6000	-0.451451	0.725605	3.471108
6.6100	-0.446963	0.724351	3.593706
6.6200	-0.435358	0.715945	3.722794
6.6300	-0.425052	0.704791	3.828474
6.6400	-0.426572	0.695143	3.919593
6.6500	-0.419098	0.663451	3.990267
6.6600	-0.409590	0.632720	4.059592
6.6700	-0.392815	0.601744	4.110702
6.6800	-0.384478	0.570975	4.181689
6.6900	-0.365161	0.525360	4.228702
6.7000	-0.357293	0.497373	4.251050
6.7100	-0.355393	0.491088	4.238620
6.7200	-0.359374	0.489586	4.216969
6.7300	-0.370731	0.505000	4.209120
6.7400	-0.371464	0.523241	4.216453
6.7500	-0.372052	0.544996	4.215703
6.7600	-0.362990	0.546266	4.215377
6.7700	-0.349835	0.537134	4.213368
6.7800	-0.351338	0.528936	4.210621
6.7900	-0.350258	0.520523	4.204357
6.8000	-0.353622	0.523541	4.197976
6.8100	-0.362228	0.537746	4.188916
6.8200	-0.372079	0.538605	4.184170
6.8300	-0.368395	0.537543	4.174976
6.8400	-0.372854	0.532915	4.165917
6.8500	-0.371633	0.520697	4.167325
6.8600	-0.367430	0.509235	4.165992
6.8700	-0.365709	0.501614	4.166244
6.8800	-0.351526	0.496866	4.161509
6.8900	-0.334832	0.492887	4.150150
6.9000	-0.329585	0.489695	4.142226
6.9100	-0.323377	0.491651	4.136714
6.9200	-0.317444	0.495656	4.133496
6.9300	-0.316931	0.489892	4.133132
6.9400	-0.315641	0.481570	4.138525
6.9500	-0.312347	0.476087	4.138084
6.9600	-0.318645	0.478811	4.138391
6.9700	-0.319371	0.476386	4.135064
6.9800	-0.322741	0.478650	4.132550
6.9900	-0.313573	0.472110	4.137853
7.0000	-0.312765	0.467200	4.129337
7.0100	-0.309289	0.455325	4.121563
7.0200	-0.309846	0.442513	4.116622
7.0300	-0.305095	0.438672	4.101742
7.0400	-0.310002	0.437002	4.101525
7.0500	-0.304026	0.435576	4.091889
7.0600	-0.304265	0.438769	4.094914
7.0700	-0.309145	0.438968	4.085926
7.0800	-0.317741	0.445033	4.059401
7.0900	-0.311589	0.453850	4.006070
7.1000	-0.308152	0.460802	3.935943
7.1100	-0.305361	0.461153	3.864435
7.1200	-0.295102	0.454195	3.797575
7.1300	-0.285723	0.456008	3.711725
7.1400	-0.276328	0.442807	3.633004
7.1500	-0.276108	0.433967	3.568705
7.1600	-0.279697	0.416079	3.543323
7.1700	-0.276468	0.398381	3.519465
7.1800	-0.269999	0.384671	3.498106
7.1900	-0.273770	0.376918	3.483197
7.2000	-0.276930	0.362239	3.469211
7.2100	-0.264488	0.351920	3.467149
7.2200	-0.260571	0.336874	3.456905
7.2300	-0.253303	0.338677	3.434948
7.2400	-0.258200	0.339421	3.433845
7.2500	-0.261419	0.333948	3.427551
7.2600	-0.266231	0.332730	3.421875
7.2700	-0.272653	0.324134	3.424686
7.2800	-0.274552	0.330998	3.425135
7.2900	-0.264326	0.328247	3.428003
7.3000	-0.259007	0.328365	3.427160
7.3100	-0.252025	0.325131	3.425626
7.3200	-0.251370	0.316633	3.426594
7.3300	-0.249603	0.311107	3.424161
7.3400	-0.248893	0.309692	3.425395
7.3500	-0.237292	0.304499	3.423547
7.3600	-0.233504	0.307791	3.418945
7.3700	-0.228745	0.312438	3.400841
7.3800	-0.222045	0.309432	3.401140
7.3900	-0.224138	0.293281	3.405442
7.4000	-0.219779	0.292055	3.409207
7.4100	-0.212300	0.288990	3.412660
7.4200	-0.207305	0.279780	3.409946
7.4300	-0.204167	0.260649	3.418808
7.4400	-0.208775	0.243521	3.417861
7.4500	-0.200678	0.246443	3.417958
7.4600	-0.202882	0.239642	3.422702
7.4700	-0.202612	0.234706	3.432492
7.4800	-0.202989	0.235440	3.415815
7.4900	-0.194924	0.228218	3.409775
7.5000	-0.190868	0.219635	3.409774
7.5100	-0.191802	0.216828	3.413522
7.5200	-0.197117	0.221454	3.400766
7.5300	-0.196532	0.220367	3.407104
7.5400	-0.195450	0.218664	3.408895
7.5500	-0.193329	0.217951	3.406079
7.5600	-0.197239	0.207821	3.405564
7.5700	-0.201842	0.200545	3.396759
7.5800	-0.201887	0.188474	3.395879
7.5900	-0.203522	0.179115	3.396719
7.6000	-0.197513	0.178199	3.406223
7.6100	-0.195314	0.168221	3.405837
7.6200	-0.203951	0.168114	3.405401
7.6300	-0.201973	0.163863	3.398777
7.6400	-0.194514	0.162620	3.396832
7.6500	-0.191984	0.162980	3.400914
7.6600	-0.198565	0.148040	3.393174
7.6700	-0.203493	0.146046	3.381962
7.6800	-0.197540	0.141542	3.376378
7.6900	-0.199873	0.138694	3.376094
7.7000	-0.200508	0.137106	3.366900
7.7100	-0.201801	0.132011	3.372058
7.7200	-0.209159	0.126137	3.370147
7.7300	-0.208747	0.119817	3.373132
7.7400	-0.204767	0.123929	3.372910
7.7500	-0.189919	0.131824	3.377192
7.7600	-0.191320	0.130053	3.370483
7.7700	-0.192645	0.129865	3.356235
7.7800	-0.192253	0.125625	3.345054
7.7900	-0.193326	0.113477	3.343100
7.8000	-0.193208	0.106016	3.338352
7.8100	-0.197176	0.105966	3.332861
7.8200	-0.191307	0.107481	3.321205
7.8300	-0.186055	0.101394	3.322410
7.8400	-0.180568	0.096521	3.327794
7.8500	-0.185385	0.086623	3.318071
7.8600	-0.186532	0.087049	3.316762
7.8700	-0.188093	0.079488	3.324553
7.8800	-0.184994	0.078852	3.310940
7.8900	-0.185573	0.081130	3.317642
7.9000	-0.189998	0.077593	3.318910
7.9100	-0.189548	0.076160	3.317531
7.9200	-0.188043	0.082940	3.319535
7.9300	-0.194133	0.076447	3.320177
7.9400	-0.197539	0.068503	3.317633
7.9500	-0.197762	0.062177	3.316690
7.9600	-0.195547	0.059395	3.315529
7.9700	-0.194347	0.046495	3.313482
7.9800	-0.194951	0.041167	3.313818
7.9900	-0.184171	0.040960	3.318486
8.0000	-0.177211	0.035811	3.311394
8.0100	-0.171460	0.028267	3.306938
8.0200	-0.163758	0.022335	3.312889
8.0300	-0.164400	0.014403	3.302680
8.0400	-0.171739	0.009443	3.301883
8.0500	-0.168778	0.007573	3.292214
8.0600	-0.174414	-0.000903	3.285188
8.0700	-0.179485	-0.007355	3.287496
8.0800	-0.180661	-0.003720	3.291891
8.0900	-0.181705	-0.002799	3.294232
8.1000	-0.188682	-0.008552	3.296292
8.1100	-0.189553	-0.006651	3.288771
8.1200	-0.186745	-0.001181	3.280082
8.1300	-0.183721	0.007633	3.272016
8.1400	-0.184787	0.013871	3.278200
8.1500	-0.181461	0.010014	3.290040
8.1600	-0.172316	0.007090	3.288909
8.1700	-0.169129	0.006375	3.288246
8.1800	-0.166376	0.007598	3.283959
8.1900	-0.166162	0.001413	3.286407
8.2000	-0.168941	0.005072	3.286631
8.2100	-0.171910	0.007049	3.286567
8.2200	-0.171123	0.006478	3.290185
8.2300	-0.174978	0.002271	3.291328
8.2400	-0.179878	0.001442	3.285299
8.2500	-0.174788	0.004010	3.283493
8.2600	-0.173480	0.002767	3.289712
8.2700	-0.171436	0.001344	3.284945
8.2800	-0.175089	-0.000354	3.289811
8.2900	-0.169970	0.004941	3.296839
8.3000	-0.164446	0.001099	3.288014
8.3100	-0.160643	-0.002354	3.287273
8.3200	-0.162263	-0.007159	3.283993
8.3300	-0.158327	-0.009799	3.278242
8.3400	-0.161661	0.000891	3.271071
8.3500	-0.167692	-0.003167	3.271124
8.3600	-0.165554	-0.004806	3.275954
8.3700	-0.166596	-0.001022	3.286125
8.3800	-0.160293	-0.002189	3.290455
8.3900	-0.155600	-0.003815	3.295999
8.4000	-0.148735	-0.011485	3.298557
8.4100	-0.148287	-0.010875	3.302104
8.4200	-0.153774	-0.020745	3.302149
8.4300	-0.140325	-0.022375	3.295818
8.4400	-0.141767	-0.035507	3.285844
8.4500	-0.136444	-0.033587	3.286539
8.4600	-0.133932	-0.036376	3.276932
8.4700	-0.127864	-0.044064	3.275337
8.4800	-0.126991	-0.052857	3.277317
8.4900	-0.122172	-0.056636	3.265871
8.5000	-0.123217	-0.053919	3.262092
8.5100	-0.119779	-0.055533	3.264106
8.5200	-0.118129	-0.058523	3.270365
8.5300	-0.120578	-0.062217	3.272414
8.5400	-0.123036	-0.062835	3.265327
8.5500	-0.117647	-0.059357	3.268457
8.5600	-0.114113	-0.062368	3.271886
8.5700	-0.107910	-0.066972	3.269743
8.5800	-0.102590	-0.065330	3.275220
8.5900	-0.095797	-0.063075	3.279160
8.6000	-0.087897	-0.051832	3.282398
8.6100	-0.087235	-0.048927	3.279269
8.6200	-0.085417	-0.047036	3.276380
8.6300	-0.081059	-0.046212	3.282550
8.6400	-0.084515	-0.049020	3.290653
8.6500	-0.082322	-0.048218	3.284857
8.6600	-0.080693	-0.054716	3.270643
8.6700	-0.082111	-0.061532	3.267267
8.6800	-0.073664	-0.070483	3.262715
8.6900	-0.078905	-0.069637	3.255379
8.7000	-0.081809	-0.068405	3.247366
8.7100	-0.077595	-0.065175	3.252336
8.7200	-0.075302	-0.060825	3.243237
8.7300	-0.065367	-0.069681	3.248236
8.7400	-0.060856	-0.070823	3.248313
8.7500	-0.057101	-0.062840	3.260968
8.7600	-0.057284	-0.044614	3.311661
8.7700	-0.057498	-0.042256	3.386493
8.7800	-0.059372	-0.039645	3.451680
8.7900	-0.056409	-0.025165	3.514208
8.8000	-0.060395	0.002424	3.571749
8.8100	-0.072070	0.046155	3.617275
8.8200	-0.071178	0.109875	3.627659
8.8300	-0.073541	0.169152	3.599954
8.8400	-0.070435	0.242551	3.557294
8.8500	-0.051055	0.295097	3.544724
8.8600	-0.064294	0.386096	3.611590
8.8700	-0.074824	0.481871	3.661515
8.8800	-0.103036	0.601105	3.713412
8.8900	-0.151754	0.772949	3.791648
8.9000	-0.176759	0.953740	3.735895
8.9100	-0.195563	1.175772	3.719151
8.9200	-0.219331	1.427535	3.886467
8.9300	-0.275358	1.704102	4.202055
8.9400	-0.300287	1.968078	4.377316
8.9500	-0.395458	2.253379	4.510850
8.9600	-0.353039	2.554202	4.203461
8.9700	-0.375155	2.860619	4.146554
8.9800	-0.437894	3.153890	4.230882
8.9900	-0.506685	3.451744	4.315242
9.0000	-0.592214	3.604891	4.616289
9.0100	-0.651430	3.820360	4.965419
9.0200	-0.625567	4.082186	5.203128
9.0300	-0.573757	4.317945	5.347073
9.0400	-0.496056	4.564970	5.501115
9.0500	-0.377331	4.800719	5.680142
9.0600	-0.243843	5.032498	5.897053
9.0700	-0.073553	5.216084	6.355503
9.0800	0.120651	5.393851	6.961818
9.0900	0.289424	5.477079	7.623278
9.1000	0.311496	5.440953	7.930123
9.1100	0.399078	5.399660	8.205836
9.1200	0.435862	5.292207	8.599624
9.1300	0.482519	5.221879	9.024315
9.1400	0.571013	5.079869	9.946271
9.1500	0.650803	4.825490	10.676470
9.1600	0.670082	4.577361	11.223110
9.1700	0.703905	4.226176	11.755848
9.1800	0.719446	3.820920	12.448250
9.1900	0.709126	3.465424	13.002799
9.2000	0.705938	3.156641	13.390401
9.2100	0.747129	2.861259	13.595965
9.2200	0.768621	2.571261	13.902501
9.2300	0.817116	2.239999	14.129663
9.2400	0.790515	1.945147	14.222450
9.2500	0.776919	1.614841	13.994904
9.2600	0.775305	1.221765	13.641588
9.2700	0.739738	0.929424	13.216604
9.2800	0.744142	0.668815	12.769679
9.2900	0.762850	0.445194	12.556947
9.3000	0.761206	0.219649	12.406610
9.3100	0.758388	0.000999	12.316194
9.3200	0.761825	-0.218645	12.309728
9.3300	0.757323	-0.410000	12.304976
9.3400	0.765173	-0.550077	12.321547
9.3500	0.776281	-0.641261	12.331603
9.3600	0.789793	-0.709173	12.345592
9.3700	0.810729	-0.736897	12.420465
9.3800	0.814498	-0.734125	12.559159
9.3900	0.806421	-0.717416	12.709586
9.4000	0.795861	-0.701594	12.856713
9.4100	0.781343	-0.680398	13.001809
9.4200	0.774311	-0.662393	13.150318
9.4300	0.785940	-0.670902	13.318850
9.4400	0.779657	-0.655433	13.562540
9.4500	0.769129	-0.637879	13.800617
9.4600	0.758597	-0.615039	14.011757
9.4700	0.751559	-0.600986	14.196548
9.4800	0.739494	-0.597189	14.370916
9.4900	0.738684	-0.585506	14.532778
9.5000	0.730307	-0.578775	14.671161
9.5100	0.722535	-0.580187	14.813961
9.5200	0.714612	-0.578758	14.959636
9.5300	0.723357	-0.573390	15.096651
9.5400	0.714716	-0.559237	15.238710
9.5500	0.712344	-0.543211	15.380795
9.5600	0.707634	-0.530228	15.517853
9.5700	0.700810	-0.521879	15.651094
9.5800	0.698308	-0.513327	15.789548
9.5900	0.687050	-0.510535	15.930101
9.6000	0.686086	-0.503883	16.085609
9.6100	0.675613	-0.486862	16.234888
9.6200	0.676591	-0.476190	16.377565
9.6300	0.674823	-0.471011	16.512079
9.6400	0.665116	-0.459514	16.635775
9.6500	0.644560	-0.443926	16.777744
9.6600	0.623371	-0.423669	16.852406
9.6700	0.612855	-0.410325	16.887817
9.6800	0.604681	-0.395155	16.936165
9.6900	0.601232	-0.389364	16.992563
9.7000	0.605748	-0.393353	17.053926
9.7100	0.612419	-0.390605	17.149099
9.7200	0.615021	-0.394914	17.251549
9.7300	0.608349	-0.388185	17.365084
9.7400	0.609872	-0.380425	17.491571
9.7500	0.609224	-0.376346	17.611940
9.7600	0.609920	-0.366822	17.736959
9.7700	0.605764	-0.354526	17.853331
9.7800	0.611721	-0.343979	17.967066
9.7900	0.606358	-0.342884	18.082724
9.8000	0.605544	-0.335174	18.192221
9.8100	0.602761	-0.326230	18.309746
9.8200	0.602925	-0.333314	18.413725
9.8300	0.600345	-0.340175	18.511045
9.8400	0.591671	-0.333964	18.615038
9.8500	0.588007	-0.332650	18.716877
9.8600	0.578178	-0.318349	18.830652
9.8700	0.575168	-0.313673	18.935682
9.8800	0.576614	-0.312341	19.043854
9.8900	0.570074	-0.305698	19.142040
9.9000	0.575562	-0.294062	19.245407
9.9100	0.579845	-0.283670	19.338997
9.9200	0.575700	-0.274842	19.424437
9.9300	0.572860	-0.266174	19.522017
9.9400	0.558906	-0.254397	19.604891
9.9500	0.563556	-0.253753	19.696836
9.9600	0.563072	-0.248768	19.791552
9.9700	0.554743	-0.254452	19.877975
9.9800	0.550269	-0.257677	19.965389
9.9900	0.547848	-0.260624	20.058704
10.0000	0.543417	-0.252099	20.152912
10.0100	0.539187	-0.248999	20.239799
10.0200	0.536502	-0.245244	20.336739
10.0300	0.531628	-0.241751	20.431248
10.0400	0.523670	-0.219336	20.510363
10.0500	0.520966	-0.213854	20.589737
10.0600	0.514762	-0.206157	20.669189
10.0700	0.514741	-0.209148	20.747570
10.0800	0.505428	-0.205553	20.831884
10.0900	0.497676	-0.206187	20.915319
10.1000	0.493391	-0.202614	20.998165
10.1100	0.484216	-0.193838	21.075964
10.1200	0.483114	-0.174572	21.152075
10.1300	0.469163	-0.166959	21.229601
10.1400	0.461785	-0.160250	21.314438
10.1500	0.457519	-0.159691	21.395607
10.1600	0.443024	-0.160284	21.463114
10.1700	0.432523	-0.145262	21.538435
10.1800	0.421906	-0.149885	21.609186
10.1900	0.415801	-0.141532	21.666397
10.2000	0.409430	-0.137114	21.746836
10.2100	0.405625	-0.133912	21.820459
10.2200	0.407867	-0.127640	21.886053
10.2300	0.399163	-0.118306	21.948242
10.2400	0.404186	-0.108249	22.023193
10.2500	0.406905	-0.101086	22.090712
10.2600	0.400240	-0.090875	22.164473
10.2700	0.398652	-0.078631	22.226103
10.2800	0.405829	-0.071313	22.284510
10.2900	0.404957	-0.065275	22.355707
10.3000	0.403905	-0.065073	22.420988
10.3100	0.396575	-0.068563	22.486145
10.3200	0.389934	-0.059381	22.551167
10.3300	0.383488	-0.054456	22.613096
10.3400	0.386543	-0.048030	22.679787
10.3500	0.391517	-0.043587	22.742750
10.3600	0.394465	-0.043093	22.811794
10.3700	0.391016	-0.041452	22.877811
10.3800	0.388202	-0.032922	22.935251
10.3900	0.383521	-0.025850	22.981562
10.4000	0.383932	-0.027359	23.035330
10.4100	0.379377	-0.024289	23.091829
10.4200	0.376441	-0.011244	23.151899
10.4300	0.375577	-0.008687	23.207504
10.4400	0.377323	-0.005223	23.270697
10.4500	0.366834	0.010411	23.324047
10.4600	0.369215	0.020060	23.373940
10.4700	0.362846	0.038552	23.424072
10.4800	0.364287	0.047244	23.480202
10.4900	0.359269	0.055276	23.533426
10.5000	0.364013	0.062083	23.593204
10.5100	0.362552	0.067434	23.646233
10.5200	0.363370	0.069491	23.698580
10.5300	0.359030	0.071417	23.754848
10.5400	0.362461	0.070797	23.815886
10.5500	0.357708	0.070142	23.861500
10.5600	0.346735	0.077745	23.909502
10.5700	0.340872	0.085517	23.955355
10.5800	0.332860	0.091966	24.009212
10.5900	0.326791	0.097318	24.064930
10.6000	0.316364	0.095773	24.107922
10.6100	0.308108	0.102693	24.158037
10.6200	0.311005	0.101930	24.201889
10.6300	0.307761	0.101759	24.249971
10.6400	0.305318	0.102438	24.293751
10.6500	0.303866	0.110319	24.335939
10.6600	0.302900	0.114221	24.394289
10.6700	0.296740	0.117288	24.445826
10.6800	0.304069	0.116972	24.491194
10.6900	0.297772	0.118744	24.544069
10.7000	0.297081	0.113270	24.594162
10.7100	0.297274	0.117227	24.651155
10.7200	0.300158	0.112249	24.700235
10.7300	0.298159	0.122373	24.737982
10.7400	0.306370	0.127797	24.773027
10.7500	0.304030	0.127633	24.816298
10.7600	0.309600	0.127889	24.851740
10.7700	0.305798	0.128046	24.893541
10.7800	0.302267	0.139605	24.922960
10.7900	0.303304	0.136524	24.972075
10.8000	0.301725	0.141698	25.009298
10.8100	0.303723	0.145214	25.050545
10.8200	0.310455	0.142067	25.085476
10.8300	0.316034	0.138717	25.117882
10.8400	0.313677	0.141013	25.142317
10.8500	0.316233	0.145721	25.178640
10.8600	0.313658	0.142586	25.225042
10.8700	0.314128	0.150363	25.263121
10.8800	0.309609	0.154368	25.302721
10.8900	0.307021	0.154547	25.329479
10.9000	0.299876	0.156177	25.353647
10.9100	0.304019	0.149108	25.392328
10.9200	0.306890	0.145043	25.431150
10.9300	0.301939	0.149369	25.457199
10.9400	0.297420	0.158546	25.493721
10.9500	0.296319	0.158121	25.533817
10.9600	0.291976	0.161746	25.565798
10.9700	0.287251	0.162459	25.603603
10.9800	0.283740	0.162189	25.639631
10.9900	0.284403	0.159239	25.671879
11.0000	0.277605	0.154706	25.704006
11.0100	0.274945	0.149310	25.735300
11.0200	0.273090	0.152885	25.763678
11.0300	0.283301	0.154334	25.789221
11.0400	0.278710	0.158266	25.828068
11.0500	0.279961	0.160405	25.853981
11.0600	0.276764	0.162371	25.880970
11.0700	0.266993	0.170079	25.910126
11.0800	0.271077	0.172972	25.939013
11.0900	0.271978	0.178720	25.968206
11.1000	0.269452	0.177148	25.994078
11.1100	0.262452	0.179791	26.028534
11.1200	0.262442	0.175251	26.046251
11.1300	0.255092	0.175673	26.075678
11.1400	0.260528	0.181778	26.107861
11.1500	0.254859	0.181632	26.138414
11.1600	0.258154	0.188120	26.175413
11.1700	0.258528	0.192719	26.209782
11.1800	0.250396	0.190541	26.236914
11.1900	0.248852	0.185391	26.267181
11.2000	0.250035	0.174072	26.304335
11.2100	0.248147	0.173782	26.333281
11.2200	0.243977	0.175920	26.350040
11.2300	0.240102	0.175489	26.371763
11.2400	0.232668	0.186625	26.392420
11.2500	0.234569	0.189167	26.413130
11.2600	0.232354	0.187016	26.427971
11.2700	0.229047	0.189539	26.457415
11.2800	0.239675	0.188376	26.487991
11.2900	0.240528	0.190092	26.502527
11.3000	0.248131	0.185193	26.519594
11.3100	0.252366	0.189664	26.541048
11.3200	0.251673	0.195763	26.574673
11.3300	0.246584	0.196250	26.600876
11.3400	0.252703	0.191361	26.618923
11.3500	0.245255	0.187083	26.643915
11.3600	0.236494	0.192219	26.666012
11.3700	0.237426	0.197485	26.692865
11.3800	0.239209	0.197126	26.714478
11.3900	0.235431	0.198577	26.738899
11.4000	0.232130	0.208348	26.762392
