0.0000	-0.298879	-0.121971	175.961456
0.0100	-0.294710	-0.110907	175.967758
0.0200	-0.285694	-0.112260	175.966934
0.0300	-0.285984	-0.108323	175.966797
0.0400	-0.286575	-0.108500	175.975037
0.0500	-0.293678	-0.107274	175.981537
0.0600	-0.298530	-0.105993	175.987335
0.0700	-0.293733	-0.103621	175.992661
0.0800	-0.294602	-0.120691	176.034241
0.0900	-0.295123	-0.127872	176.067993
0.1000	-0.297356	-0.131673	176.094116
0.1100	-0.302630	-0.127597	176.095749
0.1200	-0.310109	-0.125434	176.101028
0.1300	-0.319709	-0.127812	176.099945
0.1400	-0.324393	-0.124384	176.097092
0.1500	-0.325137	-0.130115	176.109406
0.1600	-0.324823	-0.132449	176.121155
0.1700	-0.324695	-0.127812	176.126190
0.1800	-0.328390	-0.121975	176.131317
0.1900	-0.327440	-0.113623	176.131302
0.2000	-0.328853	-0.112957	176.128571
0.2100	-0.325525	-0.119720	176.140442
0.2200	-0.328929	-0.123229	176.154282
0.2300	-0.325392	-0.124729	176.159454
0.2400	-0.318364	-0.118308	176.166092
0.2500	-0.311381	-0.108948	176.170425
0.2600	-0.307208	-0.108030	176.173141
0.2700	-0.308614	-0.110993	176.194611
0.2800	-0.305305	-0.112231	176.210342
0.2900	-0.299912	-0.120810	176.228912
0.3000	-0.304783	-0.121134	176.230042
0.3100	-0.303738	-0.118628	176.233948
0.3200	-0.310408	-0.119606	176.247879
0.3300	-0.314289	-0.115361	176.243423
0.3400	-0.309718	-0.117010	176.253159
0.3500	-0.304759	-0.124183	176.254578
0.3600	-0.304253	-0.125172	176.261612
0.3700	-0.299843	-0.123481	176.262421
0.3800	-0.295179	-0.128560	176.276077
0.3900	-0.301723	-0.131881	176.284149
0.4000	-0.301819	-0.131110	176.293793
0.4100	-0.294145	-0.136309	176.301758
0.4200	-0.289802	-0.139020	176.316727
0.4300	-0.291271	-0.125465	176.336472
0.4400	-0.294792	-0.120506	176.341812
0.4500	-0.287395	-0.123322	176.348450
0.4600	-0.289277	-0.123102	176.352676
0.4700	-0.291711	-0.117810	176.355972
0.4800	-0.286737	-0.116833	176.365219
0.4900	-0.289228	-0.117056	176.382217
0.5000	-0.284961	-0.125211	176.384277
0.5100	-0.277217	-0.128553	176.393448
0.5200	-0.274516	-0.131422	176.391693
0.5300	-0.280219	-0.129381	176.393250
0.5400	-0.282306	-0.131588	176.398987
0.5500	-0.286421	-0.132186	176.412964
0.5600	-0.283142	-0.128999	176.427444
0.5700	-0.281139	-0.135252	176.428467
0.5800	-0.278871	-0.136170	176.430710
0.5900	-0.285195	-0.146736	176.434692
0.6000	-0.288435	-0.143150	176.443069
0.6100	-0.302100	-0.140433	176.445786
0.6200	-0.303255	-0.146567	176.441254
0.6300	-0.309835	-0.147152	176.441849
0.6400	-0.307497	-0.155244	176.440231
0.6500	-0.305718	-0.152407	176.439072
0.6600	-0.304769	-0.148049	176.442169
0.6700	-0.294839	-0.149345	176.448425
0.6800	-0.288666	-0.141348	176.453156
0.6900	-0.286358	-0.133719	176.450745
0.7000	-0.285621	-0.130862	176.448761
0.7100	-0.287195	-0.125338	176.451996
0.7200	-0.282526	-0.132828	176.456406
0.7300	-0.281246	-0.136642	176.461472
0.7400	-0.283024	-0.132712	176.467758
0.7500	-0.287726	-0.132852	176.467285
0.7600	-0.280045	-0.133773	176.463531
0.7700	-0.281263	-0.138701	176.468597
0.7800	-0.282175	-0.141785	176.474167
0.7900	-0.277506	-0.139285	176.480225
0.8000	-0.282696	-0.134180	176.481918
0.8100	-0.277744	-0.137442	176.485016
0.8200	-0.276390	-0.135507	176.492798
0.8300	-0.275088	-0.137717	176.490540
0.8400	-0.275106	-0.139880	176.485291
0.8500	-0.276129	-0.148280	176.448273
0.8600	-0.281726	-0.155087	176.399445
0.8700	-0.282841	-0.154809	176.321564
0.8800	-0.288075	-0.161917	176.260559
0.8900	-0.290588	-0.161294	176.199448
0.9000	-0.288128	-0.162555	176.156235
0.9100	-0.286345	-0.160080	176.110291
0.9200	-0.292574	-0.157217	176.053055
0.9300	-0.302896	-0.161074	175.984497
0.9400	-0.311242	-0.167054	175.935150
0.9500	-0.309664	-0.168553	175.877167
0.9600	-0.308680	-0.166422	175.805115
0.9700	-0.308079	-0.172939	175.724533
0.9800	-0.312379	-0.176820	175.648376
0.9900	-0.311438	-0.174287	175.569992
1.0000	-0.312294	-0.178255	175.490631
1.0100	-0.312661	-0.176998	175.420456
1.0200	-0.306767	-0.182113	175.361145
1.0300	-0.296432	-0.191166	175.320618
1.0400	-0.281255	-0.194041	175.280670
1.0500	-0.285915	-0.190508	175.253601
1.0600	-0.292597	-0.184639	175.229584
1.0700	-0.290109	-0.181891	175.206619
1.0800	-0.288219	-0.176667	175.156174
1.0900	-0.292348	-0.167712	175.079620
1.1000	-0.297204	-0.176021	174.982773
1.1100	-0.297190	-0.179784	174.898651
1.1200	-0.297223	-0.176028	174.834900
1.1300	-0.295201	-0.179531	174.800812
1.1400	-0.290538	-0.188574	174.802902
1.1500	-0.295302	-0.202113	174.801422
1.1600	-0.295908	-0.193199	174.826019
1.1700	-0.298974	-0.196662	174.824402
1.1800	-0.292093	-0.194528	174.825394
1.1900	-0.294388	-0.198361	174.830002
1.2000	-0.282652	-0.199200	174.841110
1.2100	-0.287981	-0.214499	174.844818
1.2200	-0.299043	-0.214830	174.848297
1.2300	-0.306558	-0.210275	174.859604
1.2400	-0.313529	-0.211977	174.863968
1.2500	-0.326795	-0.218007	174.849487
1.2600	-0.332201	-0.216304	174.768982
1.2700	-0.345510	-0.207935	174.666718
1.2800	-0.352284	-0.203736	174.575485
1.2900	-0.356251	-0.205058	174.481888
1.3000	-0.347357	-0.198567	174.425995
1.3100	-0.343305	-0.194226	174.361771
1.3200	-0.340234	-0.200750	174.300629
1.3300	-0.347525	-0.203876	174.209946
1.3400	-0.351591	-0.201338	174.106598
1.3500	-0.338004	-0.199430	174.005432
1.3600	-0.335341	-0.192320	173.923065
1.3700	-0.317688	-0.189555	173.860565
1.3800	-0.311787	-0.183989	173.790482
1.3900	-0.311341	-0.183593	173.728851
1.4000	-0.315345	-0.173593	173.662796
1.4100	-0.310509	-0.172298	173.612350
1.4200	-0.304998	-0.175894	173.588730
1.4300	-0.302191	-0.175121	173.553162
1.4400	-0.299506	-0.166672	173.540833
1.4500	-0.302547	-0.173736	173.510452
1.4600	-0.305362	-0.175928	173.481491
1.4700	-0.302094	-0.173559	173.435242
1.4800	-0.301778	-0.170492	173.378479
1.4900	-0.302582	-0.165176	173.313187
1.5000	-0.294965	-0.169804	173.292984
1.5100	-0.288269	-0.172732	173.252762
1.5200	-0.284096	-0.177282	173.207703
1.5300	-0.280165	-0.175643	173.155350
1.5400	-0.265168	-0.170514	173.085480
1.5500	-0.252918	-0.160982	173.001236
1.5600	-0.234675	-0.165432	172.909851
1.5700	-0.223790	-0.170090	172.804489
1.5800	-0.217792	-0.176642	172.682129
1.5900	-0.220383	-0.181849	172.554077
1.6000	-0.227172	-0.181630	172.412292
1.6100	-0.227435	-0.199066	172.286011
1.6200	-0.237245	-0.202652	172.153870
1.6300	-0.238689	-0.199755	172.030273
1.6400	-0.248379	-0.195083	171.923141
1.6500	-0.247690	-0.194116	171.831360
1.6600	-0.243555	-0.194362	171.758575
1.6700	-0.236787	-0.184727	171.685822
1.6800	-0.233456	-0.184228	171.607635
1.6900	-0.224276	-0.173517	171.524445
1.7000	-0.219759	-0.169423	171.438950
1.7100	-0.207771	-0.166457	171.356232
1.7200	-0.204313	-0.161000	171.279617
1.7300	-0.209033	-0.158430	171.215469
1.7400	-0.212960	-0.159780	171.140533
1.7500	-0.206588	-0.158306	171.074493
1.7600	-0.236244	-0.170508	170.874695
1.7700	-0.248221	-0.174604	170.753494
1.7800	-0.250334	-0.176334	170.693619
1.7900	-0.248670	-0.176868	170.624573
1.8000	-0.243207	-0.176930	170.559784
1.8100	-0.239600	-0.180436	170.504364
1.8200	-0.236415	-0.177310	170.431641
1.8300	-0.230273	-0.184152	170.339935
1.8400	-0.223254	-0.178167	170.250137
1.8500	-0.219768	-0.180584	170.146027
1.8600	-0.224349	-0.187729	170.036575
1.8700	-0.230067	-0.190668	169.922516
1.8800	-0.235542	-0.189591	169.797363
1.8900	-0.237734	-0.190674	169.668182
1.9000	-0.253827	-0.194866	169.507538
1.9100	-0.265300	-0.199707	169.291550
1.9200	-0.274965	-0.193813	169.031799
1.9300	-0.282184	-0.199478	168.768280
1.9400	-0.278791	-0.204409	168.522736
1.9500	-0.265164	-0.208852	168.298065
1.9600	-0.263529	-0.198556	168.098602
1.9700	-0.272580	-0.188025	167.866928
1.9800	-0.275972	-0.177930	167.665726
1.9900	-0.281073	-0.178970	167.415131
2.0000	-0.292478	-0.183562	167.090469
2.0100	-0.305956	-0.179234	166.660889
2.0200	-0.316835	-0.186816	166.199020
2.0300	-0.318235	-0.193323	165.718735
2.0400	-0.310268	-0.193740	165.240555
2.0500	-0.306619	-0.194862	164.773651
2.0600	-0.298588	-0.192579	164.366379
2.0700	-0.290076	-0.194057	163.972260
2.0800	-0.289751	-0.192242	163.615097
2.0900	-0.285193	-0.196309	163.257553
2.1000	-0.294492	-0.205139	162.807205
2.1100	-0.308038	-0.213083	162.336105
2.1200	-0.306864	-0.206287	161.910370
2.1300	-0.288677	-0.198637	161.556290
2.1400	-0.261604	-0.206556	161.274094
2.1500	-0.241276	-0.202728	161.042252
2.1600	-0.217979	-0.202403	160.830887
2.1700	-0.199978	-0.208784	160.648605
2.1800	-0.196440	-0.209388	160.461563
2.1900	-0.203947	-0.205350	160.280930
2.2000	-0.203619	-0.204154	160.089706
2.2100	-0.200786	-0.200436	159.902527
2.2200	-0.195616	-0.206944	159.743210
2.2300	-0.206517	-0.202918	159.573517
2.2400	-0.209380	-0.198422	159.394608
2.2500	-0.210831	-0.191473	159.193237
2.2600	-0.204179	-0.188796	159.029373
2.2700	-0.190273	-0.188001	158.897690
2.2800	-0.184597	-0.181307	158.772690
2.2900	-0.185203	-0.171744	158.638641
2.3000	-0.183697	-0.179763	158.515182
2.3100	-0.183887	-0.171567	158.389801
2.3200	-0.180230	-0.177967	158.256577
2.3300	-0.176353	-0.179025	158.104736
2.3400	-0.177740	-0.174714	157.971054
2.3500	-0.172103	-0.173424	157.840546
2.3600	-0.167027	-0.169756	157.723541
2.3700	-0.166939	-0.167892	157.586441
2.3800	-0.160711	-0.165018	157.451157
2.3900	-0.150223	-0.166618	157.343399
2.4000	-0.148320	-0.177842	157.232712
2.4100	-0.142768	-0.184518	157.130997
2.4200	-0.144222	-0.187053	157.021378
2.4300	-0.140512	-0.184467	156.932129
2.4400	-0.140624	-0.188666	156.874008
2.4500	-0.143382	-0.188738	156.797302
2.4600	-0.152427	-0.184620	156.704315
2.4700	-0.156374	-0.183143	156.611603
2.4800	-0.161436	-0.177607	156.498367
2.4900	-0.168177	-0.183457	156.365250
2.5000	-0.160402	-0.185403	156.257233
2.5100	-0.154847	-0.184527	156.180725
2.5200	-0.143174	-0.181976	156.125092
2.5300	-0.142114	-0.174888	156.057495
2.5400	-0.162137	-0.171537	155.969940
2.5500	-0.172091	-0.180678	155.837814
2.5600	-0.177290	-0.173629	155.705780
2.5700	-0.176586	-0.177502	155.576599
2.5800	-0.182502	-0.177338	155.447144
2.5900	-0.175726	-0.175245	155.317490
2.6000	-0.179051	-0.166166	155.173126
2.6100	-0.175960	-0.167885	155.067368
2.6200	-0.168687	-0.169895	154.972000
2.6300	-0.160877	-0.172870	154.871994
2.6400	-0.152046	-0.170558	154.769073
2.6500	-0.152089	-0.168998	154.655273
2.6600	-0.143519	-0.177673	154.567169
2.6700	-0.136635	-0.190947	154.481934
2.6800	-0.134794	-0.191084	154.400665
2.6900	-0.136909	-0.187138	154.325287
2.7000	-0.141097	-0.187295	154.230469
2.7100	-0.137190	-0.193811	154.143478
2.7200	-0.129822	-0.195643	154.060944
2.7300	-0.124666	-0.198206	153.986191
2.7400	-0.115657	-0.201991	153.925201
2.7500	-0.110644	-0.204767	153.865875
2.7600	-0.107203	-0.197991	153.827377
2.7700	-0.109737	-0.197359	153.780945
2.7800	-0.108526	-0.204148	153.718597
2.7900	-0.109940	-0.210741	153.631287
2.8000	-0.112706	-0.214235	153.534332
2.8100	-0.119118	-0.222987	153.430252
2.8200	-0.118419	-0.220840	153.306778
2.8300	-0.124260	-0.224662	153.190369
2.8400	-0.119914	-0.231031	153.057602
2.8500	-0.108316	-0.231076	152.909149
2.8600	-0.096222	-0.229236	152.782013
2.8700	-0.084629	-0.222016	152.665359
2.8800	-0.086040	-0.214365	152.546722
2.8900	-0.085958	-0.219421	152.422913
2.9000	-0.094925	-0.217604	152.260971
2.9100	-0.100273	-0.220733	152.076859
2.9200	-0.105965	-0.217604	151.892960
2.9300	-0.105758	-0.216227	151.697784
2.9400	-0.109678	-0.214450	151.509476
2.9500	-0.105697	-0.221898	151.300888
2.9600	-0.103223	-0.223907	151.110107
2.9700	-0.101686	-0.218680	150.908234
2.9800	-0.102600	-0.216088	150.707153
2.9900	-0.101792	-0.211006	150.570770
3.0000	-0.095683	-0.207936	150.452393
3.0100	-0.088780	-0.207899	150.343430
3.0200	-0.085322	-0.214724	150.232224
3.0300	-0.089443	-0.222872	150.062302
3.0400	-0.102179	-0.222466	149.844666
3.0500	-0.112717	-0.235102	149.560333
3.0600	-0.103974	-0.240354	149.307220
3.0700	-0.098449	-0.246082	149.053116
3.0800	-0.097686	-0.251115	148.756760
3.0900	-0.098346	-0.248823	148.507996
3.1000	-0.097501	-0.241738	148.318558
3.1100	-0.094385	-0.233007	148.103683
3.1200	-0.111114	-0.244231	147.819855
3.1300	-0.124044	-0.254542	147.441269
3.1400	-0.143213	-0.271416	146.955246
3.1500	-0.165908	-0.283243	146.384384
3.1600	-0.179050	-0.294990	145.851425
3.1700	-0.168692	-0.289934	145.382751
3.1800	-0.155799	-0.273234	145.033234
3.1900	-0.140306	-0.250538	144.740540
3.2000	-0.128266	-0.237972	144.470215
3.2100	-0.131767	-0.225623	144.174271
3.2200	-0.138944	-0.223480	143.851273
3.2300	-0.130216	-0.215747	143.583069
3.2400	-0.112521	-0.213410	143.379715
3.2500	-0.091291	-0.211758	143.223099
3.2600	-0.087004	-0.217666	143.060715
3.2700	-0.081052	-0.213068	142.882416
3.2800	-0.077172	-0.210243	142.705612
3.2900	-0.078324	-0.208841	142.508453
3.3000	-0.084155	-0.208686	142.283401
3.3100	-0.088415	-0.218843	142.040283
3.3200	-0.101770	-0.223959	141.765320
3.3300	-0.104442	-0.213785	141.517670
3.3400	-0.112286	-0.213950	141.274185
3.3500	-0.117475	-0.211946	140.984116
3.3600	-0.133234	-0.212527	140.634644
3.3700	-0.142143	-0.227630	140.258514
3.3800	-0.142332	-0.235994	139.904266
3.3900	-0.145425	-0.236875	139.586700
3.4000	-0.130681	-0.236887	139.354385
3.4100	-0.120639	-0.240653	139.105743
3.4200	-0.124848	-0.245037	138.807495
3.4300	-0.134477	-0.249204	138.486420
3.4400	-0.153703	-0.259701	138.059723
3.4500	-0.186867	-0.276902	137.516846
3.4600	-0.213177	-0.293385	136.885773
3.4700	-0.218963	-0.305050	136.273926
3.4800	-0.203031	-0.311724	135.746811
3.4900	-0.187954	-0.299840	135.352310
3.5000	-0.166597	-0.281036	135.027237
3.5100	-0.151400	-0.264838	134.726776
3.5200	-0.139657	-0.253787	134.409439
3.5300	-0.129333	-0.262738	134.031143
3.5400	-0.135095	-0.260861	133.606979
3.5500	-0.142975	-0.263698	133.155380
3.5600	-0.141138	-0.260152	132.688110
3.5700	-0.141197	-0.257810	132.247284
3.5800	-0.130119	-0.258345	131.831772
3.5900	-0.120670	-0.257395	131.463150
3.6000	-0.094729	-0.247629	131.190048
3.6100	-0.071628	-0.240534	131.018051
3.6200	-0.056378	-0.240506	130.843246
3.6300	-0.054724	-0.251875	130.615662
3.6400	-0.048707	-0.254982	130.377853
3.6500	-0.049164	-0.251760	130.120270
3.6600	-0.053665	-0.256872	129.866638
3.6700	-0.052060	-0.258763	129.633011
3.6800	-0.051457	-0.260043	129.396530
3.6900	-0.045064	-0.266443	129.178619
3.7000	-0.040236	-0.269828	128.943314
3.7100	-0.032464	-0.273968	128.725372
3.7200	-0.036204	-0.285137	128.494415
3.7300	-0.020274	-0.296432	128.245132
3.7400	-0.014659	-0.302243	128.034851
3.7500	-0.008096	-0.302826	127.856003
3.7600	-0.004754	-0.303918	127.660301
3.7700	-0.000562	-0.305548	127.466408
3.7800	0.004538	-0.311336	127.269646
3.7900	0.002316	-0.320288	127.048698
3.8000	0.006835	-0.322307	126.807159
3.8100	0.014870	-0.324405	126.615173
3.8200	0.006749	-0.322983	126.379601
3.8300	0.000180	-0.315428	126.096069
3.8400	-0.003427	-0.321892	125.763100
3.8500	-0.004272	-0.322415	125.441925
3.8600	-0.011195	-0.305528	125.117386
3.8700	-0.021012	-0.301528	124.789932
3.8800	-0.020776	-0.321538	124.358253
3.8900	-0.014554	-0.328076	123.987137
3.9000	-0.006610	-0.337085	123.628784
3.9100	-0.008757	-0.338327	123.269875
3.9200	-0.006097	-0.344170	122.892464
3.9300	-0.012969	-0.344066	122.460403
3.9400	-0.021071	-0.348075	121.968712
3.9500	-0.026063	-0.367900	121.381500
3.9600	-0.019930	-0.372441	120.807999
3.9700	-0.007527	-0.359963	120.366936
3.9800	0.015074	-0.341463	120.047005
3.9900	0.030298	-0.324255	119.799957
4.0000	0.039983	-0.318272	119.594574
4.0100	0.047674	-0.308907	119.447128
4.0200	0.050336	-0.309891	119.271919
4.0300	0.050733	-0.319573	119.070526
4.0400	0.049759	-0.316509	118.807083
4.0500	0.040081	-0.310634	118.532043
4.0600	0.035399	-0.316304	118.272827
4.0700	0.034621	-0.323521	117.983665
4.0800	0.030836	-0.318975	117.702385
4.0900	0.031294	-0.317587	117.420036
4.1000	0.029485	-0.305235	117.175926
4.1100	0.031133	-0.304415	116.974312
4.1200	0.036584	-0.297590	116.829330
4.1300	0.039408	-0.290551	116.683876
4.1400	0.044883	-0.274084	116.587227
4.1500	0.042925	-0.263463	116.462608
4.1600	0.037873	-0.259060	116.376686
4.1700	0.024874	-0.253608	116.319771
4.1800	0.023494	-0.248150	116.267441
4.1900	0.013987	-0.241967	116.196991
4.2000	0.008108	-0.251586	116.078316
4.2100	-0.010400	-0.254670	115.901276
4.2200	-0.015140	-0.250374	115.673950
4.2300	-0.025962	-0.249691	115.425674
4.2400	-0.030384	-0.249811	115.142853
4.2500	-0.022485	-0.252484	114.866928
4.2600	-0.021452	-0.232958	114.697029
4.2700	-0.024012	-0.225584	114.512192
4.2800	-0.036667	-0.220820	114.306618
4.2900	-0.038529	-0.216094	114.101906
4.3000	-0.028977	-0.219281	113.867210
4.3100	-0.040602	-0.225717	113.566925
4.3200	-0.060885	-0.243230	113.165253
4.3300	-0.076517	-0.251119	112.706650
4.3400	-0.086132	-0.249848	112.236359
4.3500	-0.090180	-0.246468	111.800316
4.3600	-0.083530	-0.244103	111.433823
4.3700	-0.074916	-0.233874	111.119942
4.3800	-0.061139	-0.228845	110.844292
4.3900	-0.058495	-0.224938	110.542633
4.4000	-0.060078	-0.236684	110.231651
4.4100	-0.054357	-0.247644	109.950203
4.4200	-0.051871	-0.242440	109.693535
4.4300	-0.057424	-0.249419	109.339607
4.4400	-0.063085	-0.260327	108.966492
4.4500	-0.060808	-0.254426	108.620422
4.4600	-0.059774	-0.246114	108.289543
4.4700	-0.044791	-0.247250	107.966484
4.4800	-0.035825	-0.249109	107.645378
4.4900	-0.026894	-0.249405	107.364113
4.5000	-0.013588	-0.248087	107.105751
4.5100	0.004189	-0.245374	106.931137
4.5200	0.009294	-0.239017	106.759239
4.5300	0.011302	-0.242731	106.604485
4.5400	0.010789	-0.238615	106.418739
4.5500	0.015996	-0.241442	106.233604
4.5600	0.025300	-0.240975	106.084328
4.5700	0.035638	-0.237502	105.956009
4.5800	0.045495	-0.238173	105.852219
4.5900	0.043694	-0.245101	105.748688
4.6000	0.041278	-0.244211	105.620819
4.6100	0.043407	-0.243766	105.487831
4.6200	0.049831	-0.245238	105.328499
4.6300	0.054585	-0.251831	105.167801
4.6400	0.044712	-0.260858	105.001289
4.6500	0.044101	-0.263325	104.815262
4.6600	0.043201	-0.266282	104.622765
4.6700	0.041317	-0.270123	104.418709
4.6800	0.039428	-0.267617	104.265755
4.6900	0.043305	-0.270853	104.143211
4.7000	0.042102	-0.264370	104.023483
4.7100	0.030424	-0.270336	103.874199
4.7200	0.014713	-0.276279	103.678177
4.7300	0.003075	-0.272257	103.454018
4.7400	-0.014060	-0.277208	103.238831
4.7500	-0.011115	-0.282163	103.044510
4.7600	-0.009463	-0.283167	102.883911
4.7700	-0.004303	-0.287422	102.717789
4.7800	-0.005849	-0.286071	102.517616
4.7900	-0.003655	-0.287740	102.291199
4.8000	-0.018544	-0.288923	102.001877
4.8100	-0.031495	-0.265248	101.710625
4.8200	-0.041119	-0.258197	101.391495
4.8300	-0.031776	-0.248477	101.133789
4.8400	-0.029997	-0.238865	100.881226
4.8500	-0.020436	-0.236055	100.633682
4.8600	-0.016631	-0.240412	100.353531
4.8700	-0.003440	-0.239880	100.062927
4.8800	-0.020977	-0.229008	99.773804
4.8900	-0.027936	-0.221100	99.420609
4.9000	-0.046581	-0.213289	99.017441
4.9100	-0.042642	-0.212798	98.625977
4.9200	-0.029726	-0.214396	98.249367
4.9300	-0.017289	-0.212536	97.895821
4.9400	-0.016403	-0.204655	97.562813
4.9500	-0.013929	-0.201247	97.214691
4.9600	-0.017885	-0.205231	96.858139
4.9700	-0.012279	-0.205276	96.494774
4.9800	-0.008761	-0.200626	96.118416
4.9900	0.003782	-0.195108	95.732994
5.0000	0.009376	-0.198268	95.361542
5.0100	0.015054	-0.200073	94.980026
5.0200	0.019036	-0.211395	94.570419
5.0300	0.036669	-0.221055	94.159477
5.0400	0.034384	-0.234589	93.799446
5.0500	0.022492	-0.235041	93.386497
5.0600	0.007299	-0.242978	92.949181
5.0700	-0.001101	-0.247046	92.479439
5.0800	0.007434	-0.246887	92.035248
5.0900	0.016583	-0.246637	91.630211
5.1000	0.029791	-0.244778	91.213051
5.1100	0.051792	-0.243250	90.822853
5.1200	0.073669	-0.236813	90.486221
5.1300	0.081078	-0.235923	90.220245
5.1400	0.087167	-0.215924	90.004128
5.1500	0.102680	-0.216947	89.791428
5.1600	0.117476	-0.221621	89.592262
5.1700	0.118037	-0.222761	89.370392
5.1800	0.115864	-0.225700	89.118141
5.1900	0.106063	-0.223020	88.857849
5.2000	0.090088	-0.213172	88.524544
5.2100	0.086637	-0.202336	88.165207
5.2200	0.079424	-0.193743	87.822205
5.2300	0.083814	-0.188696	87.491760
5.2400	0.108457	-0.186041	87.170258
5.2500	0.137300	-0.181543	86.876427
5.2600	0.151098	-0.179890	86.628647
5.2700	0.150319	-0.166000	86.353378
5.2800	0.144469	-0.163143	86.053154
5.2900	0.139644	-0.169783	85.734177
5.3000	0.138614	-0.167631	85.402649
5.3100	0.127280	-0.178562	85.079803
5.3200	0.120865	-0.187909	84.787262
5.3300	0.109533	-0.199298	84.487053
5.3400	0.106643	-0.190593	84.177383
5.3500	0.108855	-0.188387	83.864517
5.3600	0.118786	-0.187270	83.515434
5.3700	0.121075	-0.188714	83.105011
5.3800	0.127512	-0.190321	82.611183
5.3900	0.132202	-0.194254	82.123802
5.4000	0.127799	-0.202228	81.677437
5.4100	0.136007	-0.210871	81.252632
5.4200	0.129754	-0.207357	80.850243
5.4300	0.128262	-0.211417	80.493484
5.4400	0.128990	-0.226636	80.151253
5.4500	0.115521	-0.227334	79.799873
5.4600	0.082553	-0.227362	79.401772
5.4700	0.053399	-0.235116	78.930603
5.4800	0.047922	-0.240198	78.419868
5.4900	0.062999	-0.238043	77.923347
5.5000	0.080459	-0.235052	77.459824
5.5100	0.096372	-0.244665	77.025787
5.5200	0.088355	-0.245316	76.619095
5.5300	0.070112	-0.250799	76.252220
5.5400	0.052248	-0.251091	75.888763
5.5500	0.039238	-0.258003	75.494240
5.5600	0.015256	-0.256280	75.060493
5.5700	0.007709	-0.254710	74.589546
5.5800	0.021615	-0.246786	74.139679
5.5900	0.051663	-0.226864	73.782906
5.6000	0.092859	-0.227775	73.423401
5.6100	0.114813	-0.218240	73.140686
5.6200	0.107566	-0.221396	72.898163
5.6300	0.097271	-0.224390	72.652580
5.6400	0.098902	-0.218736	72.368851
5.6500	0.115468	-0.213058	72.078995
5.6600	0.120914	-0.212132	71.856628
5.6700	0.111056	-0.219979	71.632126
5.6800	0.102059	-0.221997	71.378418
5.6900	0.098073	-0.224895	71.099823
5.7000	0.101445	-0.228968	70.810089
5.7100	0.119752	-0.237524	70.529587
5.7200	0.149095	-0.229554	70.313637
5.7300	0.154006	-0.220028	70.149529
5.7400	0.162112	-0.213825	69.975525
5.7500	0.176409	-0.231655	69.715141
5.7600	0.182044	-0.238973	69.428886
5.7700	0.188229	-0.234204	69.084068
5.7800	0.184604	-0.231863	68.717735
5.7900	0.194261	-0.231589	68.428787
5.8000	0.195344	-0.231333	68.193001
5.8100	0.197994	-0.228656	68.016228
5.8200	0.182268	-0.225718	67.872459
5.8300	0.175858	-0.227270	67.727013
5.8400	0.173889	-0.230167	67.586868
5.8500	0.149804	-0.234362	67.493927
5.8600	0.116410	-0.249545	67.307693
5.8700	0.097113	-0.262023	66.997696
5.8800	0.080943	-0.261685	66.647484
5.8900	0.082887	-0.263475	66.313896
5.9000	0.072523	-0.262683	65.950813
5.9100	0.059875	-0.281885	65.616920
5.9200	0.054798	-0.280017	65.258743
5.9300	0.061324	-0.281764	64.927536
5.9400	0.064599	-0.275502	64.597061
5.9500	0.075742	-0.274010	64.270546
5.9600	0.099354	-0.260476	63.970547
5.9700	0.127625	-0.240032	63.740219
5.9800	0.120110	-0.244505	63.558132
5.9900	0.122025	-0.237892	63.374626
6.0000	0.123481	-0.237435	63.162277
6.0100	0.096669	-0.236384	62.934692
6.0200	0.095896	-0.235458	62.665005
6.0300	0.108206	-0.225083	62.386990
6.0400	0.112372	-0.230867	62.140072
6.0500	0.116138	-0.233031	61.866329
6.0600	0.112107	-0.240668	61.587971
6.0700	0.116307	-0.245904	61.287647
6.0800	0.125075	-0.249717	60.989182
6.0900	0.149523	-0.246781	60.669674
6.1000	0.154611	-0.248511	60.387852
6.1100	0.143156	-0.247052	60.081642
6.1200	0.147198	-0.248598	59.750488
6.1300	0.147481	-0.238049	59.498432
6.1400	0.161006	-0.240084	59.174793
6.1500	0.151023	-0.239598	58.866123
6.1600	0.149184	-0.238254	58.576706
6.1700	0.139325	-0.235077	58.307091
6.1800	0.148778	-0.241112	57.979046
6.1900	0.143618	-0.241818	57.695339
6.2000	0.148543	-0.236174	57.390137
6.2100	0.156139	-0.232644	57.086803
6.2200	0.157396	-0.235273	56.793373
6.2300	0.160531	-0.235209	56.504135
6.2400	0.138625	-0.225659	56.251846
6.2500	0.131863	-0.228255	55.943672
6.2600	0.128929	-0.236804	55.656113
6.2700	0.141260	-0.233730	55.381420
6.2800	0.151535	-0.232179	55.127300
6.2900	0.148680	-0.221546	54.878529
6.3000	0.162802	-0.222215	54.618252
6.3100	0.173934	-0.225193	54.366199
6.3200	0.188148	-0.209320	54.132618
6.3300	0.195850	-0.207740	53.937885
6.3400	0.194953	-0.204396	53.749149
6.3500	0.190885	-0.209714	53.599384
6.3600	0.181584	-0.207556	53.439484
6.3700	0.180556	-0.205274	53.247814
6.3800	0.202913	-0.201697	52.965458
6.3900	0.193246	-0.201099	52.805916
6.4000	0.167698	-0.200188	52.678585
6.4100	0.140792	-0.190904	52.503674
6.4200	0.111281	-0.186931	52.244698
6.4300	0.094410	-0.172418	51.912632
6.4400	0.092935	-0.164111	51.509941
6.4500	0.109080	-0.151615	51.045547
6.4600	0.106849	-0.151021	50.640987
6.4700	0.119891	-0.144325	50.217911
6.4800	0.112844	-0.136880	49.814796
6.4900	0.095976	-0.134066	49.440277
6.5000	0.064050	-0.129350	49.074596
6.5100	0.055178	-0.122028	48.579716
6.5200	0.042947	-0.126412	48.045086
6.5300	0.026818	-0.124702	47.442493
6.5400	0.043075	-0.124192	46.719727
6.5500	0.063737	-0.126322	45.918575
6.5600	0.082821	-0.133116	45.167374
6.5700	0.074331	-0.150002	44.532436
6.5800	0.049329	-0.164835	43.907101
6.5900	0.051254	-0.170869	43.152531
6.6000	0.042852	-0.181125	42.456020
6.6100	0.000550	-0.201969	41.884201
6.6200	-0.004983	-0.204896	41.112183
6.6300	0.023781	-0.198101	40.090672
6.6400	0.067885	-0.188589	39.051144
6.6500	0.098835	-0.175083	38.107761
6.6600	0.106528	-0.178543	37.345360
6.6700	0.123220	-0.182614	36.585457
6.6800	0.118913	-0.182747	35.947178
6.6900	0.110433	-0.176243	35.314434
6.7000	0.097477	-0.175164	34.701771
6.7100	0.083351	-0.174608	34.030060
6.7200	0.109475	-0.157539	33.154610
6.7300	0.142898	-0.141488	32.262188
6.7400	0.181235	-0.119271	31.382021
6.7500	0.187927	-0.123710	30.661139
6.7600	0.187892	-0.126570	30.007841
6.7700	0.208971	-0.110538	29.267122
6.7800	0.230458	-0.112512	28.610683
6.7900	0.211887	-0.123074	28.197033
6.8000	0.202186	-0.128699	27.678905
6.8100	0.208930	-0.129236	27.035072
6.8200	0.208646	-0.122421	26.433954
6.8300	0.211991	-0.114535	25.805437
6.8400	0.214651	-0.111979	25.184284
6.8500	0.216690	-0.108219	24.612764
6.8600	0.224416	-0.101753	24.016449
6.8700	0.231730	-0.088790	23.400259
6.8800	0.253478	-0.075751	22.735323
6.8900	0.259613	-0.080844	22.225677
6.9000	0.247730	-0.083090	21.834204
6.9100	0.209506	-0.092112	21.499865
6.9200	0.180308	-0.099169	20.982828
6.9300	0.182111	-0.091064	20.278425
6.9400	0.185524	-0.099549	19.548258
6.9500	0.201606	-0.097566	18.768585
6.9600	0.200894	-0.094127	18.054646
6.9700	0.205515	-0.090094	17.323963
6.9800	0.213279	-0.068444	16.598866
6.9900	0.214869	-0.063706	15.966467
7.0000	0.196745	-0.062894	15.330657
7.0100	0.219787	-0.055330	14.545870
7.0200	0.222076	-0.046433	13.864582
7.0300	0.227703	-0.034359	13.150629
7.0400	0.238255	-0.023040	12.415772
7.0500	0.258834	-0.010322	11.702799
7.0600	0.273157	0.003323	11.050822
7.0700	0.283923	0.003346	10.447439
7.0800	0.300821	0.021034	9.845215
7.0900	0.316637	0.034062	9.287158
7.1000	0.330295	0.034891	8.807931
7.1100	0.339484	0.037432	8.369883
7.1200	0.345246	0.032780	7.986971
7.1300	0.337703	0.039624	7.675521
7.1400	0.309395	0.037115	7.409143
7.1500	0.278358	0.022743	7.142505
7.1600	0.256101	0.010669	6.731151
7.1700	0.262095	0.008391	6.194441
7.1800	0.280073	0.015638	5.646541
7.1900	0.287298	0.024338	5.142946
7.2000	0.295157	0.034447	4.659067
7.2100	0.300479	0.035606	4.192711
7.2200	0.313778	0.044138	3.735151
7.2300	0.325368	0.039488	3.298276
7.2400	0.325890	0.039168	2.984158
7.2500	0.309618	0.029571	2.745839
7.2600	0.287104	0.013907	2.519213
7.2700	0.275765	-0.005535	2.161277
7.2800	0.262664	-0.005369	1.702957
7.2900	0.261070	-0.002063	1.229450
7.3000	0.283847	0.001721	0.739401
7.3100	0.298181	0.011996	0.273987
7.3200	0.301473	0.007627	-0.135016
7.3300	0.305742	0.014582	-0.486233
7.3400	0.307873	0.018470	-0.862642
7.3500	0.309139	0.017948	-1.214817
7.3600	0.315012	0.016777	-1.545075
7.3700	0.316659	0.014152	-1.842947
7.3800	0.317894	0.009836	-2.133980
7.3900	0.313437	-0.004183	-2.368391
7.4000	0.297081	-0.020268	-2.521221
7.4100	0.283030	-0.015929	-2.846348
7.4200	0.276451	-0.006595	-3.286244
7.4300	0.283523	0.007048	-3.814776
7.4400	0.296483	0.016531	-4.367299
7.4500	0.306207	0.016061	-4.885597
7.4600	0.311312	0.010332	-5.370237
7.4700	0.309897	0.008758	-5.829584
7.4800	0.316445	0.011248	-6.280491
7.4900	0.311388	0.017046	-6.662228
7.5000	0.306151	0.011568	-7.061225
7.5100	0.306823	0.019149	-7.477470
7.5200	0.292668	0.014301	-7.798953
7.5300	0.301776	0.017638	-8.301622
7.5400	0.287976	0.017173	-8.739446
7.5500	0.278255	0.030267	-9.243938
7.5600	0.274457	0.022952	-9.731980
7.5700	0.265227	0.019881	-10.136497
7.5800	0.271362	0.022560	-10.642822
7.5900	0.277551	0.018228	-11.161670
7.6000	0.296089	0.028103	-11.718626
7.6100	0.293866	0.035103	-12.187120
7.6200	0.287735	0.035557	-12.636057
7.6300	0.271480	0.018358	-12.997748
7.6400	0.259672	0.016007	-13.447008
7.6500	0.250409	0.025673	-13.939995
7.6600	0.252757	0.018089	-14.469366
7.6700	0.256362	0.020280	-15.006227
7.6800	0.251918	0.031217	-15.570559
7.6900	0.261592	0.050340	-16.172981
7.7000	0.272776	0.057894	-16.747620
7.7100	0.283328	0.066245	-17.267553
7.7200	0.284877	0.071021	-17.712193
7.7300	0.275948	0.078437	-18.136600
7.7400	0.276738	0.069167	-18.575924
7.7500	0.285102	0.077855	-19.091143
7.7600	0.281879	0.082192	-19.530760
7.7700	0.257256	0.080399	-19.877655
7.7800	0.232675	0.077774	-20.256237
7.7900	0.202765	0.065817	-20.733780
7.8000	0.191147	0.047385	-21.310490
7.8100	0.182364	0.039579	-21.945824
7.8200	0.186262	0.041559	-22.648842
7.8300	0.189143	0.053832	-23.390396
7.8400	0.192042	0.066893	-24.135605
7.8500	0.187197	0.080354	-24.870872
7.8600	0.193174	0.095144	-25.650440
7.8700	0.199650	0.105577	-26.400866
7.8800	0.218965	0.114721	-27.173843
7.8900	0.230364	0.108902	-27.860027
7.9000	0.234062	0.108087	-28.569271
7.9100	0.242220	0.105173	-29.214542
7.9200	0.233342	0.102066	-29.771854
7.9300	0.217806	0.108338	-30.384844
7.9400	0.227129	0.106028	-31.020670
7.9500	0.237816	0.106681	-31.661240
7.9600	0.255210	0.110379	-32.266037
7.9700	0.272838	0.111058	-32.842686
7.9800	0.276627	0.119543	-33.357491
7.9900	0.291208	0.120432	-33.873268
8.0000	0.296534	0.129161	-34.344540
8.0100	0.301867	0.122823	-34.724907
8.0200	0.299174	0.121747	-35.062870
8.0300	0.296211	0.114559	-35.435017
8.0400	0.296176	0.103428	-35.787872
8.0500	0.286005	0.102335	-36.028728
8.0600	0.284730	0.101082	-36.287815
8.0700	0.281722	0.095715	-36.611584
8.0800	0.290608	0.101110	-36.999733
8.0900	0.286286	0.108927	-37.374355
8.1000	0.295946	0.122869	-37.735699
8.1100	0.302309	0.123479	-38.045113
8.1200	0.294416	0.130931	-38.331169
8.1300	0.291233	0.149701	-38.655483
8.1400	0.285909	0.150323	-38.917126
8.1500	0.283572	0.159758	-39.215137
8.1600	0.283613	0.161460	-39.525917
8.1700	0.283862	0.154414	-39.769211
8.1800	0.276873	0.148778	-39.983616
8.1900	0.276473	0.153062	-40.244083
8.2000	0.296176	0.161899	-40.618015
8.2100	0.305675	0.154695	-40.733818
8.2200	0.307135	0.146941	-40.773895
8.2300	0.306003	0.142682	-40.857944
8.2400	0.304453	0.152153	-40.984322
8.2500	0.284949	0.152238	-41.155293
8.2600	0.288340	0.151534	-41.487831
8.2700	0.289019	0.147721	-41.733402
8.2800	0.292441	0.145207	-42.026276
8.2900	0.291378	0.158640	-42.311508
8.3000	0.301974	0.163587	-42.535263
8.3100	0.299862	0.162688	-42.681007
8.3200	0.301394	0.159748	-42.815308
8.3300	0.302643	0.165655	-42.922848
8.3400	0.305052	0.165624	-43.038589
8.3500	0.300035	0.171342	-43.183544
8.3600	0.292071	0.172580	-43.311287
8.3700	0.285446	0.161424	-43.438572
8.3800	0.276666	0.147359	-43.572090
8.3900	0.264000	0.134853	-43.704479
8.4000	0.255388	0.124973	-43.910480
8.4100	0.253930	0.106102	-44.128910
8.4200	0.248334	0.090967	-44.342247
8.4300	0.247234	0.079076	-44.574974
8.4400	0.243082	0.077381	-44.836285
8.4500	0.245532	0.075390	-45.122829
8.4600	0.238955	0.093902	-45.444664
8.4700	0.252320	0.109463	-45.827801
8.4800	0.239261	0.126752	-46.167198
8.4900	0.214277	0.122198	-46.392025
8.5000	0.190617	0.114077	-46.714958
8.5100	0.180688	0.108658	-47.088413
8.5200	0.163683	0.101178	-47.449940
8.5300	0.143064	0.102022	-47.910656
8.5400	0.117876	0.106410	-48.407425
8.5500	0.113245	0.122899	-49.138748
8.5600	0.129540	0.139305	-49.917217
8.5700	0.141222	0.155491	-50.549759
8.5800	0.146023	0.166546	-51.156532
8.5900	0.157686	0.186146	-51.788952
8.6000	0.174573	0.190078	-52.356243
8.6100	0.188532	0.207204	-52.889790
8.6200	0.177510	0.211871	-53.349327
8.6300	0.173887	0.215751	-53.856941
8.6400	0.179438	0.215818	-54.380398
8.6500	0.174718	0.221729	-54.926666
8.6600	0.169531	0.222117	-55.387169
8.6700	0.173330	0.233881	-55.888493
8.6800	0.177239	0.235700	-56.324669
8.6900	0.175476	0.247641	-56.734539
8.7000	0.169795	0.247013	-57.155479
8.7100	0.167856	0.253497	-57.589329
8.7200	0.164187	0.258458	-58.034466
8.7300	0.161324	0.276431	-58.539242
8.7400	0.163506	0.282514	-58.972504
8.7500	0.157255	0.295010	-59.393059
8.7600	0.156851	0.303403	-59.767754
8.7700	0.159724	0.303351	-60.096634
8.7800	0.160324	0.307784	-60.373871
8.7900	0.160131	0.303316	-60.629841
8.8000	0.164355	0.300037	-60.892029
8.8100	0.164104	0.289668	-61.103657
8.8200	0.158620	0.283237	-61.293736
8.8300	0.154928	0.285980	-61.521206
8.8400	0.159613	0.290702	-61.760784
8.8500	0.161478	0.285411	-61.974758
8.8600	0.146574	0.293623	-62.158054
8.8700	0.145462	0.298526	-62.317265
8.8800	0.134829	0.303481	-62.451355
8.8900	0.112125	0.300800	-62.598743
8.9000	0.101277	0.300726	-62.798256
8.9100	0.108149	0.295691	-63.043068
8.9200	0.115554	0.291087	-63.278137
8.9300	0.111585	0.286955	-63.454418
8.9400	0.111618	0.278532	-63.635921
8.9500	0.118500	0.289463	-63.832237
8.9600	0.129907	0.295167	-64.043678
8.9700	0.149301	0.300612	-64.204308
8.9800	0.163233	0.297891	-64.314163
8.9900	0.171991	0.285990	-64.381912
9.0000	0.183446	0.280813	-64.437256
9.0100	0.190205	0.277651	-64.471756
9.0200	0.199211	0.282768	-64.500473
9.0300	0.204046	0.283145	-64.523109
9.0400	0.211922	0.281849	-64.519035
9.0500	0.167011	0.304008	-64.607361
9.0600	0.154458	0.315567	-64.732140
9.0700	0.160229	0.311663	-64.928459
9.0800	0.187961	0.298320	-65.178284
9.0900	0.219269	0.290965	-65.348953
9.1000	0.243163	0.283017	-65.472206
9.1100	0.247238	0.264251	-65.556465
9.1200	0.226444	0.233826	-65.589676
9.1300	0.171009	0.206707	-65.625603
9.1400	0.096815	0.185714	-65.739899
9.1500	0.035041	0.182037	-66.158920
9.1600	-0.009211	0.187263	-66.795372
9.1700	-0.028557	0.189280	-67.525200
9.1800	-0.009085	0.192495	-68.294037
9.1900	0.017503	0.194542	-69.011406
9.2000	0.034125	0.198958	-69.651932
9.2100	0.054022	0.193529	-70.172798
9.2200	0.073095	0.186784	-70.674271
9.2300	0.070157	0.187867	-71.174828
9.2400	0.071947	0.188907	-71.689964
9.2500	0.077986	0.198648	-72.229134
9.2600	0.113070	0.195676	-72.694763
9.2700	0.144618	0.191248	-73.081413
9.2800	0.170647	0.187771	-73.371048
9.2900	0.172728	0.182294	-73.574280
9.3000	0.175207	0.181262	-73.802841
9.3100	0.175932	0.183448	-74.037674
9.3200	0.169683	0.189899	-74.240280
9.3300	0.162365	0.194105	-74.368759
9.3400	0.158649	0.204328	-74.515755
9.3500	0.141844	0.201543	-74.606140
9.3600	0.127928	0.206671	-74.784874
9.3700	0.051770	0.193139	-74.627045
9.3800	-0.145075	0.190309	-74.728096
9.3900	-0.319012	0.229806	-75.192047
9.4000	-0.355992	0.285901	-76.107094
9.4100	-0.314068	0.294585	-76.718628
9.4200	-0.253646	0.288152	-77.334602
9.4300	-0.037927	0.263315	-78.061440
9.4400	0.142003	0.234246	-78.499939
9.4500	0.231807	0.207110	-78.748619
9.4600	0.245465	0.181428	-78.929817
9.4700	0.179053	0.214875	-79.381050
9.4800	0.057756	0.216978	-79.687241
9.4900	0.022365	0.204295	-79.986450
9.5000	0.026152	0.191388	-80.336784
9.5100	0.015468	0.186779	-80.732224
9.5200	0.006333	0.170344	-81.144547
9.5300	0.020702	0.169566	-81.599121
9.5400	0.030888	0.166266	-82.007561
9.5500	0.030936	0.160319	-82.341202
9.5600	0.040222	0.144069	-82.773041
9.5700	0.051700	0.147544	-83.281418
9.5800	0.071567	0.163523	-83.798416
9.5900	0.092151	0.162914	-84.182411
9.6000	0.100059	0.160557	-84.488480
9.6100	0.115406	0.142097	-84.720192
9.6200	0.147873	0.130936	-84.976410
9.6300	0.158446	0.120502	-85.168732
9.6400	0.159703	0.111245	-85.293121
9.6500	0.142620	0.095527	-85.348282
9.6600	0.110287	0.074001	-85.419540
9.6700	0.073544	0.059579	-85.683090
9.6800	0.072666	0.056966	-86.162987
9.6900	0.088593	0.054986	-86.565765
9.7000	0.072005	0.047731	-86.881752
9.7100	0.058057	0.044726	-87.227112
9.7200	0.093192	0.043442	-87.680115
9.7300	0.115705	0.043301	-88.044495
9.7400	0.103248	0.038091	-88.360588
9.7500	0.096808	0.037401	-88.706551
9.7600	0.117928	0.043806	-89.107231
9.7700	0.108958	0.048557	-89.496635
9.7800	0.102599	0.049110	-89.844055
9.7900	0.121870	0.041896	-90.194527
9.8000	0.135227	0.026557	-90.479561
9.8100	0.158032	0.027299	-90.805595
9.8200	0.166995	0.037258	-91.080650
9.8300	0.185345	0.058804	-91.381233
9.8400	0.197513	0.083583	-91.583595
9.8500	0.197568	0.087877	-91.653008
9.8600	0.186888	0.078153	-91.657265
9.8700	0.174899	0.080787	-91.805450
9.8800	0.155434	0.076154	-91.975182
9.8900	0.134466	0.068019	-92.266617
9.9000	0.123085	0.071961	-92.643852
9.9100	0.130267	0.056860	-93.002357
9.9200	0.126666	0.043367	-93.423508
9.9300	0.140628	0.040215	-93.878143
9.9400	0.157100	0.050207	-94.339027
9.9500	0.187872	0.061935	-94.712952
9.9600	0.246237	0.081733	-94.963226
9.9700	0.264300	0.101766	-95.069641
9.9800	0.258733	0.098056	-95.079239
9.9900	0.235734	0.094369	-94.984055
10.0000	0.218629	0.092454	-95.065201
10.0100	0.191112	0.096753	-95.181671
10.0200	0.169959	0.088701	-95.263161
10.0300	0.154340	0.088761	-95.415649
10.0400	0.192085	0.097534	-95.558411
10.0500	0.224902	0.092340	-95.663712
10.0600	0.238794	0.094316	-95.814278
10.0700	0.255943	0.086873	-96.037674
10.0800	0.264823	0.071561	-96.324188
10.0900	0.227538	0.088822	-96.780098
10.1000	0.207178	0.101638	-97.181564
10.1100	0.169490	0.090355	-97.368004
10.1200	0.134395	0.077509	-97.554581
10.1300	0.152410	0.075844	-97.847740
10.1400	0.163520	0.078708	-98.130852
10.1500	0.176110	0.086081	-98.363365
10.1600	0.162474	0.085478	-98.565651
10.1700	0.130127	0.076211	-98.732491
10.1800	0.098955	0.081067	-98.960869
10.1900	0.090785	0.090702	-99.261726
10.2000	0.086073	0.096455	-99.538994
10.2100	0.091671	0.096341	-99.821815
10.2200	0.098577	0.100026	-100.136955
10.2300	0.119041	0.110039	-100.464195
10.2400	0.134701	0.111457	-100.795181
10.2500	0.133978	0.128613	-101.107742
10.2600	0.145722	0.141552	-101.375832
10.2700	0.139491	0.156420	-101.602615
10.2800	0.101367	0.155186	-101.848297
10.2900	0.075613	0.151021	-102.269615
10.3000	0.078728	0.160627	-102.761536
10.3100	0.076887	0.167066	-103.134880
10.3200	0.112764	0.173479	-103.396225
10.3300	0.134528	0.163447	-103.556236
10.3400	0.159490	0.169430	-103.733871
10.3500	0.161338	0.155460	-103.858467
10.3600	0.147318	0.146498	-103.930992
10.3700	0.150720	0.153137	-104.132973
10.3800	0.150084	0.160425	-104.299454
10.3900	0.164356	0.166046	-104.439690
10.4000	0.184294	0.178392	-104.548676
10.4100	0.203417	0.197589	-104.605278
10.4200	0.201993	0.212719	-104.639900
10.4300	0.207506	0.214882	-104.623421
10.4400	0.211120	0.219810	-104.549698
10.4500	0.215149	0.222211	-104.447235
10.4600	0.231619	0.228956	-104.339874
10.4700	0.231595	0.236243	-104.196602
10.4800	0.221548	0.232879	-104.009964
10.4900	0.195023	0.240207	-103.896141
10.5000	0.168471	0.255366	-104.068909
10.5100	0.138741	0.272247	-104.373581
10.5200	0.127667	0.281057	-104.570290
10.5300	0.128636	0.284267	-104.652649
10.5400	0.134355	0.290416	-104.686516
10.5500	0.142594	0.279992	-104.667610
10.5600	0.149102	0.281776	-104.651802
10.5700	0.152659	0.280025	-104.621468
10.5800	0.152680	0.272965	-104.572838
10.5900	0.147260	0.276641	-104.611908
10.6000	0.141328	0.283308	-104.659676
10.6100	0.146991	0.276896	-104.689217
10.6200	0.137578	0.273340	-104.733559
10.6300	0.133517	0.271617	-104.771309
10.6400	0.130873	0.266024	-104.760483
10.6500	0.116009	0.260902	-104.764473
10.6600	0.096199	0.264319	-104.795395
10.6700	0.095523	0.260289	-104.823662
10.6800	0.096639	0.258521	-104.895081
10.6900	0.093164	0.262104	-104.974739
10.7000	0.107896	0.259596	-105.013405
10.7100	0.105122	0.263019	-104.973885
10.7200	0.123412	0.258701	-104.894409
10.7300	0.108179	0.245034	-104.802719
10.7400	0.104968	0.232491	-104.720184
10.7500	0.112434	0.218385	-104.682823
10.7600	0.115047	0.204498	-104.639153
10.7700	0.114697	0.208302	-104.674347
10.7800	0.111954	0.207629	-104.688660
10.7900	0.115540	0.211459	-104.696999
10.8000	0.108331	0.205248	-104.680611
10.8100	0.107185	0.190102	-104.668114
10.8200	0.117042	0.175488	-104.636993
10.8300	0.124448	0.159724	-104.591125
10.8400	0.129485	0.147079	-104.579483
10.8500	0.143479	0.132521	-104.597618
10.8600	0.151667	0.136677	-104.691956
10.8700	0.170805	0.134071	-104.792961
10.8800	0.173899	0.145835	-104.914322
10.8900	0.176919	0.149692	-104.982216
10.9000	0.181165	0.137239	-104.932243
10.9100	0.174612	0.127138	-104.966911
10.9200	0.158276	0.105561	-104.983543
10.9300	0.137766	0.059102	-104.971947
10.9400	0.116241	0.016836	-105.110741
10.9500	0.111746	-0.005210	-105.502800
10.9600	0.110977	0.021663	-106.155060
10.9700	0.112094	0.067336	-106.860207
10.9800	0.117779	0.117659	-107.404449
10.9900	0.118035	0.137937	-107.736206
11.0000	0.110245	0.133179	-107.957161
11.0100	0.085797	0.102436	-108.058823
11.0200	0.056341	0.066133	-108.210938
11.0300	0.022595	0.010484	-108.393585
11.0400	-0.006693	-0.053104	-108.862640
11.0500	-0.010227	-0.109108	-109.666954
11.0600	0.020667	-0.114776	-110.856522
11.0700	0.052599	-0.070052	-112.377197
11.0800	0.066336	0.002622	-113.927139
11.0900	0.042749	0.043004	-115.436333
11.1000	-0.005862	0.071846	-117.075989
11.1100	-0.051455	0.086101	-118.698685
11.1200	-0.110042	0.108692	-120.291885
11.1300	-0.147779	0.117372	-121.716591
11.1400	-0.191974	0.100955	-123.028343
11.1500	-0.210033	0.098603	-124.249840
11.1600	-0.219694	0.101905	-125.309555
11.1700	-0.204220	0.119893	-126.236862
11.1800	-0.159623	0.166879	-127.106842
11.1900	-0.126445	0.203731	-127.899132
11.2000	-0.121752	0.228485	-128.696152
11.2100	-0.146811	0.245827	-129.617050
11.2200	-0.136834	0.269852	-130.486237
11.2300	-0.144601	0.268571	-131.254196
11.2400	-0.162448	0.246722	-131.891068
11.2500	-0.180080	0.216577	-132.420303
11.2600	-0.177372	0.204835	-132.987900
11.2700	-0.158414	0.215773	-133.573395
11.2800	-0.138655	0.222610	-134.092560
11.2900	-0.127780	0.231017	-134.518677
11.3000	-0.119474	0.224656	-134.909698
11.3100	-0.122853	0.219123	-135.307709
11.3200	-0.127514	0.210079	-135.709488
11.3300	-0.126079	0.206372	-136.091324
11.3400	-0.127176	0.197740	-136.430374
11.3500	-0.113003	0.180360	-136.663406
11.3600	-0.083593	0.185236	-136.916595
11.3700	-0.066246	0.192170	-137.138702
11.3800	-0.049580	0.210675	-137.346786
11.3900	-0.038071	0.216279	-137.519333
11.4000	-0.029049	0.237985	-137.716232
11.4100	-0.035371	0.255237	-137.965576
11.4200	-0.034473	0.249828	-138.175049
11.4300	-0.029003	0.236465	-138.325058
11.4400	-0.028823	0.230778	-138.437607
11.4500	-0.034290	0.213256	-138.574081
11.4600	-0.035145	0.205281	-138.772415
11.4700	-0.033513	0.200482	-139.077850
11.4800	-0.016337	0.206585	-139.479919
11.4900	0.006868	0.228121	-139.976685
11.5000	0.022822	0.252293	-140.513306
11.5100	0.027805	0.272895	-141.071976
11.5200	0.018839	0.282840	-141.666077
11.5300	0.005144	0.282826	-142.251862
11.5400	0.000903	0.270722	-142.837433
11.5500	0.010805	0.248994	-143.320923
11.5600	0.010509	0.228122	-143.712479
11.5700	-0.009090	0.204902	-144.160828
11.5800	-0.030751	0.198256	-144.673706
11.5900	-0.035963	0.191597	-145.136322
11.6000	-0.035790	0.183980	-145.553406
11.6100	-0.042374	0.178778	-146.016327
11.6200	-0.014769	0.189191	-146.481262
11.6300	0.005060	0.190420	-146.929535
11.6400	0.007414	0.188135	-147.466644
11.6500	0.008846	0.198203	-148.015793
11.6600	0.017960	0.204096	-148.476395
11.6700	0.017211	0.209786	-148.862793
11.6800	0.014224	0.200597	-149.197800
11.6900	0.013357	0.198832	-149.478256
11.7000	0.007232	0.195529	-149.754959
11.7100	-0.008159	0.194318	-150.070343
11.7200	-0.001124	0.193215	-150.438522
11.7300	0.006277	0.207684	-150.849503
11.7400	0.017471	0.235874	-151.288528
11.7500	0.028139	0.250441	-151.748016
11.7600	0.031623	0.257943	-152.179977
11.7700	0.038134	0.257761	-152.606628
11.7800	0.037244	0.247115	-153.029541
11.7900	0.022838	0.241445	-153.469315
11.8000	0.024095	0.244965	-153.880569
11.8100	0.024882	0.251046	-154.277405
11.8200	0.040184	0.267063	-154.602493
11.8300	0.047179	0.276380	-154.874725
11.8400	0.048044	0.272842	-155.153610
11.8500	0.054939	0.275996	-155.439804
11.8600	0.049371	0.274015	-155.756531
11.8700	0.037577	0.261854	-156.153381
11.8800	0.010754	0.223631	-156.671127
11.8900	-0.026464	0.185908	-157.310059
11.9000	-0.042674	0.165102	-157.927551
11.9100	-0.040927	0.171402	-158.439056
11.9200	-0.017229	0.181562	-158.862152
11.9300	-0.000942	0.190852	-159.281677
11.9400	0.007214	0.200473	-159.777481
11.9500	0.024185	0.200166	-160.341919
11.9600	0.027952	0.202392	-160.933517
11.9700	0.027259	0.198166	-161.504013
11.9800	0.017130	0.173799	-162.087463
11.9900	-0.008677	0.164813	-162.720291
12.0000	-0.038231	0.170006	-163.391953
12.0100	-0.048917	0.174245	-164.026215
12.0200	-0.047650	0.193852	-164.603806
12.0300	-0.038739	0.209997	-165.148483
12.0400	-0.022315	0.228364	-165.614731
12.0500	-0.009566	0.240069	-165.999908
12.0600	-0.003987	0.248783	-166.332581
12.0700	0.001102	0.269058	-166.645950
12.0800	-0.000433	0.269010	-166.974304
12.0900	-0.002839	0.274460	-167.261292
12.1000	0.001073	0.265495	-167.559219
12.1100	-0.006022	0.255000	-167.885803
12.1200	-0.013524	0.247717	-168.220413
12.1300	-0.014643	0.246190	-168.562393
12.1400	-0.017059	0.237426	-168.934402
12.1500	-0.015616	0.234675	-169.316650
12.1600	-0.011429	0.231772	-169.657974
12.1700	-0.002310	0.227173	-170.000519
12.1800	-0.002993	0.229391	-170.326202
12.1900	0.001048	0.228117	-170.630661
12.2000	0.007548	0.222762	-170.920639
12.2100	0.000500	0.226392	-171.228165
12.2200	-0.010467	0.216289	-171.547256
12.2300	-0.005105	0.211597	-171.850845
12.2400	0.000221	0.216117	-172.136459
12.2500	-0.003310	0.215049	-172.414474
12.2600	0.002990	0.223965	-172.635773
12.2700	0.002634	0.217458	-172.881363
12.2800	0.002406	0.211484	-173.184235
12.2900	-0.002598	0.214062	-173.533127
12.3000	-0.017566	0.209505	-173.913437
12.3100	-0.025368	0.213430	-174.307907
12.3200	-0.024660	0.229882	-174.687271
12.3300	-0.019833	0.222330	-175.046082
12.3400	-0.017405	0.223734	-175.403488
12.3500	-0.011822	0.226680	-175.737717
12.3600	-0.008922	0.228386	-176.054062
12.3700	-0.002011	0.240233	-176.359177
12.3800	0.003708	0.254851	-176.646622
12.3900	0.000183	0.264704	-176.957901
12.4000	-0.013028	0.280445	-177.284531
12.4100	-0.017155	0.292296	-177.625824
12.4200	-0.014086	0.293568	-177.942780
12.4300	-0.019721	0.287400	-178.262680
12.4400	-0.015373	0.269557	-178.545807
12.4500	-0.010581	0.254247	-178.779266
12.4600	-0.012428	0.243872	-179.064926
12.4700	-0.016137	0.246585	-179.372025
12.4800	-0.021755	0.250007	-179.711060
12.4900	-0.029180	0.258621	179.920105
12.5000	-0.040999	0.264493	179.530548
12.5100	-0.049941	0.263245	179.131714
12.5200	-0.043298	0.271309	178.732986
12.5300	-0.036120	0.272769	178.374115
12.5400	-0.043498	0.276932	177.980301
12.5500	-0.047914	0.282546	177.574890
12.5600	-0.045212	0.269335	177.188400
12.5700	-0.055311	0.261583	176.794052
12.5800	-0.054234	0.267851	176.363693
12.5900	-0.054128	0.266964	175.926437
12.6000	-0.046773	0.274295	175.509613
12.6100	-0.049682	0.272448	175.088654
12.6200	-0.051668	0.269296	174.654388
12.6300	-0.063298	0.261988	174.174561
12.6400	-0.078695	0.251643	173.657990
12.6500	-0.084101	0.251346	173.123047
12.6600	-0.098255	0.235539	172.592422
12.6700	-0.098808	0.226002	172.082611
12.6800	-0.100587	0.217139	171.562500
12.6900	-0.104110	0.203414	171.016968
12.7000	-0.117663	0.192172	170.369980
12.7100	-0.116961	0.189652	169.713974
12.7200	-0.128312	0.185483	169.000763
12.7300	-0.129393	0.173697	168.228210
12.7400	-0.139708	0.150494	167.441391
12.7500	-0.149927	0.136268	166.658142
12.7600	-0.150439	0.126531	165.918671
12.7700	-0.153373	0.108514	165.144211
12.7800	-0.152489	0.091842	164.392944
12.7900	-0.149491	0.084501	163.668610
12.8000	-0.147747	0.087807	162.956070
12.8100	-0.150725	0.082904	162.266541
12.8200	-0.157860	0.078488	161.595398
12.8300	-0.152677	0.073995	160.908096
12.8400	-0.152548	0.067509	160.151764
12.8500	-0.155727	0.065148	159.369492
12.8600	-0.158579	0.062964	158.586456
12.8700	-0.164283	0.060889	157.765350
12.8800	-0.158363	0.073720	156.977875
12.8900	-0.135811	0.081317	156.290237
12.9000	-0.123423	0.087559	155.643829
12.9100	-0.117314	0.103061	155.010529
12.9200	-0.127962	0.106920	154.329437
12.9300	-0.140494	0.106996	153.504578
12.9400	-0.158729	0.099218	152.638153
12.9500	-0.179103	0.094482	151.714203
12.9600	-0.189714	0.086043	150.826431
12.9700	-0.181547	0.090653	150.071884
12.9800	-0.176561	0.082978	149.326538
12.9900	-0.170629	0.096741	148.653625
13.0000	-0.170615	0.108161	148.003372
13.0100	-0.181985	0.133691	147.322891
13.0200	-0.181156	0.143335	146.650696
13.0300	-0.181074	0.159292	145.939804
13.0400	-0.192384	0.166788	145.215866
13.0500	-0.205803	0.169877	144.420670
13.0600	-0.219805	0.170696	143.627808
13.0700	-0.223678	0.171693	142.905457
13.0800	-0.207213	0.175628	142.232971
13.0900	-0.207853	0.174750	141.608704
13.1000	-0.199779	0.185477	140.991882
13.1100	-0.194540	0.191742	140.370392
13.1200	-0.188920	0.197088	139.769424
13.1300	-0.185744	0.212167	139.123581
13.1400	-0.185722	0.210713	138.510605
13.1500	-0.191127	0.208687	137.796173
13.1600	-0.199858	0.200463	137.040024
13.1700	-0.211649	0.195960	136.258743
13.1800	-0.219855	0.206459	135.486618
13.1900	-0.225759	0.201523	134.721191
13.2000	-0.225165	0.208909	133.993561
13.2100	-0.215521	0.197420	133.314896
13.2200	-0.210289	0.195117	132.665817
13.2300	-0.209044	0.193499	132.033325
13.2400	-0.204837	0.189892	131.399628
13.2500	-0.198686	0.176546	130.721375
13.2600	-0.199525	0.164924	130.000809
13.2700	-0.209380	0.143257	129.189011
13.2800	-0.208640	0.137204	128.320709
13.2900	-0.201725	0.130015	127.507484
13.3000	-0.192629	0.111244	126.728752
13.3100	-0.183827	0.104420	126.103592
13.3200	-0.179498	0.103662	125.581581
13.3300	-0.167476	0.116840	125.044876
13.3400	-0.163741	0.108744	124.462845
13.3500	-0.174686	0.094481	123.860878
13.3600	-0.182059	0.085531	123.192871
13.3700	-0.187556	0.075082	122.484863
13.3800	-0.194350	0.070945	121.762108
13.3900	-0.197380	0.061940	121.050568
13.4000	-0.190666	0.066577	120.351128
13.4100	-0.174221	0.075394	119.704353
13.4200	-0.157620	0.081693	119.133781
13.4300	-0.139254	0.078552	118.585403
13.4400	-0.126689	0.075543	118.039467
13.4500	-0.126548	0.076636	117.498566
13.4600	-0.133854	0.069666	116.964104
13.4700	-0.148560	0.046794	116.352066
13.4800	-0.162442	0.029864	115.650085
13.4900	-0.170784	0.018491	114.922371
13.5000	-0.158008	0.013053	114.203300
13.5100	-0.152183	0.015792	113.545784
13.5200	-0.129420	0.013501	112.947548
13.5300	-0.119697	0.019029	112.414902
13.5400	-0.111921	0.018860	111.878372
13.5500	-0.107601	0.013536	111.360603
13.5600	-0.116722	0.013291	110.843407
13.5700	-0.110992	0.007924	110.292664
13.5800	-0.117809	0.008754	109.786415
13.5900	-0.118119	0.003319	109.254890
13.6000	-0.119490	0.000160	108.708229
13.6100	-0.106174	-0.015257	108.128082
13.6200	-0.108019	-0.011104	107.558960
13.6300	-0.109221	-0.010413	106.946709
13.6400	-0.105648	-0.010465	106.391594
13.6500	-0.094621	-0.013076	105.825241
13.6600	-0.088885	-0.018655	105.284294
13.6700	-0.089871	-0.015853	104.738113
13.6800	-0.090615	-0.022262	104.137672
13.6900	-0.084120	-0.029995	103.535202
13.7000	-0.086102	-0.028612	102.966370
13.7100	-0.070277	-0.035937	102.380470
13.7200	-0.052654	-0.031698	101.793571
13.7300	-0.042380	-0.043954	101.190376
13.7400	-0.031021	-0.050305	100.591736
13.7500	-0.017833	-0.063825	100.005341
13.7600	-0.002770	-0.078686	99.447861
13.7700	0.007170	-0.084792	98.945068
13.7800	0.015804	-0.088543	98.519890
13.7900	0.022788	-0.094793	98.091354
13.8000	0.024945	-0.102297	97.640915
13.8100	0.034926	-0.108742	97.212784
13.8200	0.031302	-0.105831	96.726654
13.8300	0.034052	-0.112694	96.179039
13.8400	0.034454	-0.110556	95.610100
13.8500	0.035646	-0.118472	94.955971
13.8600	0.054317	-0.118087	94.317535
13.8700	0.064859	-0.114771	93.736504
13.8800	0.072971	-0.110038	93.199005
13.8900	0.082425	-0.089354	92.739105
13.9000	0.079842	-0.076837	92.310211
13.9100	0.075391	-0.075266	91.906052
13.9200	0.075315	-0.074584	91.487305
13.9300	0.067869	-0.077121	91.040344
13.9400	0.063384	-0.075095	90.543716
13.9500	0.054858	-0.072895	90.029991
13.9600	0.050805	-0.069328	89.536240
13.9700	0.055433	-0.061984	89.018524
13.9800	0.048441	-0.049070	88.497910
13.9900	0.044349	-0.048118	87.978912
14.0000	0.040996	-0.038247	87.427994
14.0100	0.011366	-0.019963	86.888405
14.0200	0.009055	-0.013616	86.298172
14.0300	-0.018296	0.002495	85.795853
14.0400	-0.031160	0.017281	85.325455
14.0500	-0.041942	0.020532	84.894836
14.0600	-0.045616	0.022393	84.487450
14.0700	-0.049427	0.018752	84.046936
14.0800	-0.053629	0.020589	83.638283
14.0900	-0.050900	0.026348	83.212044
14.1000	-0.054675	0.022449	82.784241
14.1100	-0.042991	0.020658	82.332077
14.1200	-0.036097	0.020195	81.908455
14.1300	-0.025853	0.020648	81.491035
14.1400	-0.021630	0.014293	81.106895
14.1500	-0.020014	0.024387	80.783028
14.1600	-0.011766	0.016501	80.505753
14.1700	-0.012009	0.012398	80.266792
14.1800	-0.009684	0.011810	80.054253
14.1900	-0.018241	0.015334	79.869133
14.2000	-0.024373	0.024316	79.661430
14.2100	-0.033702	0.031934	79.471512
14.2200	-0.039217	0.037892	79.231941
14.2300	-0.057264	0.047952	79.021355
14.2400	-0.066631	0.061923	78.779221
14.2500	-0.090555	0.085375	78.557190
14.2600	-0.121699	0.105353	78.281273
14.2700	-0.144930	0.130098	77.991821
14.2800	-0.157239	0.141322	77.733414
14.2900	-0.164529	0.146587	77.485756
14.3000	-0.158372	0.135011	77.228233
14.3100	-0.158116	0.141289	76.964058
14.3200	-0.157692	0.146826	76.727585
14.3300	-0.150890	0.145236	76.468155
14.3400	-0.163355	0.141517	76.199455
14.3500	-0.177371	0.148060	75.863571
14.3600	-0.193579	0.150690	75.475449
14.3700	-0.197074	0.153881	75.057243
14.3800	-0.198868	0.148640	74.663422
14.3900	-0.183964	0.146584	74.334785
14.4000	-0.166406	0.147239	74.040199
14.4100	-0.149073	0.137796	73.808456
14.4200	-0.127854	0.125294	73.582069
14.4300	-0.113615	0.109664	73.328621
14.4400	-0.086971	0.094513	73.106041
14.4500	-0.065727	0.081605	72.899239
14.4600	-0.042017	0.069890	72.740555
14.4700	-0.035183	0.058076	72.613152
14.4800	-0.022698	0.053004	72.472473
14.4900	-0.024254	0.048783	72.336456
14.5000	-0.022580	0.050263	72.187950
14.5100	-0.020704	0.041896	72.056038
14.5200	-0.010879	0.018805	71.897034
14.5300	-0.002372	0.000573	71.734352
14.5400	0.005692	0.001521	71.558220
14.5500	0.010153	0.001457	71.357468
14.5600	0.007000	-0.000914	71.171768
14.5700	-0.000996	0.006201	70.994957
14.5800	-0.024022	0.020404	70.796448
14.5900	-0.046454	0.030555	70.526527
14.6000	-0.074720	0.031256	70.182198
14.6100	-0.090115	0.039328	69.780800
14.6200	-0.087209	0.037318	69.348656
14.6300	-0.085822	0.037676	68.945900
14.6400	-0.072453	0.033196	68.586327
14.6500	-0.059551	0.034672	68.276497
14.6600	-0.069338	0.041700	68.024712
14.6700	-0.088959	0.052072	67.746765
14.6800	-0.104261	0.068546	67.404778
14.6900	-0.114564	0.075775	67.086281
14.7000	-0.114279	0.081701	66.700180
14.7100	-0.104868	0.087805	66.407722
14.7200	-0.086465	0.084140	66.095428
14.7300	-0.078541	0.081282	65.846741
14.7400	-0.080677	0.084565	65.586403
14.7500	-0.094187	0.093037	65.395424
14.7600	-0.106194	0.098783	65.201569
14.7700	-0.120276	0.105339	65.020660
14.7800	-0.113410	0.091038	64.799446
14.7900	-0.083994	0.083454	64.488861
14.8000	-0.073411	0.088294	64.235390
14.8100	-0.062519	0.083083	63.982697
14.8200	-0.057159	0.082820	63.771564
14.8300	-0.063656	0.098812	63.613716
14.8400	-0.065638	0.106127	63.444561
14.8500	-0.065615	0.108774	63.295589
14.8600	-0.066585	0.114139	63.149265
14.8700	-0.071674	0.113453	63.000668
14.8800	-0.075409	0.110619	62.857826
14.8900	-0.084788	0.112537	62.723465
14.9000	-0.089877	0.128172	62.595692
14.9100	-0.090122	0.139452	62.440735
14.9200	-0.097743	0.150297	62.261177
14.9300	-0.084850	0.152416	62.025509
14.9400	-0.081171	0.160312	61.771881
14.9500	-0.080314	0.165238	61.519936
14.9600	-0.074082	0.169760	61.268040
14.9700	-0.075230	0.161749	61.056965
14.9800	-0.070571	0.156753	60.875221
14.9900	-0.072022	0.157469	60.739227
15.0000	-0.091209	0.168103	60.591057
15.0100	-0.107762	0.176042	60.405674
15.0200	-0.119533	0.189981	60.206394
15.0300	-0.125324	0.202714	59.961514
15.0400	-0.111732	0.197568	59.663204
15.0500	-0.105718	0.185675	59.382416
15.0600	-0.095104	0.180899	59.126884
15.0700	-0.096319	0.169364	58.910831
15.0800	-0.104419	0.164566	58.720974
15.0900	-0.112802	0.169806	58.511921
15.1000	-0.122729	0.167809	58.299831
15.1100	-0.124876	0.162780	58.039715
15.1200	-0.117958	0.152305	57.808052
15.1300	-0.116496	0.148039	57.596729
15.1400	-0.105877	0.144398	57.377708
15.1500	-0.102059	0.142027	57.148453
15.1600	-0.105192	0.144144	56.943398
15.1700	-0.103302	0.141897	56.696472
15.1800	-0.101198	0.135419	56.480682
15.1900	-0.102448	0.130838	56.294117
15.2000	-0.085975	0.119673	56.087173
15.2100	-0.089454	0.120773	55.944283
15.2200	-0.102327	0.120032	55.807812
15.2300	-0.099740	0.115441	55.594830
15.2400	-0.109571	0.108939	55.382698
15.2500	-0.121520	0.109316	55.150845
15.2600	-0.122506	0.113715	54.886326
15.2700	-0.122329	0.107733	54.610519
15.2800	-0.128061	0.109447	54.306374
15.2900	-0.122984	0.101759	54.007053
15.3000	-0.125013	0.100719	53.712261
15.3100	-0.113755	0.095726	53.428394
15.3200	-0.105548	0.094959	53.160229
15.3300	-0.109951	0.099030	52.950253
15.3400	-0.107973	0.102634	52.762981
15.3500	-0.108709	0.102210	52.590900
15.3600	-0.115958	0.109291	52.390511
15.3700	-0.126547	0.107533	52.179077
15.3800	-0.128032	0.094568	51.945770
15.3900	-0.121354	0.093533	51.674503
15.4000	-0.123734	0.091297	51.418644
15.4100	-0.111898	0.089858	51.147148
15.4200	-0.106718	0.093084	50.928253
15.4300	-0.108188	0.094555	50.788990
15.4400	-0.111067	0.091598	50.670254
15.4500	-0.123307	0.094448	50.572380
15.4600	-0.149881	0.096809	50.463020
15.4700	-0.177865	0.098172	50.309414
15.4800	-0.183508	0.101764	50.089527
15.4900	-0.181429	0.104464	49.830173
15.5000	-0.174789	0.108668	49.560219
15.5100	-0.162622	0.104959	49.292320
15.5200	-0.143488	0.097660	49.050064
15.5300	-0.139388	0.090687	48.871132
15.5400	-0.142088	0.089206	48.712254
15.5500	-0.156034	0.102488	48.614780
15.5600	-0.176892	0.104153	48.463207
15.5700	-0.192815	0.097571	48.249538
15.5800	-0.195182	0.104432	47.977688
15.5900	-0.189944	0.107427	47.651810
15.6000	-0.167807	0.113283	47.342953
15.6100	-0.157989	0.114516	47.057961
15.6200	-0.149485	0.108790	46.783722
15.6300	-0.160506	0.120881	46.561260
15.6400	-0.174441	0.125289	46.395248
15.6500	-0.182033	0.121248	46.227943
15.6600	-0.180027	0.122060	46.026653
15.6700	-0.178714	0.124303	45.856117
15.6800	-0.169905	0.120986	45.580139
15.6900	-0.160825	0.117504	45.324490
15.7000	-0.149211	0.109193	45.047123
15.7100	-0.141696	0.110046	44.795898
15.7200	-0.149369	0.116083	44.615017
15.7300	-0.150581	0.115076	44.436527
15.7400	-0.155487	0.115360	44.292168
15.7500	-0.151851	0.114608	44.173145
15.7600	-0.152672	0.116352	44.017769
15.7700	-0.165894	0.116500	43.881657
15.7800	-0.178863	0.120150	43.725075
15.7900	-0.177618	0.125053	43.543221
15.8000	-0.183543	0.129563	43.352051
15.8100	-0.174713	0.129760	43.085453
15.8200	-0.167683	0.119403	42.819675
15.8300	-0.156936	0.110351	42.553879
15.8400	-0.146987	0.110881	42.325043
15.8500	-0.139089	0.110649	42.136040
15.8600	-0.139163	0.105251	42.003956
15.8700	-0.153248	0.104540	41.870323
15.8800	-0.146070	0.101134	41.710083
15.8900	-0.142942	0.092302	41.548622
15.9000	-0.134985	0.079824	41.363194
15.9100	-0.127875	0.076575	41.213417
15.9200	-0.120954	0.071740	41.055630
15.9300	-0.115878	0.069819	40.875141
15.9400	-0.119995	0.067979	40.712769
15.9500	-0.121634	0.068697	40.583923
15.9600	-0.120101	0.062854	40.440170
15.9700	-0.123371	0.058352	40.304195
15.9800	-0.133334	0.064194	40.124931
15.9900	-0.127571	0.064486	39.930996
16.0000	-0.121675	0.064505	39.740627
16.0100	-0.114862	0.063338	39.512577
16.0200	-0.107535	0.071277	39.341988
16.0300	-0.118208	0.078766	39.170631
16.0400	-0.137058	0.079157	39.003635
16.0500	-0.138248	0.065885	38.809788
16.0600	-0.136678	0.060629	38.652493
16.0700	-0.137264	0.067746	38.494755
16.0800	-0.138538	0.065035	38.286041
16.0900	-0.140642	0.066407	38.079334
16.1000	-0.135151	0.065273	37.843845
16.1100	-0.131998	0.071409	37.584415
16.1200	-0.119662	0.064052	37.313564
16.1300	-0.116270	0.050148	37.109730
16.1400	-0.106953	0.049044	36.867222
16.1500	-0.115948	0.042550	36.681854
16.1600	-0.126894	0.039523	36.434135
16.1700	-0.124328	0.036998	36.163738
16.1800	-0.110194	0.043514	35.848812
16.1900	-0.098716	0.045876	35.577534
16.2000	-0.084925	0.036505	35.302490
16.2100	-0.073057	0.036809	35.105705
16.2200	-0.074676	0.044911	34.953480
16.2300	-0.084169	0.054523	34.820175
16.2400	-0.085983	0.054601	34.720154
16.2500	-0.082115	0.055198	34.621231
16.2600	-0.075068	0.053652	34.513531
16.2700	-0.067881	0.052915	34.417854
16.2800	-0.073022	0.050720	34.299435
16.2900	-0.075438	0.057018	34.197334
16.3000	-0.070282	0.051056	34.091297
16.3100	-0.061327	0.060879	33.979893
16.3200	-0.063084	0.063109	33.891926
16.3300	-0.070259	0.069447	33.782497
16.3400	-0.060997	0.071099	33.674374
16.3500	-0.057192	0.071003	33.565472
16.3600	-0.059013	0.070489	33.456310
16.3700	-0.065855	0.072780	33.370060
16.3800	-0.058581	0.064444	33.272469
16.3900	-0.059552	0.066020	33.184879
16.4000	-0.059469	0.060192	33.104923
16.4100	-0.064306	0.054960	33.020725
16.4200	-0.073192	0.051654	32.948097
16.4300	-0.085343	0.049232	32.846508
16.4400	-0.094634	0.041052	32.749184
16.4500	-0.099634	0.040083	32.659439
16.4600	-0.109525	0.045776	32.582119
16.4700	-0.107214	0.047328	32.511070
16.4800	-0.110934	0.042930	32.450134
16.4900	-0.106442	0.044167	32.385708
16.5000	-0.102060	0.042736	32.340645
16.5100	-0.107882	0.042329	32.291561
16.5200	-0.103158	0.036786	32.252029
16.5300	-0.106408	0.039609	32.193012
16.5400	-0.108365	0.031808	32.143612
16.5500	-0.107946	0.026418	32.091553
16.5600	-0.107459	0.022780	32.047646
16.5700	-0.107559	0.032504	32.000492
16.5800	-0.107126	0.031902	31.947851
16.5900	-0.107833	0.025013	31.895678
16.6000	-0.111658	0.016912	31.853048
16.6100	-0.114152	0.005994	31.813972
16.6200	-0.121392	0.005573	31.755878
16.6300	-0.123061	0.004488	31.702368
16.6400	-0.123005	0.000909	31.651550
16.6500	-0.118144	-0.003486	31.608271
16.6600	-0.125484	-0.006021	31.562710
16.6700	-0.116894	0.001438	31.522921
16.6800	-0.112537	0.001204	31.479174
16.6900	-0.108244	0.012105	31.441225
16.7000	-0.103996	0.011582	31.389128
16.7100	-0.101702	0.015733	31.339817
16.7200	-0.113644	0.012929	31.304987
16.7300	-0.117188	0.020904	31.269773
16.7400	-0.113354	0.015345	31.226717
16.7500	-0.111496	0.019658	31.194511
16.7600	-0.110402	0.019782	31.150034
16.7700	-0.112109	0.027505	31.118839
16.7800	-0.113869	0.025707	31.078255
16.7900	-0.124422	0.024202	31.036539
16.8000	-0.125083	0.028370	30.994879
16.8100	-0.120856	0.015364	30.950203
16.8200	-0.113982	0.017017	30.908924
16.8300	-0.114192	0.017545	30.858627
16.8400	-0.110575	0.017193	30.803925
16.8500	-0.109792	0.015635	30.760080
16.8600	-0.113877	0.005676	30.726801
16.8700	-0.116630	0.007752	30.698790
16.8800	-0.118014	0.011200	30.666641
16.8900	-0.118612	0.009736	30.638102
16.9000	-0.118291	0.010343	30.598902
16.9100	-0.117172	0.012829	30.564137
16.9200	-0.124158	0.020321	30.528559
16.9300	-0.119356	0.025426	30.487236
16.9400	-0.118538	0.023543	30.446308
16.9500	-0.119127	0.034069	30.407412
16.9600	-0.122503	0.038570	30.376013
16.9700	-0.122451	0.040242	30.339762
16.9800	-0.123577	0.038781	30.301506
16.9900	-0.123836	0.040024	30.255276
17.0000	-0.122303	0.043846	30.228270
17.0100	-0.122918	0.041401	30.186796
17.0200	-0.124433	0.035024	30.152002
17.0300	-0.128878	0.035846	30.109308
17.0400	-0.129139	0.041395	30.072079
17.0500	-0.135544	0.050625	30.039391
17.0600	-0.133597	0.049100	29.997700
17.0700	-0.130733	0.056424	29.969131
17.0800	-0.129309	0.051726	29.934816
17.0900	-0.125551	0.045798	29.899071
17.1000	-0.129190	0.034311	29.862724
17.1100	-0.136355	0.026740	29.824318
17.1200	-0.137324	0.027694	29.786232
17.1300	-0.140125	0.020237	29.753092
17.1400	-0.145195	0.018529	29.724140
17.1500	-0.142610	0.023743	29.679186
17.1600	-0.133542	0.022301	29.633636
17.1700	-0.131637	0.020766	29.612076
17.1800	-0.134619	0.023514	29.576424
17.1900	-0.137126	0.032227	29.547293
17.2000	-0.141298	0.027326	29.522936
17.2100	-0.143701	0.026652	29.480576
17.2200	-0.149032	0.029447	29.455061
17.2300	-0.149768	0.031093	29.425753
17.2400	-0.149358	0.028375	29.385904
17.2500	-0.143708	0.021009	29.375032
17.2600	-0.145928	0.013619	29.348494
17.2700	-0.145096	0.011211	29.329239
17.2800	-0.141870	0.002594	29.294281
17.2900	-0.132629	0.006193	29.272425
17.3000	-0.140385	0.006922	29.259554
17.3100	-0.139709	0.007935	29.225719
17.3200	-0.141953	0.011282	29.209539
17.3300	-0.135579	0.023261	29.174364
17.3400	-0.133999	0.023724	29.144672
17.3500	-0.135877	0.017361	29.125959
17.3600	-0.136089	0.014702	29.106318
17.3700	-0.137004	0.007967	29.093847
17.3800	-0.131027	0.010483	29.063089
17.3900	-0.121284	0.010249	29.031271
17.4000	-0.112600	-0.000960	28.999466
17.4100	-0.115358	-0.005298	28.970467
17.4200	-0.114978	-0.005409	28.957394
17.4300	-0.115291	-0.008860	28.930290
17.4400	-0.111998	-0.011946	28.904179
17.4500	-0.106082	-0.006981	28.881929
17.4600	-0.104111	-0.016324	28.860817
17.4700	-0.108766	-0.018880	28.850159
17.4800	-0.114486	-0.016333	28.831232
17.4900	-0.112246	-0.017079	28.806210
17.5000	-0.107529	-0.011372	28.787745
17.5100	-0.115802	-0.013845	28.772745
17.5200	-0.127112	-0.015031	28.767345
17.5300	-0.131805	-0.027188	28.747757
17.5400	-0.126916	-0.026105	28.733294
17.5500	-0.130110	-0.033822	28.717878
17.5600	-0.127523	-0.032364	28.711256
17.5700	-0.125227	-0.019935	28.693422
17.5800	-0.130606	-0.018818	28.672235
17.5900	-0.139143	-0.014161	28.651999
17.6000	-0.137663	-0.012483	28.642179
17.6100	-0.137547	-0.014645	28.608194
17.6200	-0.136338	-0.011962	28.597155
17.6300	-0.129423	-0.009284	28.582634
17.6400	-0.121316	-0.016461	28.554054
17.6500	-0.112179	-0.011936	28.529650
17.6600	-0.112433	-0.008384	28.526047
17.6700	-0.118408	-0.005695	28.513174
17.6800	-0.111131	-0.006893	28.492819
17.6900	-0.106686	0.002249	28.454727
17.7000	-0.111864	0.005694	28.431128
17.7100	-0.110383	0.011139	28.421841
17.7200	-0.106702	0.008483	28.413465
17.7300	-0.095569	-0.001900	28.388487
17.7400	-0.105238	0.005206	28.378767
17.7500	-0.105476	0.005049	28.373373
17.7600	-0.108095	-0.004237	28.346285
17.7700	-0.110262	-0.006474	28.335665
17.7800	-0.109584	-0.001551	28.319035
17.7900	-0.104114	0.004742	28.293509
17.8000	-0.101456	0.001394	28.271017
17.8100	-0.104442	0.009875	28.249214
17.8200	-0.109263	0.011481	28.234007
17.8300	-0.108907	0.008459	28.213390
17.8400	-0.104422	0.009750	28.189827
17.8500	-0.112439	0.019446	28.175257
17.8600	-0.117191	0.014764	28.162785
17.8700	-0.117730	0.009604	28.157572
17.8800	-0.114560	0.005754	28.134651
17.8900	-0.114986	-0.001293	28.107193
17.9000	-0.119734	0.002542	28.086710
17.9100	-0.116768	0.000005	28.076834
17.9200	-0.110916	0.009026	28.063143
17.9300	-0.110838	0.015283	28.047886
17.9400	-0.108525	0.015150	28.034983
17.9500	-0.106294	0.023095	28.020475
17.9600	-0.107819	0.034151	27.992023
17.9700	-0.107829	0.036194	27.983660
17.9800	-0.106993	0.030481	27.960005
17.9900	-0.111582	0.034714	27.936403
18.0000	-0.108527	0.038433	27.921188
18.0100	-0.108772	0.044119	27.915623
18.0200	-0.108620	0.046471	27.902884
18.0300	-0.105225	0.052650	27.882053
18.0400	-0.110202	0.054629	27.862082
18.0500	-0.109680	0.051250	27.853397
18.0600	-0.111162	0.046353	27.845175
18.0700	-0.104334	0.041632	27.827724
18.0800	-0.100447	0.046189	27.804878
18.0900	-0.106570	0.050225	27.774792
18.1000	-0.103784	0.049562	27.765617
18.1100	-0.105222	0.047391	27.748365
18.1200	-0.101776	0.057333	27.735546
18.1300	-0.099977	0.069931	27.716082
18.1400	-0.104246	0.060405	27.696884
18.1500	-0.100755	0.056992	27.677835
18.1600	-0.093980	0.058441	27.670559
18.1700	-0.095689	0.059623	27.674191
18.1800	-0.095796	0.065931	27.675758
18.1900	-0.095074	0.079419	27.663473
18.2000	-0.095418	0.083390	27.650738
18.2100	-0.096627	0.085838	27.640833
18.2200	-0.092786	0.074921	27.638994
18.2300	-0.090025	0.070090	27.629358
18.2400	-0.091468	0.071318	27.604588
18.2500	-0.090221	0.078470	27.585434
18.2600	-0.088367	0.079953	27.576353
18.2700	-0.086851	0.081279	27.567017
18.2800	-0.080079	0.082772	27.543760
18.2900	-0.079161	0.089100	27.509232
18.3000	-0.089023	0.092647	27.496485
18.3100	-0.093502	0.098546	27.490080
18.3200	-0.090665	0.104947	27.488647
18.3300	-0.093959	0.105944	27.478264
18.3400	-0.096430	0.106445	27.456650
18.3500	-0.088522	0.104290	27.443434
18.3600	-0.082256	0.098598	27.434725
18.3700	-0.086145	0.096313	27.421064
18.3800	-0.088511	0.095665	27.412764
18.3900	-0.086811	0.100600	27.399149
18.4000	-0.088838	0.096057	27.397867
18.4100	-0.086967	0.094811	27.387466
18.4200	-0.089329	0.087569	27.383524
18.4300	-0.086789	0.074765	27.364534
18.4400	-0.091488	0.075960	27.358440
18.4500	-0.093132	0.083940	27.346766
18.4600	-0.098753	0.082499	27.332731
18.4700	-0.099853	0.078220	27.321787
18.4800	-0.103044	0.078669	27.316601
18.4900	-0.103359	0.081387	27.301451
18.5000	-0.099969	0.076220	27.290083
18.5100	-0.095420	0.072151	27.285639
18.5200	-0.090260	0.075767	27.277706
18.5300	-0.078306	0.081122	27.261976
18.5400	-0.077566	0.081987	27.252312
18.5500	-0.080586	0.078301	27.242701
18.5600	-0.081821	0.079325	27.227180
18.5700	-0.079641	0.080859	27.223072
18.5800	-0.075506	0.080167	27.229795
18.5900	-0.078003	0.084983	27.212034
18.6000	-0.073321	0.080857	27.202377
18.6100	-0.077186	0.085018	27.193043
18.6200	-0.083247	0.085352	27.187426
18.6300	-0.097789	0.090028	27.175621
18.6400	-0.090510	0.092747	27.165556
18.6500	-0.093471	0.094164	27.165518
18.6600	-0.100604	0.094004	27.170523
18.6700	-0.106294	0.084127	27.167986
18.6800	-0.106210	0.085407	27.156040
18.6900	-0.090059	0.091830	27.154806
18.7000	-0.089085	0.092463	27.150826
18.7100	-0.096979	0.098963	27.146477
18.7200	-0.094257	0.101485	27.128836
18.7300	-0.093174	0.105456	27.116985
18.7400	-0.097577	0.103834	27.111643
18.7500	-0.102069	0.099410	27.104637
18.7600	-0.113067	0.100126	27.093567
18.7700	-0.119222	0.100069	27.087286
18.7800	-0.127451	0.103730	27.081402
18.7900	-0.130847	0.097983	27.071560
18.8000	-0.134021	0.092906	27.062130
18.8100	-0.133880	0.092063	27.055931
18.8200	-0.130659	0.089710	27.060246
18.8300	-0.135048	0.092507	27.056665
18.8400	-0.142227	0.091337	27.045677
18.8500	-0.135439	0.089644	27.031803
18.8600	-0.138705	0.080117	27.017929
18.8700	-0.129218	0.076572	27.017361
18.8800	-0.132857	0.077765	26.996046
18.8900	-0.129904	0.072118	26.975859
18.9000	-0.133551	0.069701	26.964188
18.9100	-0.137536	0.075776	26.960793
18.9200	-0.137929	0.075745	26.954058
18.9300	-0.140536	0.074669	26.959967
18.9400	-0.140505	0.080393	26.943241
18.9500	-0.138067	0.079966	26.932747
18.9600	-0.146060	0.076285	26.929436
18.9700	-0.148547	0.081731	26.921480
18.9800	-0.144469	0.089820	26.903032
18.9900	-0.149814	0.087993	26.888386
19.0000	-0.156438	0.078504	26.893112
19.0100	-0.150205	0.080447	26.889385
19.0200	-0.160790	0.087691	26.882166
19.0300	-0.159605	0.081841	26.882296
19.0400	-0.162752	0.086388	26.869936
19.0500	-0.163851	0.087564	26.862921
19.0600	-0.163780	0.090120	26.842228
19.0700	-0.163485	0.089526	26.832764
19.0800	-0.159259	0.087299	26.820709
19.0900	-0.154658	0.095258	26.819246
19.1000	-0.154918	0.084494	26.808462
19.1100	-0.157536	0.091002	26.792631
19.1200	-0.151159	0.091857	26.796881
19.1300	-0.149679	0.090073	26.802725
19.1400	-0.155988	0.081804	26.782566
19.1500	-0.158208	0.077802	26.778492
19.1600	-0.153273	0.071077	26.773176
19.1700	-0.157126	0.074781	26.773001
19.1800	-0.151124	0.073607	26.766550
19.1900	-0.146368	0.070205	26.751987
19.2000	-0.149618	0.070885	26.736048
19.2100	-0.158546	0.079777	26.728939
19.2200	-0.164076	0.078321	26.730894
19.2300	-0.165730	0.072562	26.721130
19.2400	-0.159316	0.069184	26.710751
19.2500	-0.158000	0.072790	26.697193
19.2600	-0.160448	0.067322	26.703691
19.2700	-0.160651	0.061994	26.719900
19.2800	-0.157730	0.064579	26.722912
19.2900	-0.154379	0.048512	26.724817
19.3000	-0.151910	0.047870	26.722227
19.3100	-0.154718	0.052634	26.708845
19.3200	-0.156193	0.051089	26.716949
19.3300	-0.156164	0.054806	26.707958
19.3400	-0.159450	0.066310	26.705969
19.3500	-0.160825	0.066284	26.714441
19.3600	-0.166586	0.068397	26.703751
19.3700	-0.169932	0.073153	26.707287
19.3800	-0.177617	0.077265	26.707006
19.3900	-0.169469	0.077475	26.705801
19.4000	-0.171294	0.077740	26.707569
19.4100	-0.166354	0.070538	26.695736
19.4200	-0.168185	0.073656	26.692781
19.4300	-0.165796	0.077181	26.687729
19.4400	-0.165581	0.077511	26.683123
19.4500	-0.163871	0.073228	26.685268
19.4600	-0.154644	0.066488	26.688787
19.4700	-0.158196	0.065439	26.687344
19.4800	-0.159092	0.067462	26.674286
19.4900	-0.160033	0.062851	26.668926
19.5000	-0.164342	0.070141	26.665911
19.5100	-0.158704	0.073586	26.663654
19.5200	-0.159512	0.069346	26.660093
19.5300	-0.159004	0.069953	26.667105
19.5400	-0.155727	0.077448	26.659845
19.5500	-0.152512	0.073255	26.658459
19.5600	-0.149402	0.078127	26.650982
19.5700	-0.152340	0.081851	26.641712
19.5800	-0.147802	0.087551	26.642683
19.5900	-0.145888	0.089328	26.637716
19.6000	-0.146173	0.089491	26.622604
19.6100	-0.147312	0.101626	26.609390
19.6200	-0.147255	0.108558	26.616621
19.6300	-0.148955	0.107084	26.620483
19.6400	-0.147796	0.106556	26.621908
19.6500	-0.162032	0.107103	26.624256
19.6600	-0.165774	0.111090	26.614426
19.6700	-0.166854	0.118094	26.618662
19.6800	-0.169548	0.121642	26.607763
19.6900	-0.165459	0.117373	26.593599
19.7000	-0.158852	0.118201	26.600395
19.7100	-0.149492	0.118583	26.595762
19.7200	-0.143910	0.116579	26.603861
19.7300	-0.142286	0.114113	26.595779
19.7400	-0.142484	0.118436	26.598614
19.7500	-0.138243	0.121224	26.595533
19.7600	-0.143446	0.120664	26.588041
19.7700	-0.146783	0.116298	26.583633
19.7800	-0.145967	0.113278	26.575218
19.7900	-0.153885	0.116045	26.570166
19.8000	-0.152732	0.108619	26.563326
19.8100	-0.157053	0.106904	26.541441
19.8200	-0.162695	0.110714	26.530418
19.8300	-0.164054	0.103580	26.525309
19.8400	-0.162534	0.103370	26.516451
19.8500	-0.161736	0.087501	26.521467
19.8600	-0.161188	0.091716	26.517109
19.8700	-0.164509	0.089537	26.517082
19.8800	-0.173502	0.089290	26.525553
19.8900	-0.178253	0.082936	26.518959
19.9000	-0.185143	0.077156	26.511772
19.9100	-0.184992	0.075298	26.508373
19.9200	-0.186269	0.080084	26.523003
19.9300	-0.188832	0.081424	26.521103
19.9400	-0.189441	0.080338	26.517487
19.9500	-0.182310	0.080039	26.511032
19.9600	-0.184444	0.076839	26.507156
19.9700	-0.183964	0.073917	26.509623
19.9800	-0.185006	0.082367	26.511215
19.9900	-0.189891	0.074668	26.504786
20.0000	-0.187120	0.084504	26.503397
20.0100	-0.182890	0.084868	26.493752
20.0200	-0.177173	0.076623	26.500410
20.0300	-0.181752	0.074083	26.501625
20.0400	-0.189841	0.083807	26.488127
20.0500	-0.188555	0.083655	26.485033
20.0600	-0.195655	0.084510	26.480394
20.0700	-0.210519	0.080780	26.489794
20.0800	-0.218419	0.074201	26.478460
20.0900	-0.227468	0.072449	26.466131
